<?xml version="1.0" ?>
<!DOCTYPE coverage SYSTEM "http://cobertura.sourceforge.net/xml/coverage-04.dtd">
<coverage lines-valid="5967"  lines-covered="5701"  line-rate="0.9554"  branches-valid="2774"  branches-covered="2503"  branch-rate="0.9023"  timestamp="1774001251363" complexity="0" version="0.1">
<sources>
	<source>/home/runner/work/core/core</source>
</sources>
<packages>
	<package name="0.4.24"  line-rate="0.9714"  branch-rate="0.9286" >
	<classes>
		<class name="Lido.sol"  filename="contracts/0.4.24/Lido.sol"  line-rate="0.9621"  branch-rate="0.9405" >
		<methods>
			<method name="initialize"  hits="90"  signature="()V" >
				<lines><line number="270"  hits="90" /></lines>
			</method>
			<method name="finalizeUpgrade_v4"  hits="5"  signature="()V" >
				<lines><line number="288"  hits="5" /></lines>
			</method>
			<method name="_migrateStorage_v3_to_v4"  hits="3"  signature="()V" >
				<lines><line number="295"  hits="3" /></lines>
			</method>
			<method name="pauseStaking"  hits="10"  signature="()V" >
				<lines><line number="332"  hits="10" /></lines>
			</method>
			<method name="resumeStaking"  hits="18"  signature="()V" >
				<lines><line number="346"  hits="18" /></lines>
			</method>
			<method name="setStakingLimit"  hits="18"  signature="()V" >
				<lines><line number="375"  hits="18" /></lines>
			</method>
			<method name="removeStakingLimit"  hits="2"  signature="()V" >
				<lines><line number="391"  hits="2" /></lines>
			</method>
			<method name="isStakingPaused"  hits="33"  signature="()V" >
				<lines><line number="404"  hits="33" /></lines>
			</method>
			<method name="getCurrentStakeLimit"  hits="23"  signature="()V" >
				<lines><line number="414"  hits="23" /></lines>
			</method>
			<method name="getStakeLimitFullInfo"  hits="9"  signature="()V" >
				<lines><line number="429"  hits="9" /></lines>
			</method>
			<method name="getMaxExternalRatioBP"  hits="3"  signature="()V" >
				<lines><line number="458"  hits="3" /></lines>
			</method>
			<method name="setMaxExternalRatioBP"  hits="42"  signature="()V" >
				<lines><line number="466"  hits="42" /></lines>
			</method>
			<method name=""  hits="4"  signature="()V" >
				<lines><line number="480"  hits="4" /></lines>
			</method>
			<method name="submit"  hits="55"  signature="()V" >
				<lines><line number="491"  hits="55" /></lines>
			</method>
			<method name="receiveELRewards"  hits="7"  signature="()V" >
				<lines><line number="500"  hits="7" /></lines>
			</method>
			<method name="receiveWithdrawals"  hits="4"  signature="()V" >
				<lines><line number="513"  hits="4" /></lines>
			</method>
			<method name="stop"  hits="10"  signature="()V" >
				<lines><line number="522"  hits="10" /></lines>
			</method>
			<method name="resume"  hits="75"  signature="()V" >
				<lines><line number="533"  hits="75" /></lines>
			</method>
			<method name="getBufferedEther"  hits="52"  signature="()V" >
				<lines><line number="545"  hits="52" /></lines>
			</method>
			<method name="_getBufferedEtherAllocation"  hits="159"  signature="()V" >
				<lines><line number="588"  hits="159" /></lines>
			</method>
			<method name="getDepositsReserve"  hits="49"  signature="()V" >
				<lines><line number="606"  hits="49" /></lines>
			</method>
			<method name="_setDepositsReserve"  hits="46"  signature="()V" >
				<lines><line number="613"  hits="46" /></lines>
			</method>
			<method name="getWithdrawalsReserve"  hits="39"  signature="()V" >
				<lines><line number="623"  hits="39" /></lines>
			</method>
			<method name="getDepositsReserveTarget"  hits="49"  signature="()V" >
				<lines><line number="631"  hits="49" /></lines>
			</method>
			<method name="setDepositsReserveTarget"  hits="38"  signature="()V" >
				<lines><line number="643"  hits="38" /></lines>
			</method>
			<method name="getExternalEther"  hits="4"  signature="()V" >
				<lines><line number="660"  hits="4" /></lines>
			</method>
			<method name="getExternalShares"  hits="10"  signature="()V" >
				<lines><line number="667"  hits="10" /></lines>
			</method>
			<method name="getMaxMintableExternalShares"  hits="15"  signature="()V" >
				<lines><line number="674"  hits="15" /></lines>
			</method>
			<method name="getTotalELRewardsCollected"  hits="10"  signature="()V" >
				<lines><line number="683"  hits="10" /></lines>
			</method>
			<method name="getLidoLocator"  hits="85"  signature="()V" >
				<lines><line number="690"  hits="85" /></lines>
			</method>
			<method name="getBeaconStat"  hits="7"  signature="()V" >
				<lines><line number="701"  hits="7" /></lines>
			</method>
			<method name="getBalanceStats"  hits="4"  signature="()V" >
				<lines><line number="719"  hits="4" /></lines>
			</method>
			<method name="canDeposit"  hits="28"  signature="()V" >
				<lines><line number="736"  hits="28" /></lines>
			</method>
			<method name="_isOracleMainDataSubmitted"  hits="27"  signature="()V" >
				<lines><line number="745"  hits="27" /></lines>
			</method>
			<method name="getDepositableEther"  hits="51"  signature="()V" >
				<lines><line number="761"  hits="51" /></lines>
			</method>
			<method name="_getDepositableEther"  hits="71"  signature="()V" >
				<lines><line number="769"  hits="71" /></lines>
			</method>
			<method name="_spendDepositableEther"  hits="20"  signature="()V" >
				<lines><line number="777"  hits="20" /></lines>
			</method>
			<method name="withdrawDepositableEther"  hits="23"  signature="()V" >
				<lines><line number="804"  hits="23" /></lines>
			</method>
			<method name="mintShares"  hits="6"  signature="()V" >
				<lines><line number="829"  hits="6" /></lines>
			</method>
			<method name="burnShares"  hits="10"  signature="()V" >
				<lines><line number="842"  hits="10" /></lines>
			</method>
			<method name="mintExternalShares"  hits="604"  signature="()V" >
				<lines><line number="862"  hits="604" /></lines>
			</method>
			<method name="burnExternalShares"  hits="515"  signature="()V" >
				<lines><line number="884"  hits="515" /></lines>
			</method>
			<method name="rebalanceExternalEtherToInternal"  hits="15"  signature="()V" >
				<lines><line number="913"  hits="15" /></lines>
			</method>
			<method name="processClStateUpdate"  hits="3"  signature="()V" >
				<lines><line number="947"  hits="3" /></lines>
			</method>
			<method name="internalizeExternalBadDebt"  hits="0"  signature="()V" >
				<lines><line number="965"  hits="0" /></lines>
			</method>
			<method name="collectRewardsAndProcessWithdrawals"  hits="43"  signature="()V" >
				<lines><line number="1000"  hits="43" /></lines>
			</method>
			<method name="_updateBufferedEtherAllocation"  hits="41"  signature="()V" >
				<lines><line number="1053"  hits="41" /></lines>
			</method>
			<method name="emitTokenRebase"  hits="0"  signature="()V" >
				<lines><line number="1082"  hits="0" /></lines>
			</method>
			<method name="transferToVault"  hits="1"  signature="()V" >
				<lines><line number="1111"  hits="1" /></lines>
			</method>
			<method name="getWithdrawalCredentials"  hits="1"  signature="()V" >
				<lines><line number="1127"  hits="1" /></lines>
			</method>
			<method name="getTreasury"  hits="1"  signature="()V" >
				<lines><line number="1135"  hits="1" /></lines>
			</method>
			<method name="getFee"  hits="1"  signature="()V" >
				<lines><line number="1146"  hits="1" /></lines>
			</method>
			<method name="getFeeDistribution"  hits="1"  signature="()V" >
				<lines><line number="1162"  hits="1" /></lines>
			</method>
			<method name="_submit"  hits="57"  signature="()V" >
				<lines><line number="1181"  hits="57" /></lines>
			</method>
			<method name="_getInternalEther"  hits="3009"  signature="()V" >
				<lines><line number="1199"  hits="3009" /></lines>
			</method>
			<method name="_getExternalEther"  hits="9"  signature="()V" >
				<lines><line number="1209"  hits="9" /></lines>
			</method>
			<method name="_getTotalPooledEther"  hits="5"  signature="()V" >
				<lines><line number="1217"  hits="5" /></lines>
			</method>
			<method name="_getShareRateNumerator"  hits="3000"  signature="()V" >
				<lines><line number="1226"  hits="3000" /></lines>
			</method>
			<method name="_getShareRateDenominator"  hits="3000"  signature="()V" >
				<lines><line number="1231"  hits="3000" /></lines>
			</method>
			<method name="_getMaxMintableExternalShares"  hits="616"  signature="()V" >
				<lines><line number="1249"  hits="616" /></lines>
			</method>
			<method name="_pauseStaking"  hits="16"  signature="()V" >
				<lines><line number="1261"  hits="16" /></lines>
			</method>
			<method name="_resumeStaking"  hits="88"  signature="()V" >
				<lines><line number="1269"  hits="88" /></lines>
			</method>
			<method name="_getCurrentStakeLimit"  hits="32"  signature="()V" >
				<lines><line number="1277"  hits="32" /></lines>
			</method>
			<method name="_decreaseStakingLimit"  hits="655"  signature="()V" >
				<lines><line number="1289"  hits="655" /></lines>
			</method>
			<method name="_increaseStakingLimit"  hits="510"  signature="()V" >
				<lines><line number="1305"  hits="510" /></lines>
			</method>
			<method name="_auth"  hits="213"  signature="()V" >
				<lines><line number="1317"  hits="213" /></lines>
			</method>
			<method name="_auth"  hits="1224"  signature="()V" >
				<lines><line number="1322"  hits="1224" /></lines>
			</method>
			<method name="_stakingRouter"  hits="25"  signature="()V" >
				<lines><line number="1326"  hits="25" /></lines>
			</method>
			<method name="_withdrawalQueue"  hits="278"  signature="()V" >
				<lines><line number="1330"  hits="278" /></lines>
			</method>
			<method name="_withdrawalQueue"  hits="187"  signature="()V" >
				<lines><line number="1334"  hits="187" /></lines>
			</method>
			<method name="_vaultHub"  hits="1131"  signature="()V" >
				<lines><line number="1338"  hits="1131" /></lines>
			</method>
			<method name="_burner"  hits="88"  signature="()V" >
				<lines><line number="1342"  hits="88" /></lines>
			</method>
			<method name="_burner"  hits="10"  signature="()V" >
				<lines><line number="1346"  hits="10" /></lines>
			</method>
			<method name="_accounting"  hits="50"  signature="()V" >
				<lines><line number="1350"  hits="50" /></lines>
			</method>
			<method name="_accounting"  hits="8"  signature="()V" >
				<lines><line number="1354"  hits="8" /></lines>
			</method>
			<method name="_elRewardsVault"  hits="9"  signature="()V" >
				<lines><line number="1358"  hits="9" /></lines>
			</method>
			<method name="_elRewardsVault"  hits="7"  signature="()V" >
				<lines><line number="1362"  hits="7" /></lines>
			</method>
			<method name="_withdrawalVault"  hits="6"  signature="()V" >
				<lines><line number="1366"  hits="6" /></lines>
			</method>
			<method name="_withdrawalVault"  hits="4"  signature="()V" >
				<lines><line number="1370"  hits="4" /></lines>
			</method>
			<method name="_bootstrapInitialHolder"  hits="91"  signature="()V" >
				<lines><line number="1383"  hits="91" /></lines>
			</method>
			<method name="_getExternalShares"  hits="1132"  signature="()V" >
				<lines><line number="1397"  hits="1132" /></lines>
			</method>
			<method name="_setExternalShares"  hits="1119"  signature="()V" >
				<lines><line number="1401"  hits="1119" /></lines>
			</method>
			<method name="_getTotalAndExternalShares"  hits="3548"  signature="()V" >
				<lines><line number="1405"  hits="3548" /></lines>
			</method>
			<method name="_getBufferedEther"  hits="314"  signature="()V" >
				<lines><line number="1411"  hits="314" /></lines>
			</method>
			<method name="_getDepositedPostReport"  hits="21"  signature="()V" >
				<lines><line number="1415"  hits="21" /></lines>
			</method>
			<method name="_getBufferedEtherAndDepositedPostReport"  hits="3009"  signature="()V" >
				<lines><line number="1419"  hits="3009" /></lines>
			</method>
			<method name="_setBufferedEther"  hits="191"  signature="()V" >
				<lines><line number="1423"  hits="191" /></lines>
			</method>
			<method name="_setDepositedPostReport"  hits="1"  signature="()V" >
				<lines><line number="1427"  hits="1" /></lines>
			</method>
			<method name="_setBufferedEtherAndDepositedPostReport"  hits="19"  signature="()V" >
				<lines><line number="1431"  hits="19" /></lines>
			</method>
			<method name="_getSeedDepositsCount"  hits="10"  signature="()V" >
				<lines><line number="1441"  hits="10" /></lines>
			</method>
			<method name="_setSeedDepositsCount"  hits="5"  signature="()V" >
				<lines><line number="1445"  hits="5" /></lines>
			</method>
			<method name="_getClValidatorsBalanceAndClPendingBalance"  hits="3020"  signature="()V" >
				<lines><line number="1451"  hits="3020" /></lines>
			</method>
			<method name="_setClValidatorsBalanceAndClPendingBalance"  hits="3"  signature="()V" >
				<lines><line number="1455"  hits="3" /></lines>
			</method>
			<method name="_setLidoLocator"  hits="89"  signature="()V" >
				<lines><line number="1465"  hits="89" /></lines>
			</method>
			<method name="_getLidoLocator"  hits="1527"  signature="()V" >
				<lines><line number="1469"  hits="1527" /></lines>
			</method>
			<method name="_setMaxExternalRatioBP"  hits="41"  signature="()V" >
				<lines><line number="1473"  hits="41" /></lines>
			</method>
			<method name="_getMaxExternalRatioBP"  hits="619"  signature="()V" >
				<lines><line number="1481"  hits="619" /></lines>
			</method>
		</methods>
		<lines>
			<line number="271"  hits="90"  branch="false" />
			<line number="273"  hits="88"  branch="false" />
			<line number="274"  hits="88"  branch="false" />
			<line number="275"  hits="88"  branch="false" />
			<line number="277"  hits="88"  branch="false" />
			<line number="279"  hits="88"  branch="false" />
			<line number="281"  hits="88"  branch="false" />
			<line number="282"  hits="88"  branch="false" />
			<line number="289"  hits="5"  branch="true"  condition-coverage="100% (2/2)" />
			<line number="290"  hits="4"  branch="false" />
			<line number="291"  hits="3"  branch="false" />
			<line number="292"  hits="3"  branch="false" />
			<line number="298"  hits="3"  branch="true"  condition-coverage="100% (2/2)" />
			<line number="302"  hits="2"  branch="false" />
			<line number="305"  hits="2"  branch="false" />
			<line number="308"  hits="2"  branch="false" />
			<line number="310"  hits="2"  branch="false" />
			<line number="315"  hits="2"  branch="false" />
			<line number="316"  hits="2"  branch="false" />
			<line number="318"  hits="2"  branch="false" />
			<line number="319"  hits="2"  branch="false" />
			<line number="322"  hits="2"  branch="false" />
			<line number="323"  hits="2"  branch="false" />
			<line number="333"  hits="10"  branch="false" />
			<line number="334"  hits="9"  branch="true"  condition-coverage="100% (2/2)" />
			<line number="336"  hits="8"  branch="false" />
			<line number="347"  hits="18"  branch="false" />
			<line number="348"  hits="17"  branch="true"  condition-coverage="50% (1/2)" />
			<line number="349"  hits="17"  branch="false" />
			<line number="350"  hits="16"  branch="true"  condition-coverage="100% (2/2)" />
			<line number="352"  hits="15"  branch="false" />
			<line number="376"  hits="18"  branch="false" />
			<line number="378"  hits="17"  branch="true"  condition-coverage="100% (2/2)" />
			<line number="380"  hits="16"  branch="false" />
			<line number="385"  hits="16"  branch="false" />
			<line number="392"  hits="2"  branch="false" />
			<line number="394"  hits="1"  branch="false" />
			<line number="398"  hits="1"  branch="false" />
			<line number="405"  hits="33"  branch="false" />
			<line number="415"  hits="23"  branch="false" />
			<line number="442"  hits="9"  branch="false" />
			<line number="444"  hits="9"  branch="false" />
			<line number="445"  hits="9"  branch="false" />
			<line number="447"  hits="9"  branch="false" />
			<line number="449"  hits="9"  branch="false" />
			<line number="450"  hits="9"  branch="false" />
			<line number="451"  hits="9"  branch="false" />
			<line number="452"  hits="9"  branch="false" />
			<line number="459"  hits="3"  branch="false" />
			<line number="467"  hits="42"  branch="false" />
			<line number="469"  hits="41"  branch="false" />
			<line number="482"  hits="4"  branch="true"  condition-coverage="100% (2/2)" />
			<line number="483"  hits="2"  branch="false" />
			<line number="492"  hits="55"  branch="false" />
			<line number="501"  hits="7"  branch="false" />
			<line number="503"  hits="6"  branch="false" />
			<line number="505"  hits="6"  branch="false" />
			<line number="514"  hits="4"  branch="false" />
			<line number="516"  hits="3"  branch="false" />
			<line number="523"  hits="10"  branch="false" />
			<line number="525"  hits="9"  branch="false" />
			<line number="526"  hits="8"  branch="false" />
			<line number="534"  hits="75"  branch="false" />
			<line number="536"  hits="74"  branch="false" />
			<line number="537"  hits="73"  branch="false" />
			<line number="546"  hits="52"  branch="false" />
			<line number="589"  hits="159"  branch="false" />
			<line number="590"  hits="159"  branch="false" />
			<line number="592"  hits="159"  branch="false" />
			<line number="593"  hits="159"  branch="false" />
			<line number="595"  hits="159"  branch="false" />
			<line number="596"  hits="159"  branch="false" />
			<line number="598"  hits="159"  branch="false" />
			<line number="607"  hits="49"  branch="false" />
			<line number="614"  hits="46"  branch="false" />
			<line number="615"  hits="46"  branch="false" />
			<line number="624"  hits="39"  branch="false" />
			<line number="632"  hits="49"  branch="false" />
			<line number="644"  hits="38"  branch="false" />
			<line number="646"  hits="37"  branch="false" />
			<line number="647"  hits="37"  branch="false" />
			<line number="649"  hits="37"  branch="false" />
			<line number="652"  hits="37"  branch="true"  condition-coverage="100% (2/2)" />
			<line number="653"  hits="4"  branch="false" />
			<line number="661"  hits="4"  branch="false" />
			<line number="668"  hits="10"  branch="false" />
			<line number="675"  hits="15"  branch="false" />
			<line number="684"  hits="10"  branch="false" />
			<line number="691"  hits="85"  branch="false" />
			<line number="706"  hits="7"  branch="false" />
			<line number="707"  hits="7"  branch="false" />
			<line number="712"  hits="7"  branch="false" />
			<line number="728"  hits="4"  branch="false" />
			<line number="729"  hits="4"  branch="false" />
			<line number="737"  hits="28"  branch="false" />
			<line number="746"  hits="27"  branch="false" />
			<line number="748"  hits="27"  branch="false" />
			<line number="749"  hits="27"  branch="true"  condition-coverage="100% (2/2)" />
			<line number="753"  hits="19"  branch="false" />
			<line number="762"  hits="51"  branch="false" />
			<line number="770"  hits="71"  branch="false" />
			<line number="778"  hits="20"  branch="false" />
			<line number="779"  hits="20"  branch="false" />
			<line number="780"  hits="20"  branch="true"  condition-coverage="100% (2/2)" />
			<line number="784"  hits="17"  branch="false" />
			<line number="786"  hits="17"  branch="false" />
			<line number="787"  hits="17"  branch="false" />
			<line number="788"  hits="17"  branch="false" />
			<line number="790"  hits="17"  branch="false" />
			<line number="791"  hits="17"  branch="true"  condition-coverage="100% (2/2)" />
			<line number="792"  hits="10"  branch="false" />
			<line number="805"  hits="23"  branch="true"  condition-coverage="100% (2/2)" />
			<line number="806"  hits="22"  branch="false" />
			<line number="807"  hits="22"  branch="false" />
			<line number="808"  hits="21"  branch="true"  condition-coverage="100% (2/2)" />
			<line number="810"  hits="20"  branch="false" />
			<line number="812"  hits="17"  branch="true"  condition-coverage="100% (2/2)" />
			<line number="813"  hits="3"  branch="false" />
			<line number="814"  hits="3"  branch="false" />
			<line number="816"  hits="3"  branch="false" />
			<line number="820"  hits="17"  branch="false" />
			<line number="830"  hits="6"  branch="false" />
			<line number="831"  hits="5"  branch="false" />
			<line number="833"  hits="4"  branch="false" />
			<line number="834"  hits="3"  branch="false" />
			<line number="843"  hits="10"  branch="false" />
			<line number="844"  hits="9"  branch="false" />
			<line number="846"  hits="8"  branch="false" />
			<line number="847"  hits="8"  branch="false" />
			<line number="848"  hits="7"  branch="false" />
			<line number="852"  hits="7"  branch="false" />
			<line number="863"  hits="604"  branch="true"  condition-coverage="100% (2/2)" />
			<line number="864"  hits="603"  branch="false" />
			<line number="865"  hits="602"  branch="false" />
			<line number="867"  hits="601"  branch="true"  condition-coverage="100% (2/2)" />
			<line number="869"  hits="600"  branch="false" />
			<line number="871"  hits="598"  branch="false" />
			<line number="872"  hits="598"  branch="false" />
			<line number="874"  hits="596"  branch="false" />
			<line number="876"  hits="596"  branch="false" />
			<line number="885"  hits="515"  branch="true"  condition-coverage="100% (2/2)" />
			<line number="886"  hits="514"  branch="false" />
			<line number="887"  hits="513"  branch="false" />
			<line number="889"  hits="512"  branch="false" />
			<line number="891"  hits="512"  branch="true"  condition-coverage="100% (2/2)" />
			<line number="892"  hits="510"  branch="false" />
			<line number="893"  hits="510"  branch="false" />
			<line number="895"  hits="510"  branch="false" />
			<line number="896"  hits="510"  branch="false" />
			<line number="901"  hits="510"  branch="false" />
			<line number="902"  hits="510"  branch="false" />
			<line number="914"  hits="15"  branch="true"  condition-coverage="100% (2/2)" />
			<line number="915"  hits="14"  branch="false" />
			<line number="916"  hits="13"  branch="false" />
			<line number="918"  hits="13"  branch="true"  condition-coverage="100% (2/2)" />
			<line number="919"  hits="1"  branch="false" />
			<line number="922"  hits="12"  branch="false" />
			<line number="924"  hits="12"  branch="true"  condition-coverage="100% (2/2)" />
			<line number="927"  hits="11"  branch="false" />
			<line number="930"  hits="11"  branch="false" />
			<line number="935"  hits="11"  branch="false" />
			<line number="936"  hits="11"  branch="false" />
			<line number="950"  hits="3"  branch="false" />
			<line number="951"  hits="2"  branch="false" />
			<line number="954"  hits="1"  branch="false" />
			<line number="957"  hits="1"  branch="false" />
			<line number="958"  hits="1"  branch="false" />
			<line number="966"  hits="0"  branch="true"  condition-coverage="0% (0/2)" />
			<line number="967"  hits="0"  branch="false" />
			<line number="968"  hits="0"  branch="false" />
			<line number="970"  hits="0"  branch="false" />
			<line number="972"  hits="0"  branch="true"  condition-coverage="0% (0/2)" />
			<line number="982"  hits="0"  branch="false" />
			<line number="984"  hits="0"  branch="false" />
			<line number="985"  hits="0"  branch="false" />
			<line number="1010"  hits="43"  branch="false" />
			<line number="1012"  hits="42"  branch="false" />
			<line number="1013"  hits="42"  branch="false" />
			<line number="1016"  hits="41"  branch="true"  condition-coverage="100% (2/2)" />
			<line number="1017"  hits="2"  branch="false" />
			<line number="1021"  hits="41"  branch="true"  condition-coverage="100% (2/2)" />
			<line number="1022"  hits="2"  branch="false" />
			<line number="1026"  hits="41"  branch="true"  condition-coverage="100% (2/2)" />
			<line number="1027"  hits="3"  branch="false" />
			<line number="1032"  hits="41"  branch="false" />
			<line number="1037"  hits="41"  branch="false" />
			<line number="1038"  hits="41"  branch="false" />
			<line number="1040"  hits="41"  branch="false" />
			<line number="1054"  hits="41"  branch="false" />
			<line number="1055"  hits="41"  branch="false" />
			<line number="1057"  hits="41"  branch="true"  condition-coverage="100% (2/2)" />
			<line number="1058"  hits="32"  branch="false" />
			<line number="1093"  hits="0"  branch="false" />
			<line number="1095"  hits="0"  branch="false" />
			<line number="1105"  hits="0"  branch="false" />
			<line number="1116"  hits="1"  branch="false" />
			<line number="1128"  hits="1"  branch="false" />
			<line number="1136"  hits="1"  branch="false" />
			<line number="1147"  hits="1"  branch="false" />
			<line number="1167"  hits="1"  branch="false" />
			<line number="1168"  hits="1"  branch="false" />
			<line number="1169"  hits="1"  branch="false" />
			<line number="1170"  hits="1"  branch="false" />
			<line number="1173"  hits="1"  branch="false" />
			<line number="1174"  hits="1"  branch="false" />
			<line number="1175"  hits="1"  branch="false" />
			<line number="1182"  hits="57"  branch="true"  condition-coverage="100% (2/2)" />
			<line number="1184"  hits="55"  branch="false" />
			<line number="1186"  hits="51"  branch="false" />
			<line number="1188"  hits="51"  branch="false" />
			<line number="1190"  hits="51"  branch="false" />
			<line number="1191"  hits="51"  branch="false" />
			<line number="1193"  hits="51"  branch="false" />
			<line number="1194"  hits="51"  branch="false" />
			<line number="1200"  hits="3009"  branch="false" />
			<line number="1201"  hits="3009"  branch="false" />
			<line number="1205"  hits="3009"  branch="false" />
			<line number="1210"  hits="9"  branch="false" />
			<line number="1211"  hits="9"  branch="false" />
			<line number="1212"  hits="9"  branch="false" />
			<line number="1218"  hits="5"  branch="false" />
			<line number="1219"  hits="5"  branch="false" />
			<line number="1227"  hits="3000"  branch="false" />
			<line number="1232"  hits="3000"  branch="false" />
			<line number="1233"  hits="3000"  branch="false" />
			<line number="1234"  hits="3000"  branch="false" />
			<line number="1250"  hits="616"  branch="false" />
			<line number="1251"  hits="616"  branch="true"  condition-coverage="100% (2/2)" />
			<line number="1252"  hits="615"  branch="true"  condition-coverage="100% (2/2)" />
			<line number="1254"  hits="539"  branch="false" />
			<line number="1256"  hits="539"  branch="true"  condition-coverage="100% (2/2)" />
			<line number="1258"  hits="538"  branch="false" />
			<line number="1262"  hits="16"  branch="false" />
			<line number="1266"  hits="16"  branch="false" />
			<line number="1270"  hits="88"  branch="false" />
			<line number="1274"  hits="88"  branch="false" />
			<line number="1278"  hits="32"  branch="true"  condition-coverage="100% (2/2)" />
			<line number="1279"  hits="3"  branch="false" />
			<line number="1281"  hits="29"  branch="true"  condition-coverage="100% (2/2)" />
			<line number="1282"  hits="2"  branch="false" />
			<line number="1285"  hits="27"  branch="false" />
			<line number="1290"  hits="655"  branch="false" />
			<line number="1293"  hits="655"  branch="true"  condition-coverage="100% (2/2)" />
			<line number="1295"  hits="652"  branch="true"  condition-coverage="100% (2/2)" />
			<line number="1296"  hits="511"  branch="false" />
			<line number="1297"  hits="511"  branch="true"  condition-coverage="100% (2/2)" />
			<line number="1299"  hits="508"  branch="false" />
			<line number="1306"  hits="510"  branch="false" />
			<line number="1308"  hits="510"  branch="true"  condition-coverage="100% (2/2)" />
			<line number="1309"  hits="502"  branch="false" />
			<line number="1311"  hits="502"  branch="false" />
			<line number="1318"  hits="213"  branch="true"  condition-coverage="100% (2/2)" />
			<line number="1323"  hits="1224"  branch="true"  condition-coverage="100% (2/2)" />
			<line number="1327"  hits="25"  branch="false" />
			<line number="1331"  hits="278"  branch="false" />
			<line number="1335"  hits="187"  branch="false" />
			<line number="1339"  hits="1131"  branch="false" />
			<line number="1343"  hits="88"  branch="false" />
			<line number="1347"  hits="10"  branch="false" />
			<line number="1351"  hits="50"  branch="false" />
			<line number="1355"  hits="8"  branch="false" />
			<line number="1359"  hits="9"  branch="false" />
			<line number="1363"  hits="7"  branch="false" />
			<line number="1367"  hits="6"  branch="false" />
			<line number="1371"  hits="4"  branch="false" />
			<line number="1384"  hits="91"  branch="false" />
			<line number="1385"  hits="91"  branch="false" />
			<line number="1387"  hits="89"  branch="true"  condition-coverage="100% (2/2)" />
			<line number="1390"  hits="88"  branch="false" />
			<line number="1392"  hits="88"  branch="false" />
			<line number="1393"  hits="88"  branch="false" />
			<line number="1398"  hits="1132"  branch="false" />
			<line number="1402"  hits="1119"  branch="false" />
			<line number="1406"  hits="3548"  branch="false" />
			<line number="1412"  hits="314"  branch="false" />
			<line number="1416"  hits="21"  branch="false" />
			<line number="1420"  hits="3009"  branch="false" />
			<line number="1424"  hits="191"  branch="false" />
			<line number="1428"  hits="1"  branch="false" />
			<line number="1434"  hits="19"  branch="false" />
			<line number="1442"  hits="10"  branch="false" />
			<line number="1446"  hits="5"  branch="false" />
			<line number="1452"  hits="3020"  branch="false" />
			<line number="1458"  hits="3"  branch="false" />
			<line number="1466"  hits="89"  branch="false" />
			<line number="1470"  hits="1527"  branch="false" />
			<line number="1474"  hits="41"  branch="true"  condition-coverage="100% (2/2)" />
			<line number="1476"  hits="40"  branch="false" />
			<line number="1478"  hits="40"  branch="false" />
			<line number="1482"  hits="619"  branch="false" />
		</lines>
		</class>
		<class name="StETH.sol"  filename="contracts/0.4.24/StETH.sol"  line-rate="1"  branch-rate="0.8824" >
		<methods>
			<method name="name"  hits="3"  signature="()V" >
				<lines><line number="133"  hits="3" /></lines>
			</method>
			<method name="symbol"  hits="3"  signature="()V" >
				<lines><line number="141"  hits="3" /></lines>
			</method>
			<method name="decimals"  hits="3"  signature="()V" >
				<lines><line number="148"  hits="3" /></lines>
			</method>
			<method name="totalSupply"  hits="45"  signature="()V" >
				<lines><line number="158"  hits="45" /></lines>
			</method>
			<method name="getTotalPooledEther"  hits="15"  signature="()V" >
				<lines><line number="167"  hits="15" /></lines>
			</method>
			<method name="balanceOf"  hits="501"  signature="()V" >
				<lines><line number="177"  hits="501" /></lines>
			</method>
			<method name="transfer"  hits="144"  signature="()V" >
				<lines><line number="196"  hits="144" /></lines>
			</method>
			<method name="allowance"  hits="214"  signature="()V" >
				<lines><line number="207"  hits="214" /></lines>
			</method>
			<method name="approve"  hits="237"  signature="()V" >
				<lines><line number="226"  hits="237" /></lines>
			</method>
			<method name="transferFrom"  hits="183"  signature="()V" >
				<lines><line number="252"  hits="183" /></lines>
			</method>
			<method name="increaseAllowance"  hits="1"  signature="()V" >
				<lines><line number="270"  hits="1" /></lines>
			</method>
			<method name="decreaseAllowance"  hits="2"  signature="()V" >
				<lines><line number="288"  hits="2" /></lines>
			</method>
			<method name="getTotalShares"  hits="94"  signature="()V" >
				<lines><line number="301"  hits="94" /></lines>
			</method>
			<method name="sharesOf"  hits="67"  signature="()V" >
				<lines><line number="308"  hits="67" /></lines>
			</method>
			<method name="getSharesByPooledEth"  hits="313"  signature="()V" >
				<lines><line number="317"  hits="313" /></lines>
			</method>
			<method name="getPooledEthByShares"  hits="2255"  signature="()V" >
				<lines><line number="329"  hits="2255" /></lines>
			</method>
			<method name="getPooledEthBySharesRoundUp"  hits="1176"  signature="()V" >
				<lines><line number="342"  hits="1176" /></lines>
			</method>
			<method name="transferShares"  hits="123"  signature="()V" >
				<lines><line number="365"  hits="123" /></lines>
			</method>
			<method name="transferSharesFrom"  hits="23"  signature="()V" >
				<lines><line number="388"  hits="23" /></lines>
			</method>
			<method name="_getShareRateNumerator"  hits="744"  signature="()V" >
				<lines><line number="410"  hits="744" /></lines>
			</method>
			<method name="_getShareRateDenominator"  hits="744"  signature="()V" >
				<lines><line number="419"  hits="744" /></lines>
			</method>
			<method name="_transfer"  hits="323"  signature="()V" >
				<lines><line number="428"  hits="323" /></lines>
			</method>
			<method name="_approve"  hits="504"  signature="()V" >
				<lines><line number="446"  hits="504" /></lines>
			</method>
			<method name="_spendAllowance"  hits="206"  signature="()V" >
				<lines><line number="462"  hits="206" /></lines>
			</method>
			<method name="_getTotalShares"  hits="2080"  signature="()V" >
				<lines><line number="473"  hits="2080" /></lines>
			</method>
			<method name="_sharesOf"  hits="568"  signature="()V" >
				<lines><line number="480"  hits="568" /></lines>
			</method>
			<method name="_transferShares"  hits="469"  signature="()V" >
				<lines><line number="494"  hits="469" /></lines>
			</method>
			<method name="_mintShares"  hits="905"  signature="()V" >
				<lines><line number="518"  hits="905" /></lines>
			</method>
			<method name="_burnShares"  hits="627"  signature="()V" >
				<lines><line number="547"  hits="627" /></lines>
			</method>
			<method name="_emitTransferEvents"  hits="1201"  signature="()V" >
				<lines><line number="562"  hits="1201" /></lines>
			</method>
			<method name="_emitTransferAfterMintingShares"  hits="744"  signature="()V" >
				<lines><line number="570"  hits="744" /></lines>
			</method>
			<method name="_emitSharesBurnt"  hits="621"  signature="()V" >
				<lines><line number="577"  hits="621" /></lines>
			</method>
			<method name="_mintInitialShares"  hits="90"  signature="()V" >
				<lines><line number="586"  hits="90" /></lines>
			</method>
		</methods>
		<lines>
			<line number="134"  hits="3"  branch="false" />
			<line number="142"  hits="3"  branch="false" />
			<line number="149"  hits="3"  branch="false" />
			<line number="159"  hits="45"  branch="false" />
			<line number="168"  hits="15"  branch="false" />
			<line number="178"  hits="501"  branch="false" />
			<line number="197"  hits="144"  branch="false" />
			<line number="198"  hits="139"  branch="false" />
			<line number="208"  hits="214"  branch="false" />
			<line number="227"  hits="237"  branch="false" />
			<line number="228"  hits="235"  branch="false" />
			<line number="253"  hits="183"  branch="false" />
			<line number="254"  hits="179"  branch="false" />
			<line number="255"  hits="175"  branch="false" />
			<line number="271"  hits="1"  branch="false" />
			<line number="272"  hits="1"  branch="false" />
			<line number="289"  hits="2"  branch="false" />
			<line number="290"  hits="2"  branch="true"  condition-coverage="100% (2/2)" />
			<line number="291"  hits="1"  branch="false" />
			<line number="292"  hits="1"  branch="false" />
			<line number="302"  hits="94"  branch="false" />
			<line number="309"  hits="67"  branch="false" />
			<line number="318"  hits="313"  branch="true"  condition-coverage="50% (1/2)" />
			<line number="319"  hits="313"  branch="false" />
			<line number="330"  hits="2255"  branch="true"  condition-coverage="50% (1/2)" />
			<line number="331"  hits="2255"  branch="false" />
			<line number="343"  hits="1176"  branch="true"  condition-coverage="50% (1/2)" />
			<line number="344"  hits="1176"  branch="false" />
			<line number="345"  hits="1176"  branch="false" />
			<line number="347"  hits="1176"  branch="false" />
			<line number="366"  hits="123"  branch="false" />
			<line number="367"  hits="120"  branch="false" />
			<line number="368"  hits="120"  branch="false" />
			<line number="369"  hits="120"  branch="false" />
			<line number="391"  hits="23"  branch="false" />
			<line number="392"  hits="23"  branch="false" />
			<line number="393"  hits="23"  branch="false" />
			<line number="394"  hits="23"  branch="false" />
			<line number="395"  hits="23"  branch="false" />
			<line number="411"  hits="744"  branch="false" />
			<line number="420"  hits="744"  branch="false" />
			<line number="429"  hits="323"  branch="false" />
			<line number="430"  hits="323"  branch="false" />
			<line number="431"  hits="314"  branch="false" />
			<line number="447"  hits="504"  branch="true"  condition-coverage="100% (2/2)" />
			<line number="448"  hits="503"  branch="true"  condition-coverage="100% (2/2)" />
			<line number="450"  hits="502"  branch="false" />
			<line number="451"  hits="502"  branch="false" />
			<line number="463"  hits="206"  branch="false" />
			<line number="464"  hits="206"  branch="true"  condition-coverage="100% (2/2)" />
			<line number="465"  hits="174"  branch="true"  condition-coverage="100% (2/2)" />
			<line number="466"  hits="170"  branch="false" />
			<line number="474"  hits="2080"  branch="false" />
			<line number="481"  hits="568"  branch="false" />
			<line number="495"  hits="469"  branch="true"  condition-coverage="100% (2/2)" />
			<line number="496"  hits="468"  branch="true"  condition-coverage="100% (2/2)" />
			<line number="497"  hits="464"  branch="true"  condition-coverage="100% (2/2)" />
			<line number="498"  hits="460"  branch="false" />
			<line number="500"  hits="460"  branch="false" />
			<line number="501"  hits="460"  branch="true"  condition-coverage="100% (2/2)" />
			<line number="503"  hits="457"  branch="false" />
			<line number="504"  hits="457"  branch="false" />
			<line number="519"  hits="905"  branch="true"  condition-coverage="100% (2/2)" />
			<line number="520"  hits="902"  branch="true"  condition-coverage="100% (2/2)" />
			<line number="522"  hits="900"  branch="false" />
			<line number="523"  hits="899"  branch="true"  condition-coverage="100% (2/2)" />
			<line number="525"  hits="898"  branch="false" />
			<line number="527"  hits="898"  branch="false" />
			<line number="548"  hits="627"  branch="true"  condition-coverage="50% (1/2)" />
			<line number="550"  hits="627"  branch="false" />
			<line number="551"  hits="627"  branch="true"  condition-coverage="100% (2/2)" />
			<line number="553"  hits="626"  branch="false" />
			<line number="554"  hits="626"  branch="false" />
			<line number="556"  hits="626"  branch="false" />
			<line number="563"  hits="1201"  branch="false" />
			<line number="564"  hits="1201"  branch="false" />
			<line number="571"  hits="744"  branch="false" />
			<line number="580"  hits="621"  branch="false" />
			<line number="587"  hits="90"  branch="false" />
			<line number="588"  hits="90"  branch="false" />
		</lines>
		</class>
		<class name="StETHPermit.sol"  filename="contracts/0.4.24/StETHPermit.sol"  line-rate="1"  branch-rate="1" >
		<methods>
			<method name="permit"  hits="26"  signature="()V" >
				<lines><line number="99"  hits="26" /></lines>
			</method>
			<method name="nonces"  hits="7"  signature="()V" >
				<lines><line number="121"  hits="7" /></lines>
			</method>
			<method name="DOMAIN_SEPARATOR"  hits="2"  signature="()V" >
				<lines><line number="129"  hits="2" /></lines>
			</method>
			<method name="eip712Domain"  hits="2"  signature="()V" >
				<lines><line number="143"  hits="2" /></lines>
			</method>
			<method name="_useNonce"  hits="24"  signature="()V" >
				<lines><line number="155"  hits="24" /></lines>
			</method>
			<method name="_initializeEIP712StETH"  hits="97"  signature="()V" >
				<lines><line number="163"  hits="97" /></lines>
			</method>
			<method name="getEIP712StETH"  hits="127"  signature="()V" >
				<lines><line number="175"  hits="127" /></lines>
			</method>
		</methods>
		<lines>
			<line number="102"  hits="26"  branch="true"  condition-coverage="100% (2/2)" />
			<line number="104"  hits="24"  branch="false" />
			<line number="108"  hits="24"  branch="false" />
			<line number="110"  hits="23"  branch="true"  condition-coverage="100% (2/2)" />
			<line number="111"  hits="7"  branch="false" />
			<line number="122"  hits="7"  branch="false" />
			<line number="130"  hits="2"  branch="false" />
			<line number="149"  hits="2"  branch="false" />
			<line number="156"  hits="24"  branch="false" />
			<line number="157"  hits="24"  branch="false" />
			<line number="164"  hits="97"  branch="true"  condition-coverage="100% (2/2)" />
			<line number="165"  hits="96"  branch="true"  condition-coverage="100% (2/2)" />
			<line number="167"  hits="95"  branch="false" />
			<line number="169"  hits="95"  branch="false" />
			<line number="176"  hits="127"  branch="false" />
		</lines>
		</class>
	</classes>
	</package>
	<package name="0.4.24.lib"  line-rate="1"  branch-rate="1" >
	<classes>
		<class name="Packed64x4.sol"  filename="contracts/0.4.24/lib/Packed64x4.sol"  line-rate="1"  branch-rate="1" >
		<methods>
			<method name="get"  hits="4745"  signature="()V" >
				<lines><line number="25"  hits="4745" /></lines>
			</method>
			<method name="set"  hits="1959"  signature="()V" >
				<lines><line number="33"  hits="1959" /></lines>
			</method>
			<method name="add"  hits="697"  signature="()V" >
				<lines><line number="40"  hits="697" /></lines>
			</method>
			<method name="sub"  hits="56"  signature="()V" >
				<lines><line number="46"  hits="56" /></lines>
			</method>
		</methods>
		<lines>
			<line number="26"  hits="4745"  branch="false" />
			<line number="34"  hits="1959"  branch="true"  condition-coverage="100% (2/2)" />
			<line number="35"  hits="1957"  branch="false" />
			<line number="41"  hits="697"  branch="false" />
			<line number="47"  hits="56"  branch="false" />
		</lines>
		</class>
		<class name="SigningKeys.sol"  filename="contracts/0.4.24/lib/SigningKeys.sol"  line-rate="1"  branch-rate="1" >
		<methods>
			<method name="getKeyOffset"  hits="638"  signature="()V" >
				<lines><line number="24"  hits="638" /></lines>
			</method>
			<method name="saveKeysSigs"  hits="51"  signature="()V" >
				<lines><line number="36"  hits="51" /></lines>
			</method>
			<method name="removeKeysSigs"  hits="25"  signature="()V" >
				<lines><line number="90"  hits="25" /></lines>
			</method>
			<method name="loadKeysSigs"  hits="78"  signature="()V" >
				<lines><line number="149"  hits="78" /></lines>
			</method>
			<method name="initKeysSigsBuf"  hits="77"  signature="()V" >
				<lines><line number="176"  hits="77" /></lines>
			</method>
		</methods>
		<lines>
			<line number="25"  hits="638"  branch="false" />
			<line number="44"  hits="51"  branch="true"  condition-coverage="100% (2/2)" />
			<line number="45"  hits="48"  branch="true"  condition-coverage="100% (2/2)" />
			<line number="50"  hits="39"  branch="false" />
			<line number="51"  hits="39"  branch="false" />
			<line number="52"  hits="39"  branch="false" />
			<line number="54"  hits="39"  branch="false" />
			<line number="55"  hits="440"  branch="false" />
			<line number="56"  hits="440"  branch="false" />
			<line number="65"  hits="440"  branch="true"  condition-coverage="100% (2/2)" />
			<line number="66"  hits="436"  branch="false" />
			<line number="78"  hits="436"  branch="false" />
			<line number="80"  hits="35"  branch="false" />
			<line number="97"  hits="25"  branch="true"  condition-coverage="100% (2/2)" />
			<line number="102"  hits="22"  branch="false" />
			<line number="103"  hits="22"  branch="false" />
			<line number="104"  hits="22"  branch="false" />
			<line number="105"  hits="22"  branch="false" />
			<line number="107"  hits="22"  branch="false" />
			<line number="108"  hits="48"  branch="false" />
			<line number="109"  hits="48"  branch="false" />
			<line number="114"  hits="48"  branch="true"  condition-coverage="100% (2/2)" />
			<line number="115"  hits="11"  branch="false" />
			<line number="117"  hits="11"  branch="false" />
			<line number="118"  hits="11"  branch="false" />
			<line number="123"  hits="11"  branch="false" />
			<line number="126"  hits="48"  branch="false" />
			<line number="127"  hits="48"  branch="false" />
			<line number="132"  hits="48"  branch="false" />
			<line number="136"  hits="48"  branch="false" />
			<line number="138"  hits="22"  branch="false" />
			<line number="158"  hits="78"  branch="false" />
			<line number="159"  hits="78"  branch="false" />
			<line number="160"  hits="137"  branch="false" />
			<line number="161"  hits="137"  branch="false" />
			<line number="177"  hits="77"  branch="false" />
		</lines>
		</class>
		<class name="StakeLimitUtils.sol"  filename="contracts/0.4.24/lib/StakeLimitUtils.sol"  line-rate="1"  branch-rate="1" >
		<methods>
			<method name="getStorageStakeLimitStruct"  hits="1354"  signature="()V" >
				<lines><line number="66"  hits="1354" /></lines>
			</method>
			<method name="setStorageStakeLimitStruct"  hits="1134"  signature="()V" >
				<lines><line number="80"  hits="1134" /></lines>
			</method>
			<method name="calculateCurrentStakeLimit"  hits="1141"  signature="()V" >
				<lines><line number="99"  hits="1141" /></lines>
			</method>
			<method name="isStakingPaused"  hits="1237"  signature="()V" >
				<lines><line number="116"  hits="1237" /></lines>
			</method>
			<method name="isStakingLimitSet"  hits="1200"  signature="()V" >
				<lines><line number="123"  hits="1200" /></lines>
			</method>
			<method name="setStakingLimit"  hits="25"  signature="()V" >
				<lines><line number="134"  hits="25" /></lines>
			</method>
			<method name="removeStakingLimit"  hits="2"  signature="()V" >
				<lines><line number="176"  hits="2" /></lines>
			</method>
			<method name="updatePrevStakeLimit"  hits="1013"  signature="()V" >
				<lines><line number="190"  hits="1013" /></lines>
			</method>
			<method name="setStakeLimitPauseState"  hits="106"  signature="()V" >
				<lines><line number="209"  hits="106" /></lines>
			</method>
			<method name="_constGasLt"  hits="1674"  signature="()V" >
				<lines><line number="224"  hits="1674" /></lines>
			</method>
			<method name="_constGasMin"  hits="618"  signature="()V" >
				<lines><line number="236"  hits="618" /></lines>
			</method>
			<method name="_constGasMax"  hits="528"  signature="()V" >
				<lines><line number="247"  hits="528" /></lines>
			</method>
			<method name="_saturatingSub"  hits="528"  signature="()V" >
				<lines><line number="257"  hits="528" /></lines>
			</method>
		</methods>
		<lines>
			<line number="67"  hits="1354"  branch="false" />
			<line number="69"  hits="1354"  branch="false" />
			<line number="70"  hits="1354"  branch="false" />
			<line number="71"  hits="1354"  branch="false" />
			<line number="72"  hits="1354"  branch="false" />
			<line number="81"  hits="1134"  branch="false" />
			<line number="100"  hits="1141"  branch="false" />
			<line number="101"  hits="1141"  branch="true"  condition-coverage="100% (2/2)" />
			<line number="102"  hits="1133"  branch="false" />
			<line number="105"  hits="1141"  branch="false" />
			<line number="106"  hits="1141"  branch="false" />
			<line number="108"  hits="1141"  branch="false" />
			<line number="117"  hits="1237"  branch="false" />
			<line number="124"  hits="1200"  branch="false" />
			<line number="139"  hits="25"  branch="true"  condition-coverage="100% (2/2)" />
			<line number="140"  hits="24"  branch="true"  condition-coverage="100% (2/2)" />
			<line number="141"  hits="23"  branch="true"  condition-coverage="100% (2/2)" />
			<line number="142"  hits="22"  branch="true"  condition-coverage="100% (2/2)" />
			<line number="149"  hits="21"  branch="true"  condition-coverage="100% (2/2)" />
			<line number="157"  hits="19"  branch="false" />
			<line number="159"  hits="21"  branch="false" />
			<line number="162"  hits="21"  branch="false" />
			<line number="164"  hits="21"  branch="true"  condition-coverage="100% (2/2)" />
			<line number="165"  hits="18"  branch="false" />
			<line number="168"  hits="21"  branch="false" />
			<line number="179"  hits="2"  branch="false" />
			<line number="181"  hits="2"  branch="false" />
			<line number="194"  hits="1013"  branch="false" />
			<line number="195"  hits="1012"  branch="false" />
			<line number="197"  hits="1011"  branch="false" />
			<line number="198"  hits="1011"  branch="false" />
			<line number="200"  hits="1011"  branch="false" />
			<line number="213"  hits="106"  branch="false" />
			<line number="215"  hits="106"  branch="false" />
			<line number="225"  hits="1674"  branch="false" />
			<line number="237"  hits="618"  branch="false" />
			<line number="238"  hits="618"  branch="false" />
			<line number="248"  hits="528"  branch="false" />
			<line number="249"  hits="528"  branch="false" />
			<line number="258"  hits="528"  branch="false" />
			<line number="259"  hits="528"  branch="false" />
		</lines>
		</class>
	</classes>
	</package>
	<package name="0.4.24.nos"  line-rate="1"  branch-rate="0.9804" >
	<classes>
		<class name="NodeOperatorsRegistry.sol"  filename="contracts/0.4.24/nos/NodeOperatorsRegistry.sol"  line-rate="1"  branch-rate="0.9804" >
		<methods>
			<method name="initialize"  hits="19"  signature="()V" >
				<lines><line number="223"  hits="19" /></lines>
			</method>
			<method name="_initialize_v2"  hits="19"  signature="()V" >
				<lines><line number="236"  hits="19" /></lines>
			</method>
			<method name="_initialize_v3"  hits="18"  signature="()V" >
				<lines><line number="247"  hits="18" /></lines>
			</method>
			<method name="_initialize_v4"  hits="21"  signature="()V" >
				<lines><line number="252"  hits="21" /></lines>
			</method>
			<method name="finalizeUpgrade_v4"  hits="5"  signature="()V" >
				<lines><line number="270"  hits="5" /></lines>
			</method>
			<method name="addNodeOperator"  hits="394"  signature="()V" >
				<lines><line number="283"  hits="394" /></lines>
			</method>
			<method name="activateNodeOperator"  hits="9"  signature="()V" >
				<lines><line number="307"  hits="9" /></lines>
			</method>
			<method name="deactivateNodeOperator"  hits="61"  signature="()V" >
				<lines><line number="323"  hits="61" /></lines>
			</method>
			<method name="setNodeOperatorName"  hits="6"  signature="()V" >
				<lines><line number="355"  hits="6" /></lines>
			</method>
			<method name="setNodeOperatorRewardAddress"  hits="6"  signature="()V" >
				<lines><line number="368"  hits="6" /></lines>
			</method>
			<method name="setNodeOperatorStakingLimit"  hits="20"  signature="()V" >
				<lines><line number="384"  hits="20" /></lines>
			</method>
			<method name="decreaseVettedSigningKeysCount"  hits="7"  signature="()V" >
				<lines><line number="396"  hits="7" /></lines>
			</method>
			<method name="_updateVettedSigningKeysCount"  hits="22"  signature="()V" >
				<lines><line number="433"  hits="22" /></lines>
			</method>
			<method name="onRewardsMinted"  hits="2"  signature="()V" >
				<lines><line number="463"  hits="2" /></lines>
			</method>
			<method name="_checkReportPayload"  hits="13"  signature="()V" >
				<lines><line number="468"  hits="13" /></lines>
			</method>
			<method name="updateExitedValidatorsCount"  hits="8"  signature="()V" >
				<lines><line number="478"  hits="8" /></lines>
			</method>
			<method name="distributeReward"  hits="7"  signature="()V" >
				<lines><line number="526"  hits="7" /></lines>
			</method>
			<method name="onExitedAndStuckValidatorsCountsUpdated"  hits="2"  signature="()V" >
				<lines><line number="539"  hits="2" /></lines>
			</method>
			<method name="unsafeUpdateValidatorsCount"  hits="6"  signature="()V" >
				<lines><line number="547"  hits="6" /></lines>
			</method>
			<method name="_updateExitedValidatorsCount"  hits="11"  signature="()V" >
				<lines><line number="558"  hits="11" /></lines>
			</method>
			<method name="updateTargetValidatorsLimits"  hits="24"  signature="()V" >
				<lines><line number="595"  hits="24" /></lines>
			</method>
			<method name="updateTargetValidatorsLimits"  hits="54"  signature="()V" >
				<lines><line number="603"  hits="54" /></lines>
			</method>
			<method name="_updateSummaryMaxValidatorsCount"  hits="284"  signature="()V" >
				<lines><line number="623"  hits="284" /></lines>
			</method>
			<method name="onWithdrawalCredentialsChanged"  hits="3"  signature="()V" >
				<lines><line number="640"  hits="3" /></lines>
			</method>
			<method name="invalidateReadyToDepositKeysRange"  hits="4"  signature="()V" >
				<lines><line number="651"  hits="4" /></lines>
			</method>
			<method name="_invalidateReadyToDepositKeysRange"  hits="4"  signature="()V" >
				<lines><line number="656"  hits="4" /></lines>
			</method>
			<method name="obtainDepositData"  hits="6"  signature="()V" >
				<lines><line number="697"  hits="6" /></lines>
			</method>
			<method name="_getNodeOperator"  hits="250"  signature="()V" >
				<lines><line number="721"  hits="250" /></lines>
			</method>
			<method name="_applyNodeOperatorLimits"  hits="284"  signature="()V" >
				<lines><line number="737"  hits="284" /></lines>
			</method>
			<method name="_getSigningKeysAllocationData"  hits="6"  signature="()V" >
				<lines><line number="774"  hits="6" /></lines>
			</method>
			<method name="_loadAllocatedSigningKeys"  hits="3"  signature="()V" >
				<lines><line number="821"  hits="3" /></lines>
			</method>
			<method name="getNodeOperator"  hits="236"  signature="()V" >
				<lines><line number="871"  hits="236" /></lines>
			</method>
			<method name="getRewardsDistribution"  hits="7"  signature="()V" >
				<lines><line number="903"  hits="7" /></lines>
			</method>
			<method name="addSigningKeys"  hits="32"  signature="()V" >
				<lines><line number="964"  hits="32" /></lines>
			</method>
			<method name="addSigningKeysOperatorBH"  hits="16"  signature="()V" >
				<lines><line number="978"  hits="16" /></lines>
			</method>
			<method name="_addSigningKeys"  hits="48"  signature="()V" >
				<lines><line number="984"  hits="48" /></lines>
			</method>
			<method name="removeSigningKey"  hits="11"  signature="()V" >
				<lines><line number="1010"  hits="11" /></lines>
			</method>
			<method name="removeSigningKeys"  hits="19"  signature="()V" >
				<lines><line number="1018"  hits="19" /></lines>
			</method>
			<method name="removeSigningKeyOperatorBH"  hits="11"  signature="()V" >
				<lines><line number="1026"  hits="11" /></lines>
			</method>
			<method name="removeSigningKeysOperatorBH"  hits="15"  signature="()V" >
				<lines><line number="1035"  hits="15" /></lines>
			</method>
			<method name="isValidatorExitingKeyReported"  hits="12"  signature="()V" >
				<lines><line number="1043"  hits="12" /></lines>
			</method>
			<method name="exitDeadlineThreshold"  hits="7"  signature="()V" >
				<lines><line number="1051"  hits="7" /></lines>
			</method>
			<method name="_exitDeadlineThreshold"  hits="22"  signature="()V" >
				<lines><line number="1055"  hits="22" /></lines>
			</method>
			<method name="exitPenaltyCutoffTimestamp"  hits="59"  signature="()V" >
				<lines><line number="1061"  hits="59" /></lines>
			</method>
			<method name="setExitDeadlineThreshold"  hits="17"  signature="()V" >
				<lines><line number="1069"  hits="17" /></lines>
			</method>
			<method name="_setExitDeadlineThreshold"  hits="37"  signature="()V" >
				<lines><line number="1074"  hits="37" /></lines>
			</method>
			<method name="onValidatorExitTriggered"  hits="2"  signature="()V" >
				<lines><line number="1099"  hits="2" /></lines>
			</method>
			<method name="isValidatorExitDelayPenaltyApplicable"  hits="7"  signature="()V" >
				<lines><line number="1115"  hits="7" /></lines>
			</method>
			<method name="reportValidatorExitDelay"  hits="11"  signature="()V" >
				<lines><line number="1136"  hits="11" /></lines>
			</method>
			<method name="_removeUnusedSigningKeys"  hits="56"  signature="()V" >
				<lines><line number="1161"  hits="56" /></lines>
			</method>
			<method name="getTotalSigningKeyCount"  hits="7"  signature="()V" >
				<lines><line number="1195"  hits="7" /></lines>
			</method>
			<method name="getUnusedSigningKeyCount"  hits="7"  signature="()V" >
				<lines><line number="1202"  hits="7" /></lines>
			</method>
			<method name="getSigningKey"  hits="55"  signature="()V" >
				<lines><line number="1215"  hits="55" /></lines>
			</method>
			<method name="getSigningKeys"  hits="66"  signature="()V" >
				<lines><line number="1232"  hits="66" /></lines>
			</method>
			<method name="getType"  hits="2"  signature="()V" >
				<lines><line number="1253"  hits="2" /></lines>
			</method>
			<method name="getStakingModuleSummary"  hits="9"  signature="()V" >
				<lines><line number="1257"  hits="9" /></lines>
			</method>
			<method name="getNodeOperatorSummary"  hits="234"  signature="()V" >
				<lines><line number="1268"  hits="234" /></lines>
			</method>
			<method name="_getNodeOperatorValidatorsSummary"  hits="233"  signature="()V" >
				<lines><line number="1295"  hits="233" /></lines>
			</method>
			<method name="isOperatorPenalized"  hits="1"  signature="()V" >
				<lines><line number="1309"  hits="1" /></lines>
			</method>
			<method name="isOperatorPenaltyCleared"  hits="1"  signature="()V" >
				<lines><line number="1316"  hits="1" /></lines>
			</method>
			<method name="getNodeOperatorsCount"  hits="1610"  signature="()V" >
				<lines><line number="1321"  hits="1610" /></lines>
			</method>
			<method name="getActiveNodeOperatorsCount"  hits="635"  signature="()V" >
				<lines><line number="1326"  hits="635" /></lines>
			</method>
			<method name="getNodeOperatorIsActive"  hits="165"  signature="()V" >
				<lines><line number="1331"  hits="165" /></lines>
			</method>
			<method name="getNodeOperatorIds"  hits="5"  signature="()V" >
				<lines><line number="1336"  hits="5" /></lines>
			</method>
			<method name="getNonce"  hits="144"  signature="()V" >
				<lines><line number="1354"  hits="144" /></lines>
			</method>
			<method name="getKeysOpIndex"  hits="103"  signature="()V" >
				<lines><line number="1367"  hits="103" /></lines>
			</method>
			<method name="_distributeRewards"  hits="5"  signature="()V" >
				<lines><line number="1373"  hits="5" /></lines>
			</method>
			<method name="getLocator"  hits="411"  signature="()V" >
				<lines><line number="1393"  hits="411" /></lines>
			</method>
			<method name="getStuckPenaltyDelay"  hits="1"  signature="()V" >
				<lines><line number="1399"  hits="1" /></lines>
			</method>
			<method name="getRewardDistributionState"  hits="12"  signature="()V" >
				<lines><line number="1405"  hits="12" /></lines>
			</method>
			<method name="_updateRewardDistributionState"  hits="36"  signature="()V" >
				<lines><line number="1410"  hits="36" /></lines>
			</method>
			<method name="_increaseValidatorsKeysNonce"  hits="201"  signature="()V" >
				<lines><line number="1415"  hits="201" /></lines>
			</method>
			<method name="_loadSummarySigningKeysStats"  hits="260"  signature="()V" >
				<lines><line number="1423"  hits="260" /></lines>
			</method>
			<method name="_saveSummarySigningKeysStats"  hits="251"  signature="()V" >
				<lines><line number="1427"  hits="251" /></lines>
			</method>
			<method name="_loadOperatorTargetValidatorsStats"  hits="817"  signature="()V" >
				<lines><line number="1431"  hits="817" /></lines>
			</method>
			<method name="_saveOperatorTargetValidatorsStats"  hits="123"  signature="()V" >
				<lines><line number="1435"  hits="123" /></lines>
			</method>
			<method name="_loadOperatorSigningKeysStats"  hits="1027"  signature="()V" >
				<lines><line number="1440"  hits="1027" /></lines>
			</method>
			<method name="_saveOperatorSigningKeysStats"  hits="118"  signature="()V" >
				<lines><line number="1444"  hits="118" /></lines>
			</method>
			<method name="_requireAuth"  hits="702"  signature="()V" >
				<lines><line number="1448"  hits="702" /></lines>
			</method>
			<method name="_requireNotSameValue"  hits="4"  signature="()V" >
				<lines><line number="1452"  hits="4" /></lines>
			</method>
			<method name="_requireValidRange"  hits="1058"  signature="()V" >
				<lines><line number="1456"  hits="1058" /></lines>
			</method>
			<method name="_onlyCorrectNodeOperatorState"  hits="84"  signature="()V" >
				<lines><line number="1460"  hits="84" /></lines>
			</method>
			<method name="_auth"  hits="585"  signature="()V" >
				<lines><line number="1464"  hits="585" /></lines>
			</method>
			<method name="_authP"  hits="19"  signature="()V" >
				<lines><line number="1468"  hits="19" /></lines>
			</method>
			<method name="_onlyNodeOperatorManager"  hits="98"  signature="()V" >
				<lines><line number="1472"  hits="98" /></lines>
			</method>
			<method name="_onlyExistedNodeOperator"  hits="824"  signature="()V" >
				<lines><line number="1478"  hits="824" /></lines>
			</method>
			<method name="_onlyValidNodeOperatorName"  hits="400"  signature="()V" >
				<lines><line number="1482"  hits="400" /></lines>
			</method>
			<method name="_onlyValidRewardAddress"  hits="398"  signature="()V" >
				<lines><line number="1486"  hits="398" /></lines>
			</method>
			<method name="_onlyNonZeroAddress"  hits="417"  signature="()V" >
				<lines><line number="1493"  hits="417" /></lines>
			</method>
		</methods>
		<lines>
			<line number="225"  hits="19"  branch="false" />
			<line number="228"  hits="18"  branch="false" />
			<line number="231"  hits="18"  branch="false" />
			<line number="233"  hits="18"  branch="false" />
			<line number="237"  hits="19"  branch="false" />
			<line number="238"  hits="18"  branch="false" />
			<line number="239"  hits="18"  branch="false" />
			<line number="241"  hits="18"  branch="false" />
			<line number="243"  hits="18"  branch="false" />
			<line number="244"  hits="18"  branch="false" />
			<line number="248"  hits="18"  branch="false" />
			<line number="249"  hits="18"  branch="false" />
			<line number="253"  hits="21"  branch="false" />
			<line number="256"  hits="21"  branch="false" />
			<line number="271"  hits="5"  branch="true"  condition-coverage="100% (2/2)" />
			<line number="272"  hits="4"  branch="false" />
			<line number="275"  hits="3"  branch="false" />
			<line number="276"  hits="3"  branch="false" />
			<line number="284"  hits="394"  branch="false" />
			<line number="285"  hits="392"  branch="false" />
			<line number="286"  hits="390"  branch="false" />
			<line number="288"  hits="389"  branch="false" />
			<line number="289"  hits="389"  branch="true"  condition-coverage="100% (2/2)" />
			<line number="291"  hits="388"  branch="false" />
			<line number="293"  hits="388"  branch="false" />
			<line number="295"  hits="388"  branch="false" />
			<line number="296"  hits="388"  branch="false" />
			<line number="298"  hits="388"  branch="false" />
			<line number="299"  hits="388"  branch="false" />
			<line number="300"  hits="388"  branch="false" />
			<line number="302"  hits="388"  branch="false" />
			<line number="308"  hits="9"  branch="false" />
			<line number="309"  hits="8"  branch="false" />
			<line number="311"  hits="7"  branch="false" />
			<line number="313"  hits="6"  branch="false" />
			<line number="315"  hits="6"  branch="false" />
			<line number="317"  hits="6"  branch="false" />
			<line number="318"  hits="6"  branch="false" />
			<line number="324"  hits="61"  branch="false" />
			<line number="325"  hits="60"  branch="false" />
			<line number="327"  hits="59"  branch="false" />
			<line number="329"  hits="58"  branch="false" />
			<line number="330"  hits="58"  branch="false" />
			<line number="332"  hits="58"  branch="false" />
			<line number="334"  hits="58"  branch="false" />
			<line number="336"  hits="58"  branch="false" />
			<line number="337"  hits="58"  branch="false" />
			<line number="338"  hits="58"  branch="false" />
			<line number="341"  hits="58"  branch="true"  condition-coverage="100% (2/2)" />
			<line number="342"  hits="30"  branch="false" />
			<line number="343"  hits="30"  branch="false" />
			<line number="345"  hits="30"  branch="false" />
			<line number="347"  hits="30"  branch="false" />
			<line number="349"  hits="58"  branch="false" />
			<line number="356"  hits="6"  branch="false" />
			<line number="357"  hits="4"  branch="false" />
			<line number="358"  hits="3"  branch="false" />
			<line number="360"  hits="2"  branch="false" />
			<line number="361"  hits="1"  branch="false" />
			<line number="362"  hits="1"  branch="false" />
			<line number="369"  hits="6"  branch="false" />
			<line number="370"  hits="4"  branch="false" />
			<line number="371"  hits="3"  branch="false" />
			<line number="373"  hits="2"  branch="false" />
			<line number="374"  hits="1"  branch="false" />
			<line number="375"  hits="1"  branch="false" />
			<line number="385"  hits="20"  branch="false" />
			<line number="386"  hits="19"  branch="false" />
			<line number="387"  hits="18"  branch="false" />
			<line number="389"  hits="17"  branch="false" />
			<line number="390"  hits="17"  branch="false" />
			<line number="400"  hits="7"  branch="false" />
			<line number="401"  hits="6"  branch="false" />
			<line number="402"  hits="6"  branch="false" />
			<line number="404"  hits="6"  branch="false" />
			<line number="405"  hits="6"  branch="false" />
			<line number="406"  hits="6"  branch="false" />
			<line number="407"  hits="6"  branch="false" />
			<line number="416"  hits="6"  branch="false" />
			<line number="420"  hits="6"  branch="false" />
			<line number="422"  hits="6"  branch="false" />
			<line number="427"  hits="6"  branch="false" />
			<line number="428"  hits="5"  branch="false" />
			<line number="430"  hits="4"  branch="false" />
			<line number="438"  hits="22"  branch="false" />
			<line number="439"  hits="22"  branch="false" />
			<line number="440"  hits="22"  branch="false" />
			<line number="441"  hits="22"  branch="false" />
			<line number="443"  hits="22"  branch="false" />
			<line number="447"  hits="22"  branch="true"  condition-coverage="100% (2/2)" />
			<line number="449"  hits="20"  branch="true"  condition-coverage="100% (2/2)" />
			<line number="454"  hits="19"  branch="false" />
			<line number="455"  hits="19"  branch="false" />
			<line number="457"  hits="19"  branch="false" />
			<line number="459"  hits="19"  branch="false" />
			<line number="464"  hits="2"  branch="false" />
			<line number="465"  hits="1"  branch="false" />
			<line number="469"  hits="13"  branch="false" />
			<line number="470"  hits="13"  branch="true"  condition-coverage="50% (1/2)" />
			<line number="484"  hits="8"  branch="false" />
			<line number="485"  hits="7"  branch="false" />
			<line number="486"  hits="7"  branch="false" />
			<line number="488"  hits="7"  branch="false" />
			<line number="489"  hits="7"  branch="false" />
			<line number="490"  hits="7"  branch="false" />
			<line number="491"  hits="7"  branch="false" />
			<line number="493"  hits="7"  branch="false" />
			<line number="497"  hits="7"  branch="false" />
			<line number="499"  hits="7"  branch="false" />
			<line number="504"  hits="7"  branch="false" />
			<line number="505"  hits="7"  branch="false" />
			<line number="507"  hits="6"  branch="false" />
			<line number="527"  hits="7"  branch="true"  condition-coverage="100% (2/2)" />
			<line number="528"  hits="5"  branch="false" />
			<line number="529"  hits="5"  branch="false" />
			<line number="540"  hits="2"  branch="false" />
			<line number="541"  hits="1"  branch="false" />
			<line number="551"  hits="6"  branch="false" />
			<line number="552"  hits="5"  branch="false" />
			<line number="554"  hits="4"  branch="false" />
			<line number="555"  hits="4"  branch="false" />
			<line number="561"  hits="11"  branch="false" />
			<line number="562"  hits="11"  branch="false" />
			<line number="563"  hits="11"  branch="true"  condition-coverage="100% (2/2)" />
			<line number="564"  hits="10"  branch="true"  condition-coverage="100% (2/2)" />
			<line number="569"  hits="9"  branch="false" />
			<line number="572"  hits="9"  branch="false" />
			<line number="574"  hits="9"  branch="false" />
			<line number="575"  hits="9"  branch="false" />
			<line number="576"  hits="9"  branch="false" />
			<line number="578"  hits="9"  branch="false" />
			<line number="579"  hits="9"  branch="false" />
			<line number="580"  hits="9"  branch="true"  condition-coverage="100% (2/2)" />
			<line number="581"  hits="8"  branch="false" />
			<line number="583"  hits="1"  branch="false" />
			<line number="585"  hits="9"  branch="false" />
			<line number="586"  hits="9"  branch="false" />
			<line number="596"  hits="24"  branch="false" />
			<line number="604"  hits="54"  branch="false" />
			<line number="605"  hits="54"  branch="false" />
			<line number="606"  hits="52"  branch="false" />
			<line number="608"  hits="50"  branch="false" />
			<line number="609"  hits="50"  branch="false" />
			<line number="610"  hits="50"  branch="true"  condition-coverage="100% (2/2)" />
			<line number="611"  hits="22"  branch="false" />
			<line number="613"  hits="50"  branch="false" />
			<line number="614"  hits="50"  branch="false" />
			<line number="616"  hits="50"  branch="false" />
			<line number="618"  hits="50"  branch="false" />
			<line number="619"  hits="50"  branch="false" />
			<line number="624"  hits="284"  branch="false" />
			<line number="626"  hits="284"  branch="true"  condition-coverage="100% (2/2)" />
			<line number="628"  hits="73"  branch="false" />
			<line number="630"  hits="73"  branch="false" />
			<line number="631"  hits="73"  branch="true"  condition-coverage="100% (2/2)" />
			<line number="632"  hits="20"  branch="false" />
			<line number="634"  hits="53"  branch="false" />
			<line number="636"  hits="73"  branch="false" />
			<line number="641"  hits="3"  branch="false" />
			<line number="642"  hits="2"  branch="false" />
			<line number="643"  hits="2"  branch="true"  condition-coverage="100% (2/2)" />
			<line number="644"  hits="1"  branch="false" />
			<line number="652"  hits="4"  branch="false" />
			<line number="653"  hits="3"  branch="false" />
			<line number="657"  hits="4"  branch="false" />
			<line number="659"  hits="3"  branch="false" />
			<line number="660"  hits="3"  branch="false" />
			<line number="661"  hits="3"  branch="false" />
			<line number="662"  hits="3"  branch="false" />
			<line number="663"  hits="3"  branch="false" />
			<line number="664"  hits="3"  branch="false" />
			<line number="665"  hits="5"  branch="false" />
			<line number="667"  hits="5"  branch="false" />
			<line number="668"  hits="5"  branch="false" />
			<line number="670"  hits="5"  branch="true"  condition-coverage="100% (2/2)" />
			<line number="671"  hits="4"  branch="false" />
			<line number="673"  hits="4"  branch="false" />
			<line number="674"  hits="4"  branch="false" />
			<line number="676"  hits="4"  branch="false" />
			<line number="677"  hits="4"  branch="false" />
			<line number="678"  hits="4"  branch="false" />
			<line number="680"  hits="4"  branch="false" />
			<line number="682"  hits="4"  branch="false" />
			<line number="683"  hits="4"  branch="false" />
			<line number="684"  hits="4"  branch="false" />
			<line number="687"  hits="3"  branch="true"  condition-coverage="100% (2/2)" />
			<line number="688"  hits="2"  branch="false" />
			<line number="701"  hits="6"  branch="false" />
			<line number="703"  hits="5"  branch="true"  condition-coverage="100% (2/2)" />
			<line number="705"  hits="4"  branch="false" />
			<line number="711"  hits="4"  branch="true"  condition-coverage="100% (2/2)" />
			<line number="713"  hits="2"  branch="false" />
			<line number="718"  hits="2"  branch="false" />
			<line number="726"  hits="250"  branch="false" />
			<line number="727"  hits="250"  branch="false" />
			<line number="729"  hits="250"  branch="false" />
			<line number="730"  hits="250"  branch="false" />
			<line number="731"  hits="250"  branch="false" />
			<line number="734"  hits="250"  branch="false" />
			<line number="741"  hits="284"  branch="false" />
			<line number="742"  hits="284"  branch="false" />
			<line number="744"  hits="284"  branch="false" />
			<line number="748"  hits="284"  branch="false" />
			<line number="750"  hits="284"  branch="true"  condition-coverage="100% (2/2)" />
			<line number="752"  hits="28"  branch="false" />
			<line number="767"  hits="284"  branch="false" />
			<line number="768"  hits="284"  branch="true"  condition-coverage="100% (2/2)" />
			<line number="769"  hits="73"  branch="false" />
			<line number="770"  hits="73"  branch="false" />
			<line number="779"  hits="6"  branch="false" />
			<line number="780"  hits="6"  branch="false" />
			<line number="781"  hits="6"  branch="false" />
			<line number="782"  hits="6"  branch="false" />
			<line number="784"  hits="6"  branch="false" />
			<line number="785"  hits="6"  branch="false" />
			<line number="786"  hits="6"  branch="false" />
			<line number="787"  hits="6"  branch="false" />
			<line number="788"  hits="6"  branch="false" />
			<line number="790"  hits="6"  branch="false" />
			<line number="791"  hits="17"  branch="false" />
			<line number="795"  hits="17"  branch="true"  condition-coverage="100% (2/2)" />
			<line number="797"  hits="6"  branch="false" />
			<line number="798"  hits="6"  branch="false" />
			<line number="799"  hits="6"  branch="false" />
			<line number="800"  hits="6"  branch="false" />
			<line number="803"  hits="6"  branch="true"  condition-coverage="100% (2/2)" />
			<line number="806"  hits="4"  branch="true"  condition-coverage="100% (2/2)" />
			<line number="807"  hits="3"  branch="false" />
			<line number="814"  hits="4"  branch="false" />
			<line number="818"  hits="4"  branch="false" />
			<line number="826"  hits="3"  branch="false" />
			<line number="828"  hits="3"  branch="false" />
			<line number="829"  hits="3"  branch="false" />
			<line number="830"  hits="3"  branch="false" />
			<line number="831"  hits="3"  branch="false" />
			<line number="832"  hits="3"  branch="false" />
			<line number="833"  hits="3"  branch="false" />
			<line number="834"  hits="5"  branch="false" />
			<line number="835"  hits="5"  branch="false" />
			<line number="836"  hits="5"  branch="false" />
			<line number="839"  hits="5"  branch="true"  condition-coverage="100% (2/2)" />
			<line number="847"  hits="4"  branch="false" />
			<line number="849"  hits="4"  branch="false" />
			<line number="850"  hits="4"  branch="false" />
			<line number="853"  hits="4"  branch="false" />
			<line number="855"  hits="4"  branch="false" />
			<line number="856"  hits="4"  branch="false" />
			<line number="857"  hits="4"  branch="false" />
			<line number="858"  hits="4"  branch="false" />
			<line number="861"  hits="3"  branch="false" />
			<line number="863"  hits="3"  branch="false" />
			<line number="864"  hits="3"  branch="false" />
			<line number="865"  hits="3"  branch="false" />
			<line number="884"  hits="236"  branch="false" />
			<line number="886"  hits="235"  branch="false" />
			<line number="888"  hits="235"  branch="false" />
			<line number="889"  hits="235"  branch="false" />
			<line number="890"  hits="235"  branch="true"  condition-coverage="100% (2/2)" />
			<line number="892"  hits="235"  branch="false" />
			<line number="894"  hits="235"  branch="false" />
			<line number="895"  hits="235"  branch="false" />
			<line number="896"  hits="235"  branch="false" />
			<line number="897"  hits="235"  branch="false" />
			<line number="908"  hits="7"  branch="false" />
			<line number="910"  hits="7"  branch="false" />
			<line number="911"  hits="7"  branch="false" />
			<line number="912"  hits="7"  branch="false" />
			<line number="913"  hits="7"  branch="false" />
			<line number="914"  hits="7"  branch="false" />
			<line number="916"  hits="7"  branch="false" />
			<line number="917"  hits="7"  branch="false" />
			<line number="918"  hits="7"  branch="false" />
			<line number="919"  hits="14"  branch="true"  condition-coverage="100% (2/2)" />
			<line number="921"  hits="13"  branch="false" />
			<line number="922"  hits="13"  branch="false" />
			<line number="923"  hits="13"  branch="false" />
			<line number="926"  hits="13"  branch="false" />
			<line number="927"  hits="13"  branch="false" />
			<line number="931"  hits="13"  branch="false" />
			<line number="933"  hits="13"  branch="false" />
			<line number="935"  hits="13"  branch="false" />
			<line number="940"  hits="13"  branch="false" />
			<line number="943"  hits="7"  branch="true"  condition-coverage="100% (2/2)" />
			<line number="945"  hits="6"  branch="false" />
			<line number="949"  hits="6"  branch="false" />
			<line number="952"  hits="6"  branch="false" />
			<line number="965"  hits="32"  branch="false" />
			<line number="981"  hits="16"  branch="false" />
			<line number="985"  hits="48"  branch="false" />
			<line number="986"  hits="46"  branch="false" />
			<line number="988"  hits="36"  branch="false" />
			<line number="990"  hits="30"  branch="false" />
			<line number="991"  hits="30"  branch="false" />
			<line number="993"  hits="30"  branch="false" />
			<line number="995"  hits="28"  branch="false" />
			<line number="998"  hits="20"  branch="false" />
			<line number="1000"  hits="20"  branch="false" />
			<line number="1001"  hits="20"  branch="false" />
			<line number="1003"  hits="20"  branch="false" />
			<line number="1011"  hits="11"  branch="false" />
			<line number="1019"  hits="19"  branch="false" />
			<line number="1027"  hits="11"  branch="false" />
			<line number="1036"  hits="15"  branch="false" />
			<line number="1044"  hits="12"  branch="false" />
			<line number="1045"  hits="12"  branch="false" />
			<line number="1052"  hits="7"  branch="false" />
			<line number="1056"  hits="22"  branch="false" />
			<line number="1062"  hits="59"  branch="false" />
			<line number="1070"  hits="17"  branch="false" />
			<line number="1071"  hits="16"  branch="false" />
			<line number="1075"  hits="37"  branch="true"  condition-coverage="100% (2/2)" />
			<line number="1078"  hits="36"  branch="true"  condition-coverage="100% (2/2)" />
			<line number="1081"  hits="34"  branch="false" />
			<line number="1082"  hits="34"  branch="true"  condition-coverage="100% (2/2)" />
			<line number="1084"  hits="32"  branch="false" />
			<line number="1085"  hits="32"  branch="false" />
			<line number="1086"  hits="32"  branch="false" />
			<line number="1087"  hits="32"  branch="false" />
			<line number="1089"  hits="32"  branch="false" />
			<line number="1105"  hits="2"  branch="false" />
			<line number="1107"  hits="1"  branch="false" />
			<line number="1122"  hits="7"  branch="true"  condition-coverage="100% (2/2)" />
			<line number="1123"  hits="1"  branch="false" />
			<line number="1125"  hits="6"  branch="false" />
			<line number="1142"  hits="11"  branch="false" />
			<line number="1143"  hits="10"  branch="true"  condition-coverage="100% (2/2)" />
			<line number="1146"  hits="9"  branch="true"  condition-coverage="50% (1/2)" />
			<line number="1148"  hits="9"  branch="true"  condition-coverage="100% (2/2)" />
			<line number="1150"  hits="8"  branch="false" />
			<line number="1152"  hits="8"  branch="true"  condition-coverage="100% (2/2)" />
[...]
				<lines><line number="38"  hits="146" /></lines>
			</method>
			<method name="_checkResumed"  hits="327"  signature="()V" >
				<lines><line number="44"  hits="327" /></lines>
			</method>
			<method name="isPaused"  hits="503"  signature="()V" >
				<lines><line number="51"  hits="503" /></lines>
			</method>
			<method name="getResumeSinceTimestamp"  hits="2"  signature="()V" >
				<lines><line number="59"  hits="2" /></lines>
			</method>
			<method name="_resume"  hits="113"  signature="()V" >
				<lines><line number="63"  hits="113" /></lines>
			</method>
			<method name="_pauseFor"  hits="123"  signature="()V" >
				<lines><line number="69"  hits="123" /></lines>
			</method>
			<method name="_pauseUntil"  hits="13"  signature="()V" >
				<lines><line number="82"  hits="13" /></lines>
			</method>
			<method name="_setPausedState"  hits="129"  signature="()V" >
				<lines><line number="95"  hits="129" /></lines>
			</method>
		</methods>
		<lines>
			<line number="28"  hits="33"  branch="false" />
			<line number="29"  hits="31"  branch="false" />
			<line number="34"  hits="125"  branch="false" />
			<line number="35"  hits="115"  branch="false" />
			<line number="39"  hits="146"  branch="true"  condition-coverage="100% (2/2)" />
			<line number="40"  hits="5"  branch="false" />
			<line number="45"  hits="327"  branch="true"  condition-coverage="100% (2/2)" />
			<line number="46"  hits="20"  branch="false" />
			<line number="52"  hits="503"  branch="false" />
			<line number="60"  hits="2"  branch="false" />
			<line number="64"  hits="113"  branch="false" />
			<line number="65"  hits="110"  branch="false" />
			<line number="66"  hits="110"  branch="false" />
			<line number="70"  hits="123"  branch="false" />
			<line number="71"  hits="119"  branch="true"  condition-coverage="100% (2/2)" />
			<line number="73"  hits="116"  branch="false" />
			<line number="74"  hits="116"  branch="true"  condition-coverage="100% (2/2)" />
			<line number="75"  hits="86"  branch="false" />
			<line number="77"  hits="30"  branch="false" />
			<line number="79"  hits="116"  branch="false" />
			<line number="83"  hits="13"  branch="false" />
			<line number="84"  hits="12"  branch="true"  condition-coverage="100% (2/2)" />
			<line number="86"  hits="10"  branch="false" />
			<line number="87"  hits="10"  branch="true"  condition-coverage="100% (2/2)" />
			<line number="88"  hits="8"  branch="false" />
			<line number="90"  hits="2"  branch="false" />
			<line number="92"  hits="10"  branch="false" />
			<line number="96"  hits="129"  branch="false" />
			<line number="97"  hits="129"  branch="true"  condition-coverage="100% (2/2)" />
			<line number="98"  hits="89"  branch="false" />
			<line number="100"  hits="40"  branch="false" />
		</lines>
		</class>
		<class name="Versioned.sol"  filename="contracts/0.8.9/utils/Versioned.sol"  line-rate="1"  branch-rate="1" >
		<methods>
			<method name="constructor"  hits="78"  signature="()V" >
				<lines><line number="28"  hits="78" /></lines>
			</method>
			<method name="getContractVersion"  hits="543"  signature="()V" >
				<lines><line number="34"  hits="543" /></lines>
			</method>
			<method name="_checkContractVersion"  hits="242"  signature="()V" >
				<lines><line number="38"  hits="242" /></lines>
			</method>
			<method name="_initializeContractVersionTo"  hits="157"  signature="()V" >
				<lines><line number="46"  hits="157" /></lines>
			</method>
			<method name="_updateContractVersion"  hits="98"  signature="()V" >
				<lines><line number="52"  hits="98" /></lines>
			</method>
			<method name="_setContractVersion"  hits="251"  signature="()V" >
				<lines><line number="57"  hits="251" /></lines>
			</method>
		</methods>
		<lines>
			<line number="30"  hits="78"  branch="false" />
			<line number="35"  hits="543"  branch="false" />
			<line number="39"  hits="242"  branch="false" />
			<line number="40"  hits="242"  branch="true"  condition-coverage="100% (2/2)" />
			<line number="41"  hits="11"  branch="false" />
			<line number="47"  hits="157"  branch="true"  condition-coverage="100% (2/2)" />
			<line number="48"  hits="156"  branch="false" />
			<line number="53"  hits="98"  branch="true"  condition-coverage="100% (2/2)" />
			<line number="54"  hits="95"  branch="false" />
			<line number="58"  hits="251"  branch="false" />
			<line number="59"  hits="251"  branch="false" />
		</lines>
		</class>
	</classes>
	</package>
	<package name="0.8.9.utils.access"  line-rate="1"  branch-rate="1" >
	<classes>
		<class name="AccessControl.sol"  filename="contracts/0.8.9/utils/access/AccessControl.sol"  line-rate="1"  branch-rate="1" >
		<methods>
			<method name="_storageRoles"  hits="5028"  signature="()V" >
				<lines><line number="62"  hits="5028" /></lines>
			</method>
			<method name="onlyRole"  hits="1503"  signature="()V" >
				<lines><line number="79"  hits="1503" /></lines>
			</method>
			<method name="supportsInterface"  hits="11"  signature="()V" >
				<lines><line number="87"  hits="11" /></lines>
			</method>
			<method name="hasRole"  hits="3109"  signature="()V" >
				<lines><line number="94"  hits="3109" /></lines>
			</method>
			<method name="_checkRole"  hits="1720"  signature="()V" >
				<lines><line number="105"  hits="1720" /></lines>
			</method>
			<method name="getRoleAdmin"  hits="835"  signature="()V" >
				<lines><line number="126"  hits="835" /></lines>
			</method>
			<method name="grantRole"  hits="826"  signature="()V" >
				<lines><line number="140"  hits="826" /></lines>
			</method>
			<method name="revokeRole"  hits="4"  signature="()V" >
				<lines><line number="153"  hits="4" /></lines>
			</method>
			<method name="renounceRole"  hits="3"  signature="()V" >
				<lines><line number="171"  hits="3" /></lines>
			</method>
			<method name="_setupRole"  hits="130"  signature="()V" >
				<lines><line number="195"  hits="130" /></lines>
			</method>
			<method name="_setRoleAdmin"  hits="1"  signature="()V" >
				<lines><line number="204"  hits="1" /></lines>
			</method>
			<method name="_grantRole"  hits="1083"  signature="()V" >
				<lines><line number="215"  hits="1083" /></lines>
			</method>
			<method name="_revokeRole"  hits="6"  signature="()V" >
				<lines><line number="227"  hits="6" /></lines>
			</method>
		</methods>
		<lines>
			<line number="63"  hits="5028"  branch="false" />
			<line number="64"  hits="5028"  branch="false" />
			<line number="80"  hits="1503"  branch="false" />
			<line number="81"  hits="1446"  branch="false" />
			<line number="88"  hits="11"  branch="true"  condition-coverage="100% (2/2)" />
			<line number="95"  hits="3109"  branch="false" />
			<line number="106"  hits="1720"  branch="true"  condition-coverage="100% (2/2)" />
			<line number="107"  hits="64"  branch="false" />
			<line number="127"  hits="835"  branch="false" />
			<line number="141"  hits="826"  branch="false" />
			<line number="154"  hits="4"  branch="false" />
			<line number="172"  hits="3"  branch="true"  condition-coverage="100% (2/2)" />
			<line number="174"  hits="2"  branch="false" />
			<line number="196"  hits="130"  branch="false" />
			<line number="205"  hits="1"  branch="false" />
			<line number="206"  hits="1"  branch="false" />
			<line number="207"  hits="1"  branch="false" />
			<line number="216"  hits="1083"  branch="true"  condition-coverage="100% (2/2)" />
			<line number="217"  hits="1080"  branch="false" />
			<line number="218"  hits="1080"  branch="false" />
			<line number="228"  hits="6"  branch="true"  condition-coverage="100% (2/2)" />
			<line number="229"  hits="3"  branch="false" />
			<line number="230"  hits="3"  branch="false" />
		</lines>
		</class>
		<class name="AccessControlEnumerable.sol"  filename="contracts/0.8.9/utils/access/AccessControlEnumerable.sol"  line-rate="1"  branch-rate="1" >
		<methods>
			<method name="_storageRoleMembers"  hits="1097"  signature="()V" >
				<lines><line number="24"  hits="1097" /></lines>
			</method>
			<method name="supportsInterface"  hits="10"  signature="()V" >
				<lines><line number="34"  hits="10" /></lines>
			</method>
			<method name="getRoleMember"  hits="3"  signature="()V" >
				<lines><line number="50"  hits="3" /></lines>
			</method>
			<method name="getRoleMemberCount"  hits="15"  signature="()V" >
				<lines><line number="58"  hits="15" /></lines>
			</method>
			<method name="_grantRole"  hits="1077"  signature="()V" >
				<lines><line number="65"  hits="1077" /></lines>
			</method>
			<method name="_revokeRole"  hits="2"  signature="()V" >
				<lines><line number="73"  hits="2" /></lines>
			</method>
		</methods>
		<lines>
			<line number="27"  hits="1097"  branch="false" />
			<line number="28"  hits="1097"  branch="false" />
			<line number="35"  hits="10"  branch="true"  condition-coverage="100% (2/2)" />
			<line number="51"  hits="3"  branch="false" />
			<line number="59"  hits="15"  branch="false" />
			<line number="66"  hits="1077"  branch="false" />
			<line number="67"  hits="1077"  branch="false" />
			<line number="74"  hits="2"  branch="false" />
			<line number="75"  hits="2"  branch="false" />
		</lines>
		</class>
	</classes>
	</package>
	<package name="common.utils"  line-rate="1"  branch-rate="1" >
	<classes>
		<class name="PausableUntil.sol"  filename="contracts/common/utils/PausableUntil.sol"  line-rate="1"  branch-rate="1" >
		<methods>
			<method name="whenResumed"  hits="1253"  signature="()V" >
				<lines><line number="31"  hits="1253" /></lines>
			</method>
			<method name="isPaused"  hits="1354"  signature="()V" >
				<lines><line number="37"  hits="1354" /></lines>
			</method>
			<method name="getResumeSinceTimestamp"  hits="6"  signature="()V" >
				<lines><line number="45"  hits="6" /></lines>
			</method>
			<method name="_checkPaused"  hits="10"  signature="()V" >
				<lines><line number="49"  hits="10" /></lines>
			</method>
			<method name="_checkResumed"  hits="1317"  signature="()V" >
				<lines><line number="55"  hits="1317" /></lines>
			</method>
			<method name="_resume"  hits="10"  signature="()V" >
				<lines><line number="61"  hits="10" /></lines>
			</method>
			<method name="_pauseFor"  hits="33"  signature="()V" >
				<lines><line number="67"  hits="33" /></lines>
			</method>
			<method name="_pauseUntil"  hits="31"  signature="()V" >
				<lines><line number="80"  hits="31" /></lines>
			</method>
			<method name="_setPausedState"  hits="57"  signature="()V" >
				<lines><line number="93"  hits="57" /></lines>
			</method>
		</methods>
		<lines>
			<line number="32"  hits="1253"  branch="false" />
			<line number="33"  hits="1228"  branch="false" />
			<line number="38"  hits="1354"  branch="false" />
			<line number="46"  hits="6"  branch="false" />
			<line number="50"  hits="10"  branch="true"  condition-coverage="100% (2/2)" />
			<line number="51"  hits="3"  branch="false" />
			<line number="56"  hits="1317"  branch="true"  condition-coverage="100% (2/2)" />
			<line number="57"  hits="28"  branch="false" />
			<line number="62"  hits="10"  branch="false" />
			<line number="63"  hits="7"  branch="false" />
			<line number="64"  hits="7"  branch="false" />
			<line number="68"  hits="33"  branch="false" />
			<line number="69"  hits="31"  branch="true"  condition-coverage="100% (2/2)" />
			<line number="71"  hits="29"  branch="false" />
			<line number="72"  hits="29"  branch="true"  condition-coverage="100% (2/2)" />
			<line number="73"  hits="3"  branch="false" />
			<line number="75"  hits="26"  branch="false" />
			<line number="77"  hits="29"  branch="false" />
			<line number="81"  hits="31"  branch="false" />
			<line number="82"  hits="30"  branch="true"  condition-coverage="100% (2/2)" />
			<line number="84"  hits="28"  branch="false" />
			<line number="85"  hits="28"  branch="true"  condition-coverage="100% (2/2)" />
			<line number="86"  hits="6"  branch="false" />
			<line number="88"  hits="22"  branch="false" />
			<line number="90"  hits="28"  branch="false" />
			<line number="94"  hits="57"  branch="false" />
			<line number="95"  hits="57"  branch="true"  condition-coverage="100% (2/2)" />
			<line number="96"  hits="25"  branch="false" />
			<line number="98"  hits="32"  branch="false" />
		</lines>
		</class>
	</classes>
	</package>
	<package name="tooling"  line-rate="0.9815"  branch-rate="1" >
	<classes>
		<class name="AlertingHarness.sol"  filename="contracts/tooling/AlertingHarness.sol"  line-rate="0.9815"  branch-rate="1" >
		<methods>
			<method name="constructor"  hits="2"  signature="()V" >
				<lines><line number="89"  hits="2" /></lines>
			</method>
			<method name="vaultsCount"  hits="0"  signature="()V" >
				<lines><line number="96"  hits="0" /></lines>
			</method>
			<method name="getVaultData"  hits="1"  signature="()V" >
				<lines><line number="103"  hits="1" /></lines>
			</method>
			<method name="batchVaultData"  hits="7"  signature="()V" >
				<lines><line number="116"  hits="7" /></lines>
			</method>
			<method name="batchVaultConnections"  hits="2"  signature="()V" >
				<lines><line number="138"  hits="2" /></lines>
			</method>
			<method name="batchVaultRecords"  hits="2"  signature="()V" >
				<lines><line number="160"  hits="2" /></lines>
			</method>
			<method name="batchVaultQuarantines"  hits="2"  signature="()V" >
				<lines><line number="182"  hits="2" /></lines>
			</method>
			<method name="batchPendingActivations"  hits="2"  signature="()V" >
				<lines><line number="205"  hits="2" /></lines>
			</method>
			<method name="batchStakingVaultData"  hits="2"  signature="()V" >
				<lines><line number="228"  hits="2" /></lines>
			</method>
			<method name="_getBatchSize"  hits="17"  signature="()V" >
				<lines><line number="249"  hits="17" /></lines>
			</method>
			<method name="_collectVaultData"  hits="10"  signature="()V" >
				<lines><line number="267"  hits="10" /></lines>
			</method>
			<method name="_collectContractInfo"  hits="11"  signature="()V" >
				<lines><line number="287"  hits="11" /></lines>
			</method>
			<method name="_vaultHub"  hits="18"  signature="()V" >
				<lines><line number="301"  hits="18" /></lines>
			</method>
			<method name="_lazyOracle"  hits="7"  signature="()V" >
				<lines><line number="307"  hits="7" /></lines>
			</method>
			<method name="_predepositGuarantee"  hits="7"  signature="()V" >
				<lines><line number="313"  hits="7" /></lines>
			</method>
		</methods>
		<lines>
			<line number="90"  hits="2"  branch="true"  condition-coverage="100% (2/2)" />
			<line number="92"  hits="1"  branch="false" />
			<line number="97"  hits="0"  branch="false" />
			<line number="104"  hits="1"  branch="false" />
			<line number="120"  hits="7"  branch="false" />
			<line number="122"  hits="7"  branch="true"  condition-coverage="100% (2/2)" />
			<line number="124"  hits="5"  branch="false" />
			<line number="125"  hits="5"  branch="false" />
			<line number="127"  hits="5"  branch="false" />
			<line number="128"  hits="5"  branch="false" />
			<line number="129"  hits="9"  branch="false" />
			<line number="130"  hits="9"  branch="false" />
			<line number="142"  hits="2"  branch="false" />
			<line number="144"  hits="2"  branch="true"  condition-coverage="100% (2/2)" />
			<line number="146"  hits="1"  branch="false" />
			<line number="147"  hits="1"  branch="false" />
			<line number="148"  hits="1"  branch="false" />
			<line number="149"  hits="1"  branch="false" />
			<line number="164"  hits="2"  branch="false" />
			<line number="166"  hits="2"  branch="true"  condition-coverage="100% (2/2)" />
			<line number="168"  hits="1"  branch="false" />
			<line number="169"  hits="1"  branch="false" />
			<line number="170"  hits="1"  branch="false" />
			<line number="171"  hits="1"  branch="false" />
			<line number="186"  hits="2"  branch="false" />
			<line number="187"  hits="2"  branch="true"  condition-coverage="100% (2/2)" />
			<line number="189"  hits="1"  branch="false" />
			<line number="191"  hits="1"  branch="false" />
			<line number="192"  hits="1"  branch="false" />
			<line number="193"  hits="1"  branch="false" />
			<line number="194"  hits="1"  branch="false" />
			<line number="209"  hits="2"  branch="false" />
			<line number="210"  hits="2"  branch="true"  condition-coverage="100% (2/2)" />
			<line number="212"  hits="1"  branch="false" />
			<line number="214"  hits="1"  branch="false" />
			<line number="215"  hits="1"  branch="false" />
			<line number="216"  hits="1"  branch="false" />
			<line number="217"  hits="1"  branch="false" />
			<line number="232"  hits="2"  branch="false" />
			<line number="233"  hits="2"  branch="true"  condition-coverage="100% (2/2)" />
			<line number="235"  hits="1"  branch="false" />
			<line number="236"  hits="1"  branch="false" />
			<line number="237"  hits="1"  branch="false" />
			<line number="238"  hits="1"  branch="false" />
			<line number="253"  hits="17"  branch="false" />
			<line number="254"  hits="17"  branch="false" />
			<line number="256"  hits="17"  branch="true"  condition-coverage="100% (2/2)" />
			<line number="258"  hits="10"  branch="true"  condition-coverage="100% (2/2)" />
			<line number="273"  hits="10"  branch="false" />
			<line number="274"  hits="10"  branch="false" />
			<line number="288"  hits="11"  branch="false" />
			<line number="302"  hits="18"  branch="false" />
			<line number="308"  hits="7"  branch="false" />
			<line number="314"  hits="7"  branch="false" />
		</lines>
		</class>
	</classes>
	</package>
	<package name="tooling.sepolia"  line-rate="0"  branch-rate="0" >
	<classes>
		<class name="SepoliaDepositAdapter.sol"  filename="contracts/tooling/sepolia/SepoliaDepositAdapter.sol"  line-rate="0"  branch-rate="0" >
		<methods>
			<method name="constructor"  hits="0"  signature="()V" >
				<lines><line number="54"  hits="0" /></lines>
			</method>
			<method name="initialize"  hits="0"  signature="()V" >
				<lines><line number="58"  hits="0" /></lines>
			</method>
			<method name="get_deposit_root"  hits="0"  signature="()V" >
				<lines><line number="65"  hits="0" /></lines>
			</method>
			<method name="get_deposit_count"  hits="0"  signature="()V" >
				<lines><line number="69"  hits="0" /></lines>
			</method>
			<method name="recoverEth"  hits="0"  signature="()V" >
				<lines><line number="77"  hits="0" /></lines>
			</method>
			<method name="recoverBepolia"  hits="0"  signature="()V" >
				<lines><line number="87"  hits="0" /></lines>
			</method>
			<method name="deposit"  hits="0"  signature="()V" >
				<lines><line number="96"  hits="0" /></lines>
			</method>
		</methods>
		<lines>
			<line number="55"  hits="0"  branch="false" />
			<line number="59"  hits="0"  branch="true"  condition-coverage="0% (0/2)" />
			<line number="61"  hits="0"  branch="false" />
			<line number="62"  hits="0"  branch="false" />
			<line number="66"  hits="0"  branch="false" />
			<line number="70"  hits="0"  branch="false" />
			<line number="74"  hits="0"  branch="false" />
			<line number="78"  hits="0"  branch="false" />
			<line number="80"  hits="0"  branch="false" />
			<line number="81"  hits="0"  branch="true"  condition-coverage="0% (0/2)" />
			<line number="82"  hits="0"  branch="false" />
			<line number="84"  hits="0"  branch="false" />
			<line number="88"  hits="0"  branch="false" />
			<line number="89"  hits="0"  branch="false" />
			<line number="90"  hits="0"  branch="true"  condition-coverage="0% (0/2)" />
			<line number="91"  hits="0"  branch="false" />
			<line number="93"  hits="0"  branch="false" />
			<line number="102"  hits="0"  branch="false" />
			<line number="104"  hits="0"  branch="false" />
			<line number="105"  hits="0"  branch="true"  condition-coverage="0% (0/2)" />
			<line number="106"  hits="0"  branch="false" />
		</lines>
		</class>
	</classes>
	</package>
</packages>
</coverage>
