<?xml version="1.0" ?>
<!DOCTYPE coverage SYSTEM "http://cobertura.sourceforge.net/xml/coverage-04.dtd">
<coverage lines-valid="3505"  lines-covered="3178"  line-rate="0.9067000000000001"  branches-valid="1630"  branches-covered="1398"  branch-rate="0.8576999999999999"  timestamp="1736435961502" complexity="0" version="0.1">
<sources>
	<source>/home/runner/work/core/core</source>
</sources>
<packages>
	<package name="0.4.24"  line-rate="1"  branch-rate="0.97" >
	<classes>
		<class name="Lido.sol"  filename="contracts/0.4.24/Lido.sol"  line-rate="1"  branch-rate="0.9697" >
		<methods>
			<method name="initialize"  hits="60"  signature="()V" >
				<lines><line number="198"  hits="60" /></lines>
			</method>
			<method name="finalizeUpgrade_v3"  hits="4"  signature="()V" >
				<lines><line number="218"  hits="4" /></lines>
			</method>
			<method name="_initialize_v3"  hits="59"  signature="()V" >
				<lines><line number="228"  hits="59" /></lines>
			</method>
			<method name="pauseStaking"  hits="4"  signature="()V" >
				<lines><line number="238"  hits="4" /></lines>
			</method>
			<method name="resumeStaking"  hits="27"  signature="()V" >
				<lines><line number="251"  hits="27" /></lines>
			</method>
			<method name="setStakingLimit"  hits="8"  signature="()V" >
				<lines><line number="278"  hits="8" /></lines>
			</method>
			<method name="removeStakingLimit"  hits="2"  signature="()V" >
				<lines><line number="294"  hits="2" /></lines>
			</method>
			<method name="isStakingPaused"  hits="7"  signature="()V" >
				<lines><line number="307"  hits="7" /></lines>
			</method>
			<method name="getCurrentStakeLimit"  hits="13"  signature="()V" >
				<lines><line number="317"  hits="13" /></lines>
			</method>
			<method name="getStakeLimitFullInfo"  hits="9"  signature="()V" >
				<lines><line number="332"  hits="9" /></lines>
			</method>
			<method name="getMaxExternalRatioBP"  hits="3"  signature="()V" >
				<lines><line number="361"  hits="3" /></lines>
			</method>
			<method name="setMaxExternalRatioBP"  hits="22"  signature="()V" >
				<lines><line number="369"  hits="22" /></lines>
			</method>
			<method name=""  hits="5"  signature="()V" >
				<lines><line number="386"  hits="5" /></lines>
			</method>
			<method name="submit"  hits="21"  signature="()V" >
				<lines><line number="397"  hits="21" /></lines>
			</method>
			<method name="receiveELRewards"  hits="3"  signature="()V" >
				<lines><line number="406"  hits="3" /></lines>
			</method>
			<method name="receiveWithdrawals"  hits="2"  signature="()V" >
				<lines><line number="419"  hits="2" /></lines>
			</method>
			<method name="stop"  hits="11"  signature="()V" >
				<lines><line number="428"  hits="11" /></lines>
			</method>
			<method name="resume"  hits="36"  signature="()V" >
				<lines><line number="439"  hits="36" /></lines>
			</method>
			<method name="unsafeChangeDepositedValidators"  hits="4"  signature="()V" >
				<lines><line number="457"  hits="4" /></lines>
			</method>
			<method name="getBufferedEther"  hits="11"  signature="()V" >
				<lines><line number="470"  hits="11" /></lines>
			</method>
			<method name="getExternalEther"  hits="17"  signature="()V" >
				<lines><line number="477"  hits="17" /></lines>
			</method>
			<method name="getExternalShares"  hits="17"  signature="()V" >
				<lines><line number="484"  hits="17" /></lines>
			</method>
			<method name="getMaxMintableExternalShares"  hits="12"  signature="()V" >
				<lines><line number="491"  hits="12" /></lines>
			</method>
			<method name="getTotalELRewardsCollected"  hits="6"  signature="()V" >
				<lines><line number="500"  hits="6" /></lines>
			</method>
			<method name="getLidoLocator"  hits="203"  signature="()V" >
				<lines><line number="507"  hits="203" /></lines>
			</method>
			<method name="getBeaconStat"  hits="18"  signature="()V" >
				<lines><line number="517"  hits="18" /></lines>
			</method>
			<method name="canDeposit"  hits="7"  signature="()V" >
				<lines><line number="531"  hits="7" /></lines>
			</method>
			<method name="getDepositableEther"  hits="7"  signature="()V" >
				<lines><line number="539"  hits="7" /></lines>
			</method>
			<method name="deposit"  hits="4"  signature="()V" >
				<lines><line number="551"  hits="4" /></lines>
			</method>
			<method name="mintShares"  hits="19"  signature="()V" >
				<lines><line number="588"  hits="19" /></lines>
			</method>
			<method name="burnShares"  hits="6"  signature="()V" >
				<lines><line number="603"  hits="6" /></lines>
			</method>
			<method name="mintExternalShares"  hits="17"  signature="()V" >
				<lines><line number="620"  hits="17" /></lines>
			</method>
			<method name="burnExternalShares"  hits="9"  signature="()V" >
				<lines><line number="640"  hits="9" /></lines>
			</method>
			<method name="rebalanceExternalEtherToInternal"  hits="4"  signature="()V" >
				<lines><line number="664"  hits="4" /></lines>
			</method>
			<method name="processClStateUpdate"  hits="13"  signature="()V" >
				<lines><line number="694"  hits="13" /></lines>
			</method>
			<method name="collectRewardsAndProcessWithdrawals"  hits="12"  signature="()V" >
				<lines><line number="724"  hits="12" /></lines>
			</method>
			<method name="emitTokenRebase"  hits="10"  signature="()V" >
				<lines><line number="778"  hits="10" /></lines>
			</method>
			<method name="getWithdrawalCredentials"  hits="1"  signature="()V" >
				<lines><line number="808"  hits="1" /></lines>
			</method>
			<method name="getOracle"  hits="1"  signature="()V" >
				<lines><line number="816"  hits="1" /></lines>
			</method>
			<method name="getTreasury"  hits="1"  signature="()V" >
				<lines><line number="824"  hits="1" /></lines>
			</method>
			<method name="getFee"  hits="1"  signature="()V" >
				<lines><line number="835"  hits="1" /></lines>
			</method>
			<method name="getFeeDistribution"  hits="1"  signature="()V" >
				<lines><line number="851"  hits="1" /></lines>
			</method>
			<method name="transferToVault"  hits="1"  signature="()V" >
				<lines><line number="870"  hits="1" /></lines>
			</method>
			<method name="_submit"  hits="24"  signature="()V" >
				<lines><line number="877"  hits="24" /></lines>
			</method>
			<method name="_getBufferedEther"  hits="234"  signature="()V" >
				<lines><line number="907"  hits="234" /></lines>
			</method>
			<method name="_setBufferedEther"  hits="86"  signature="()V" >
				<lines><line number="912"  hits="86" /></lines>
			</method>
			<method name="_getTransientEther"  hits="186"  signature="()V" >
				<lines><line number="919"  hits="186" /></lines>
			</method>
			<method name="_getInternalEther"  hits="186"  signature="()V" >
				<lines><line number="930"  hits="186" /></lines>
			</method>
			<method name="_getExternalEther"  hits="186"  signature="()V" >
				<lines><line number="937"  hits="186" /></lines>
			</method>
			<method name="_getTotalPooledEther"  hits="169"  signature="()V" >
				<lines><line number="945"  hits="169" /></lines>
			</method>
			<method name="_getMaxMintableExternalShares"  hits="27"  signature="()V" >
				<lines><line number="962"  hits="27" /></lines>
			</method>
			<method name="_pauseStaking"  hits="12"  signature="()V" >
				<lines><line number="978"  hits="12" /></lines>
			</method>
			<method name="_resumeStaking"  hits="60"  signature="()V" >
				<lines><line number="986"  hits="60" /></lines>
			</method>
			<method name="_getCurrentStakeLimit"  hits="22"  signature="()V" >
				<lines><line number="994"  hits="22" /></lines>
			</method>
			<method name="_auth"  hits="114"  signature="()V" >
				<lines><line number="1007"  hits="114" /></lines>
			</method>
			<method name="_auth"  hits="69"  signature="()V" >
				<lines><line number="1012"  hits="69" /></lines>
			</method>
			<method name="_stakingRouter"  hits="3"  signature="()V" >
				<lines><line number="1016"  hits="3" /></lines>
			</method>
			<method name="_withdrawalQueue"  hits="14"  signature="()V" >
				<lines><line number="1020"  hits="14" /></lines>
			</method>
			<method name="_bootstrapInitialHolder"  hits="60"  signature="()V" >
				<lines><line number="1033"  hits="60" /></lines>
			</method>
		</methods>
		<lines>
			<line number="199"  hits="60"  branch="false" />
			<line number="201"  hits="58"  branch="false" />
			<line number="202"  hits="58"  branch="false" />
			<line number="203"  hits="58"  branch="false" />
			<line number="207"  hits="58"  branch="false" />
			<line number="209"  hits="58"  branch="false" />
			<line number="210"  hits="58"  branch="false" />
			<line number="219"  hits="4"  branch="true"  condition-coverage="100% (2/2)" />
			<line number="220"  hits="3"  branch="false" />
			<line number="222"  hits="1"  branch="false" />
			<line number="229"  hits="59"  branch="false" />
			<line number="239"  hits="4"  branch="false" />
			<line number="241"  hits="3"  branch="false" />
			<line number="252"  hits="27"  branch="false" />
			<line number="253"  hits="26"  branch="true"  condition-coverage="50% (1/2)" />
			<line number="255"  hits="26"  branch="false" />
			<line number="279"  hits="8"  branch="false" />
			<line number="281"  hits="7"  branch="false" />
			<line number="288"  hits="7"  branch="false" />
			<line number="295"  hits="2"  branch="false" />
			<line number="297"  hits="1"  branch="false" />
			<line number="301"  hits="1"  branch="false" />
			<line number="308"  hits="7"  branch="false" />
			<line number="318"  hits="13"  branch="false" />
			<line number="345"  hits="9"  branch="false" />
			<line number="347"  hits="9"  branch="false" />
			<line number="348"  hits="9"  branch="false" />
			<line number="350"  hits="9"  branch="false" />
			<line number="352"  hits="9"  branch="false" />
			<line number="353"  hits="9"  branch="false" />
			<line number="354"  hits="9"  branch="false" />
			<line number="355"  hits="9"  branch="false" />
			<line number="362"  hits="3"  branch="false" />
			<line number="370"  hits="22"  branch="false" />
			<line number="371"  hits="21"  branch="true"  condition-coverage="100% (2/2)" />
			<line number="373"  hits="20"  branch="false" />
			<line number="375"  hits="20"  branch="false" />
			<line number="388"  hits="5"  branch="true"  condition-coverage="100% (2/2)" />
			<line number="389"  hits="3"  branch="false" />
			<line number="398"  hits="21"  branch="false" />
			<line number="407"  hits="3"  branch="true"  condition-coverage="100% (2/2)" />
			<line number="409"  hits="2"  branch="false" />
			<line number="411"  hits="2"  branch="false" />
			<line number="420"  hits="2"  branch="true"  condition-coverage="100% (2/2)" />
			<line number="422"  hits="1"  branch="false" />
			<line number="429"  hits="11"  branch="false" />
			<line number="431"  hits="10"  branch="false" />
			<line number="432"  hits="9"  branch="false" />
			<line number="440"  hits="36"  branch="false" />
			<line number="442"  hits="35"  branch="false" />
			<line number="443"  hits="34"  branch="false" />
			<line number="458"  hits="4"  branch="false" />
			<line number="460"  hits="3"  branch="false" />
			<line number="462"  hits="3"  branch="false" />
			<line number="471"  hits="11"  branch="false" />
			<line number="478"  hits="17"  branch="false" />
			<line number="485"  hits="17"  branch="false" />
			<line number="492"  hits="12"  branch="false" />
			<line number="501"  hits="6"  branch="false" />
			<line number="508"  hits="203"  branch="false" />
			<line number="522"  hits="18"  branch="false" />
			<line number="523"  hits="18"  branch="false" />
			<line number="524"  hits="18"  branch="false" />
			<line number="532"  hits="7"  branch="false" />
			<line number="540"  hits="7"  branch="false" />
			<line number="541"  hits="7"  branch="false" />
			<line number="542"  hits="7"  branch="true"  condition-coverage="100% (2/2)" />
			<line number="552"  hits="4"  branch="false" />
			<line number="554"  hits="4"  branch="true"  condition-coverage="100% (2/2)" />
			<line number="555"  hits="3"  branch="true"  condition-coverage="100% (2/2)" />
			<line number="557"  hits="2"  branch="false" />
			<line number="558"  hits="2"  branch="false" />
			<line number="563"  hits="2"  branch="false" />
			<line number="564"  hits="2"  branch="true"  condition-coverage="100% (2/2)" />
			<line number="565"  hits="1"  branch="false" />
			<line number="568"  hits="1"  branch="false" />
			<line number="569"  hits="1"  branch="false" />
			<line number="571"  hits="1"  branch="false" />
			<line number="572"  hits="1"  branch="false" />
			<line number="573"  hits="1"  branch="false" />
			<line number="579"  hits="2"  branch="false" />
			<line number="589"  hits="19"  branch="false" />
			<line number="590"  hits="17"  branch="false" />
			<line number="592"  hits="15"  branch="false" />
			<line number="595"  hits="14"  branch="false" />
			<line number="604"  hits="6"  branch="false" />
			<line number="605"  hits="5"  branch="false" />
			<line number="606"  hits="4"  branch="false" />
			<line number="621"  hits="17"  branch="true"  condition-coverage="100% (2/2)" />
			<line number="622"  hits="16"  branch="true"  condition-coverage="100% (2/2)" />
			<line number="624"  hits="15"  branch="false" />
			<line number="625"  hits="15"  branch="false" />
			<line number="627"  hits="15"  branch="true"  condition-coverage="100% (2/2)" />
			<line number="629"  hits="14"  branch="false" />
			<line number="631"  hits="14"  branch="false" />
			<line number="633"  hits="12"  branch="false" />
			<line number="641"  hits="9"  branch="true"  condition-coverage="100% (2/2)" />
			<line number="642"  hits="8"  branch="false" />
			<line number="643"  hits="7"  branch="false" />
			<line number="645"  hits="6"  branch="false" />
			<line number="647"  hits="6"  branch="true"  condition-coverage="100% (2/2)" />
			<line number="648"  hits="4"  branch="false" />
			<line number="650"  hits="4"  branch="false" />
			<line number="652"  hits="4"  branch="false" />
			<line number="653"  hits="4"  branch="false" />
			<line number="654"  hits="4"  branch="false" />
			<line number="665"  hits="4"  branch="true"  condition-coverage="100% (2/2)" />
			<line number="666"  hits="3"  branch="false" />
			<line number="667"  hits="2"  branch="false" />
			<line number="669"  hits="2"  branch="false" />
			<line number="670"  hits="2"  branch="false" />
			<line number="672"  hits="2"  branch="true"  condition-coverage="100% (2/2)" />
			<line number="675"  hits="1"  branch="false" />
			<line number="678"  hits="1"  branch="false" />
			<line number="683"  hits="1"  branch="false" />
			<line number="700"  hits="13"  branch="false" />
			<line number="701"  hits="12"  branch="false" />
			<line number="705"  hits="11"  branch="false" />
			<line number="706"  hits="11"  branch="false" />
			<line number="708"  hits="11"  branch="false" />
			<line number="734"  hits="12"  branch="false" />
			<line number="736"  hits="11"  branch="false" />
			<line number="737"  hits="11"  branch="false" />
			<line number="740"  hits="10"  branch="true"  condition-coverage="100% (2/2)" />
			<line number="741"  hits="1"  branch="false" />
			<line number="745"  hits="10"  branch="true"  condition-coverage="100% (2/2)" />
			<line number="746"  hits="1"  branch="false" />
			<line number="750"  hits="10"  branch="true"  condition-coverage="100% (2/2)" />
			<line number="751"  hits="2"  branch="false" />
			<line number="757"  hits="10"  branch="false" />
			<line number="762"  hits="10"  branch="false" />
			<line number="764"  hits="10"  branch="false" />
			<line number="787"  hits="10"  branch="false" />
			<line number="789"  hits="10"  branch="false" />
			<line number="809"  hits="1"  branch="false" />
			<line number="817"  hits="1"  branch="false" />
			<line number="825"  hits="1"  branch="false" />
			<line number="836"  hits="1"  branch="false" />
			<line number="856"  hits="1"  branch="false" />
			<line number="857"  hits="1"  branch="false" />
			<line number="858"  hits="1"  branch="false" />
			<line number="859"  hits="1"  branch="false" />
			<line number="862"  hits="1"  branch="false" />
			<line number="863"  hits="1"  branch="false" />
			<line number="864"  hits="1"  branch="false" />
			<line number="871"  hits="1"  branch="false" />
			<line number="878"  hits="24"  branch="true"  condition-coverage="100% (2/2)" />
			<line number="880"  hits="22"  branch="false" />
			<line number="883"  hits="22"  branch="true"  condition-coverage="100% (2/2)" />
			<line number="885"  hits="20"  branch="true"  condition-coverage="100% (2/2)" />
			<line number="886"  hits="4"  branch="false" />
			<line number="888"  hits="4"  branch="true"  condition-coverage="100% (2/2)" />
			<line number="890"  hits="2"  branch="false" />
			<line number="895"  hits="18"  branch="false" />
			<line number="897"  hits="18"  branch="false" />
			<line number="899"  hits="18"  branch="false" />
			<line number="900"  hits="18"  branch="false" />
			<line number="902"  hits="18"  branch="false" />
			<line number="903"  hits="18"  branch="false" />
			<line number="908"  hits="234"  branch="false" />
			<line number="913"  hits="86"  branch="false" />
			<line number="920"  hits="186"  branch="false" />
			<line number="921"  hits="186"  branch="false" />
			<line number="923"  hits="186"  branch="false" />
			<line number="925"  hits="186"  branch="false" />
			<line number="931"  hits="186"  branch="false" />
			<line number="938"  hits="186"  branch="false" />
			<line number="939"  hits="186"  branch="false" />
			<line number="940"  hits="186"  branch="false" />
			<line number="946"  hits="169"  branch="false" />
			<line number="947"  hits="169"  branch="false" />
			<line number="963"  hits="27"  branch="false" />
			<line number="964"  hits="27"  branch="true"  condition-coverage="100% (2/2)" />
			<line number="965"  hits="26"  branch="true"  condition-coverage="100% (2/2)" />
			<line number="967"  hits="25"  branch="false" />
			<line number="968"  hits="25"  branch="false" />
			<line number="970"  hits="25"  branch="true"  condition-coverage="50% (1/2)" />
			<line number="972"  hits="25"  branch="false" />
			<line number="979"  hits="12"  branch="false" />
			<line number="983"  hits="12"  branch="false" />
			<line number="987"  hits="60"  branch="false" />
			<line number="991"  hits="60"  branch="false" />
			<line number="995"  hits="22"  branch="true"  condition-coverage="100% (2/2)" />
			<line number="996"  hits="3"  branch="false" />
			<line number="998"  hits="19"  branch="true"  condition-coverage="100% (2/2)" />
			<line number="999"  hits="2"  branch="false" />
			<line number="1002"  hits="17"  branch="false" />
			<line number="1008"  hits="114"  branch="true"  condition-coverage="100% (2/2)" />
			<line number="1013"  hits="69"  branch="true"  condition-coverage="100% (2/2)" />
			<line number="1017"  hits="3"  branch="false" />
			<line number="1021"  hits="14"  branch="false" />
			<line number="1034"  hits="60"  branch="false" />
			<line number="1035"  hits="60"  branch="false" />
			<line number="1037"  hits="58"  branch="true"  condition-coverage="100% (2/2)" />
			<line number="1040"  hits="57"  branch="false" />
			<line number="1042"  hits="57"  branch="false" />
			<line number="1043"  hits="57"  branch="false" />
		</lines>
		</class>
		<class name="StETH.sol"  filename="contracts/0.4.24/StETH.sol"  line-rate="1"  branch-rate="0.9615" >
		<methods>
			<method name="name"  hits="3"  signature="()V" >
				<lines><line number="122"  hits="3" /></lines>
			</method>
			<method name="symbol"  hits="3"  signature="()V" >
				<lines><line number="130"  hits="3" /></lines>
			</method>
			<method name="decimals"  hits="3"  signature="()V" >
				<lines><line number="137"  hits="3" /></lines>
			</method>
			<method name="totalSupply"  hits="45"  signature="()V" >
				<lines><line number="147"  hits="45" /></lines>
			</method>
			<method name="getTotalPooledEther"  hits="22"  signature="()V" >
				<lines><line number="156"  hits="22" /></lines>
			</method>
			<method name="balanceOf"  hits="292"  signature="()V" >
				<lines><line number="166"  hits="292" /></lines>
			</method>
			<method name="transfer"  hits="34"  signature="()V" >
				<lines><line number="185"  hits="34" /></lines>
			</method>
			<method name="allowance"  hits="216"  signature="()V" >
				<lines><line number="196"  hits="216" /></lines>
			</method>
			<method name="approve"  hits="119"  signature="()V" >
				<lines><line number="215"  hits="119" /></lines>
			</method>
			<method name="transferFrom"  hits="69"  signature="()V" >
				<lines><line number="241"  hits="69" /></lines>
			</method>
			<method name="increaseAllowance"  hits="1"  signature="()V" >
				<lines><line number="259"  hits="1" /></lines>
			</method>
			<method name="decreaseAllowance"  hits="2"  signature="()V" >
				<lines><line number="277"  hits="2" /></lines>
			</method>
			<method name="getTotalShares"  hits="29"  signature="()V" >
				<lines><line number="290"  hits="29" /></lines>
			</method>
			<method name="sharesOf"  hits="83"  signature="()V" >
				<lines><line number="297"  hits="83" /></lines>
			</method>
			<method name="getSharesByPooledEth"  hits="210"  signature="()V" >
				<lines><line number="304"  hits="210" /></lines>
			</method>
			<method name="getPooledEthByShares"  hits="514"  signature="()V" >
				<lines><line number="313"  hits="514" /></lines>
			</method>
			<method name="getPooledEthBySharesRoundUp"  hits="11"  signature="()V" >
				<lines><line number="324"  hits="11" /></lines>
			</method>
			<method name="transferShares"  hits="20"  signature="()V" >
				<lines><line number="352"  hits="20" /></lines>
			</method>
			<method name="transferSharesFrom"  hits="17"  signature="()V" >
				<lines><line number="375"  hits="17" /></lines>
			</method>
			<method name="_transfer"  hits="99"  signature="()V" >
				<lines><line number="397"  hits="99" /></lines>
			</method>
			<method name="_approve"  hits="246"  signature="()V" >
				<lines><line number="415"  hits="246" /></lines>
			</method>
			<method name="_spendAllowance"  hits="86"  signature="()V" >
				<lines><line number="431"  hits="86" /></lines>
			</method>
			<method name="_getTotalShares"  hits="1162"  signature="()V" >
				<lines><line number="442"  hits="1162" /></lines>
			</method>
			<method name="_sharesOf"  hits="375"  signature="()V" >
				<lines><line number="449"  hits="375" /></lines>
			</method>
			<method name="_transferShares"  hits="136"  signature="()V" >
				<lines><line number="463"  hits="136" /></lines>
			</method>
			<method name="_mintShares"  hits="128"  signature="()V" >
				<lines><line number="487"  hits="128" /></lines>
			</method>
			<method name="_burnShares"  hits="19"  signature="()V" >
				<lines><line number="513"  hits="19" /></lines>
			</method>
			<method name="_emitTransferEvents"  hits="228"  signature="()V" >
				<lines><line number="542"  hits="228" /></lines>
			</method>
			<method name="_emitTransferAfterMintingShares"  hits="100"  signature="()V" >
				<lines><line number="550"  hits="100" /></lines>
			</method>
			<method name="_mintInitialShares"  hits="60"  signature="()V" >
				<lines><line number="557"  hits="60" /></lines>
			</method>
		</methods>
		<lines>
			<line number="123"  hits="3"  branch="false" />
			<line number="131"  hits="3"  branch="false" />
			<line number="138"  hits="3"  branch="false" />
			<line number="148"  hits="45"  branch="false" />
			<line number="157"  hits="22"  branch="false" />
			<line number="167"  hits="292"  branch="false" />
			<line number="186"  hits="34"  branch="false" />
			<line number="187"  hits="29"  branch="false" />
			<line number="197"  hits="216"  branch="false" />
			<line number="216"  hits="119"  branch="false" />
			<line number="217"  hits="117"  branch="false" />
			<line number="242"  hits="69"  branch="false" />
			<line number="243"  hits="65"  branch="false" />
			<line number="244"  hits="61"  branch="false" />
			<line number="260"  hits="1"  branch="false" />
			<line number="261"  hits="1"  branch="false" />
			<line number="278"  hits="2"  branch="false" />
			<line number="279"  hits="2"  branch="true"  condition-coverage="100% (2/2)" />
			<line number="280"  hits="1"  branch="false" />
			<line number="281"  hits="1"  branch="false" />
			<line number="291"  hits="29"  branch="false" />
			<line number="298"  hits="83"  branch="false" />
			<line number="305"  hits="210"  branch="false" />
			<line number="314"  hits="514"  branch="false" />
			<line number="325"  hits="11"  branch="false" />
			<line number="326"  hits="11"  branch="false" />
			<line number="328"  hits="11"  branch="false" />
			<line number="332"  hits="11"  branch="true"  condition-coverage="100% (2/2)" />
			<line number="333"  hits="4"  branch="false" />
			<line number="353"  hits="20"  branch="false" />
			<line number="354"  hits="17"  branch="false" />
			<line number="355"  hits="17"  branch="false" />
			<line number="356"  hits="17"  branch="false" />
			<line number="378"  hits="17"  branch="false" />
			<line number="379"  hits="17"  branch="false" />
			<line number="380"  hits="17"  branch="false" />
			<line number="381"  hits="17"  branch="false" />
			<line number="382"  hits="17"  branch="false" />
			<line number="398"  hits="99"  branch="false" />
			<line number="399"  hits="99"  branch="false" />
			<line number="400"  hits="90"  branch="false" />
			<line number="416"  hits="246"  branch="true"  condition-coverage="100% (2/2)" />
			<line number="417"  hits="245"  branch="true"  condition-coverage="100% (2/2)" />
			<line number="419"  hits="244"  branch="false" />
			<line number="420"  hits="244"  branch="false" />
			<line number="432"  hits="86"  branch="false" />
			<line number="433"  hits="86"  branch="true"  condition-coverage="100% (2/2)" />
			<line number="434"  hits="63"  branch="true"  condition-coverage="100% (2/2)" />
			<line number="435"  hits="59"  branch="false" />
			<line number="443"  hits="1162"  branch="false" />
			<line number="450"  hits="375"  branch="false" />
			<line number="464"  hits="136"  branch="true"  condition-coverage="100% (2/2)" />
			<line number="465"  hits="135"  branch="true"  condition-coverage="100% (2/2)" />
			<line number="466"  hits="131"  branch="true"  condition-coverage="100% (2/2)" />
			<line number="467"  hits="127"  branch="false" />
			<line number="469"  hits="127"  branch="false" />
			<line number="470"  hits="127"  branch="true"  condition-coverage="100% (2/2)" />
			<line number="472"  hits="124"  branch="false" />
			<line number="473"  hits="124"  branch="false" />
			<line number="488"  hits="128"  branch="true"  condition-coverage="100% (2/2)" />
			<line number="490"  hits="127"  branch="false" />
			<line number="491"  hits="127"  branch="false" />
			<line number="493"  hits="127"  branch="false" />
			<line number="514"  hits="19"  branch="true"  condition-coverage="50% (1/2)" />
			<line number="516"  hits="19"  branch="false" />
			<line number="517"  hits="19"  branch="true"  condition-coverage="100% (2/2)" />
			<line number="519"  hits="18"  branch="false" />
			<line number="521"  hits="18"  branch="false" />
			<line number="522"  hits="18"  branch="false" />
			<line number="524"  hits="18"  branch="false" />
			<line number="526"  hits="18"  branch="false" />
			<line number="528"  hits="18"  branch="false" />
			<line number="543"  hits="228"  branch="false" />
			<line number="544"  hits="228"  branch="false" />
			<line number="551"  hits="100"  branch="false" />
			<line number="558"  hits="60"  branch="false" />
			<line number="559"  hits="60"  branch="false" />
		</lines>
		</class>
		<class name="StETHPermit.sol"  filename="contracts/0.4.24/StETHPermit.sol"  line-rate="1"  branch-rate="1" >
		<methods>
			<method name="permit"  hits="30"  signature="()V" >
				<lines><line number="99"  hits="30" /></lines>
			</method>
			<method name="nonces"  hits="11"  signature="()V" >
				<lines><line number="121"  hits="11" /></lines>
			</method>
			<method name="DOMAIN_SEPARATOR"  hits="2"  signature="()V" >
				<lines><line number="129"  hits="2" /></lines>
			</method>
			<method name="eip712Domain"  hits="2"  signature="()V" >
				<lines><line number="143"  hits="2" /></lines>
			</method>
			<method name="_useNonce"  hits="28"  signature="()V" >
				<lines><line number="155"  hits="28" /></lines>
			</method>
			<method name="_initializeEIP712StETH"  hits="71"  signature="()V" >
				<lines><line number="163"  hits="71" /></lines>
			</method>
			<method name="getEIP712StETH"  hits="105"  signature="()V" >
				<lines><line number="175"  hits="105" /></lines>
			</method>
		</methods>
		<lines>
			<line number="102"  hits="30"  branch="true"  condition-coverage="100% (2/2)" />
			<line number="104"  hits="28"  branch="false" />
			<line number="108"  hits="28"  branch="false" />
			<line number="110"  hits="27"  branch="true"  condition-coverage="100% (2/2)" />
			<line number="111"  hits="8"  branch="false" />
			<line number="122"  hits="11"  branch="false" />
			<line number="130"  hits="2"  branch="false" />
			<line number="149"  hits="2"  branch="false" />
			<line number="156"  hits="28"  branch="false" />
			<line number="157"  hits="28"  branch="false" />
			<line number="164"  hits="71"  branch="true"  condition-coverage="100% (2/2)" />
			<line number="165"  hits="70"  branch="true"  condition-coverage="100% (2/2)" />
			<line number="167"  hits="69"  branch="false" />
			<line number="169"  hits="69"  branch="false" />
			<line number="176"  hits="105"  branch="false" />
		</lines>
		</class>
	</classes>
	</package>
	<package name="0.4.24.lib"  line-rate="1"  branch-rate="1" >
	<classes>
		<class name="Packed64x4.sol"  filename="contracts/0.4.24/lib/Packed64x4.sol"  line-rate="1"  branch-rate="1" >
		<methods>
			<method name="get"  hits="9326"  signature="()V" >
				<lines><line number="25"  hits="9326" /></lines>
			</method>
			<method name="set"  hits="3502"  signature="()V" >
				<lines><line number="33"  hits="3502" /></lines>
			</method>
			<method name="add"  hits="1061"  signature="()V" >
				<lines><line number="40"  hits="1061" /></lines>
			</method>
			<method name="sub"  hits="91"  signature="()V" >
				<lines><line number="46"  hits="91" /></lines>
			</method>
		</methods>
		<lines>
			<line number="26"  hits="9326"  branch="false" />
			<line number="34"  hits="3502"  branch="true"  condition-coverage="100% (2/2)" />
			<line number="35"  hits="3500"  branch="false" />
			<line number="41"  hits="1061"  branch="false" />
			<line number="47"  hits="91"  branch="false" />
		</lines>
		</class>
		<class name="SigningKeys.sol"  filename="contracts/0.4.24/lib/SigningKeys.sol"  line-rate="1"  branch-rate="1" >
		<methods>
			<method name="getKeyOffset"  hits="638"  signature="()V" >
				<lines><line number="24"  hits="638" /></lines>
			</method>
			<method name="saveKeysSigs"  hits="51"  signature="()V" >
				<lines><line number="36"  hits="51" /></lines>
			</method>
			<method name="removeKeysSigs"  hits="25"  signature="()V" >
				<lines><line number="90"  hits="25" /></lines>
			</method>
			<method name="loadKeysSigs"  hits="78"  signature="()V" >
				<lines><line number="149"  hits="78" /></lines>
			</method>
			<method name="initKeysSigsBuf"  hits="77"  signature="()V" >
				<lines><line number="176"  hits="77" /></lines>
			</method>
		</methods>
		<lines>
			<line number="25"  hits="638"  branch="false" />
			<line number="44"  hits="51"  branch="true"  condition-coverage="100% (2/2)" />
			<line number="45"  hits="48"  branch="true"  condition-coverage="100% (2/2)" />
			<line number="50"  hits="39"  branch="false" />
			<line number="51"  hits="39"  branch="false" />
			<line number="52"  hits="39"  branch="false" />
			<line number="54"  hits="39"  branch="false" />
			<line number="55"  hits="440"  branch="false" />
			<line number="56"  hits="440"  branch="false" />
			<line number="65"  hits="440"  branch="true"  condition-coverage="100% (2/2)" />
			<line number="66"  hits="436"  branch="false" />
			<line number="78"  hits="436"  branch="false" />
			<line number="80"  hits="35"  branch="false" />
			<line number="97"  hits="25"  branch="true"  condition-coverage="100% (2/2)" />
			<line number="102"  hits="22"  branch="false" />
			<line number="103"  hits="22"  branch="false" />
			<line number="104"  hits="22"  branch="false" />
			<line number="105"  hits="22"  branch="false" />
			<line number="107"  hits="22"  branch="false" />
			<line number="108"  hits="48"  branch="false" />
			<line number="109"  hits="48"  branch="false" />
			<line number="114"  hits="48"  branch="true"  condition-coverage="100% (2/2)" />
			<line number="115"  hits="11"  branch="false" />
			<line number="117"  hits="11"  branch="false" />
			<line number="118"  hits="11"  branch="false" />
			<line number="123"  hits="11"  branch="false" />
			<line number="126"  hits="48"  branch="false" />
			<line number="127"  hits="48"  branch="false" />
			<line number="132"  hits="48"  branch="false" />
			<line number="136"  hits="48"  branch="false" />
			<line number="138"  hits="22"  branch="false" />
			<line number="158"  hits="78"  branch="false" />
			<line number="159"  hits="78"  branch="false" />
			<line number="160"  hits="137"  branch="false" />
			<line number="161"  hits="137"  branch="false" />
			<line number="177"  hits="77"  branch="false" />
		</lines>
		</class>
		<class name="StakeLimitUtils.sol"  filename="contracts/0.4.24/lib/StakeLimitUtils.sol"  line-rate="1"  branch-rate="1" >
		<methods>
			<method name="getStorageStakeLimitStruct"  hits="134"  signature="()V" >
				<lines><line number="66"  hits="134" /></lines>
			</method>
			<method name="setStorageStakeLimitStruct"  hits="85"  signature="()V" >
				<lines><line number="80"  hits="85" /></lines>
			</method>
			<method name="calculateCurrentStakeLimit"  hits="119"  signature="()V" >
				<lines><line number="98"  hits="119" /></lines>
			</method>
			<method name="isStakingPaused"  hits="65"  signature="()V" >
				<lines><line number="116"  hits="65" /></lines>
			</method>
			<method name="isStakingLimitSet"  hits="48"  signature="()V" >
				<lines><line number="123"  hits="48" /></lines>
			</method>
			<method name="setStakingLimit"  hits="16"  signature="()V" >
				<lines><line number="134"  hits="16" /></lines>
			</method>
			<method name="removeStakingLimit"  hits="2"  signature="()V" >
				<lines><line number="176"  hits="2" /></lines>
			</method>
			<method name="updatePrevStakeLimit"  hits="5"  signature="()V" >
				<lines><line number="190"  hits="5" /></lines>
			</method>
			<method name="setStakeLimitPauseState"  hits="74"  signature="()V" >
				<lines><line number="209"  hits="74" /></lines>
			</method>
			<method name="_constGasMin"  hits="124"  signature="()V" >
				<lines><line number="224"  hits="124" /></lines>
			</method>
		</methods>
		<lines>
			<line number="67"  hits="134"  branch="false" />
			<line number="69"  hits="134"  branch="false" />
			<line number="70"  hits="134"  branch="false" />
			<line number="71"  hits="134"  branch="false" />
			<line number="72"  hits="134"  branch="false" />
			<line number="81"  hits="85"  branch="false" />
			<line number="99"  hits="119"  branch="false" />
			<line number="100"  hits="119"  branch="true"  condition-coverage="100% (2/2)" />
			<line number="101"  hits="115"  branch="false" />
			<line number="104"  hits="119"  branch="false" />
			<line number="105"  hits="119"  branch="false" />
			<line number="107"  hits="119"  branch="false" />
			<line number="117"  hits="65"  branch="false" />
			<line number="124"  hits="48"  branch="false" />
			<line number="139"  hits="16"  branch="true"  condition-coverage="100% (2/2)" />
			<line number="140"  hits="15"  branch="true"  condition-coverage="100% (2/2)" />
			<line number="141"  hits="14"  branch="true"  condition-coverage="100% (2/2)" />
			<line number="142"  hits="13"  branch="true"  condition-coverage="100% (2/2)" />
			<line number="149"  hits="12"  branch="true"  condition-coverage="100% (2/2)" />
			<line number="157"  hits="10"  branch="false" />
			<line number="159"  hits="12"  branch="false" />
			<line number="162"  hits="12"  branch="false" />
			<line number="164"  hits="12"  branch="true"  condition-coverage="100% (2/2)" />
			<line number="165"  hits="10"  branch="false" />
			<line number="168"  hits="12"  branch="false" />
			<line number="179"  hits="2"  branch="false" />
			<line number="181"  hits="2"  branch="false" />
			<line number="194"  hits="5"  branch="false" />
			<line number="195"  hits="4"  branch="false" />
			<line number="197"  hits="3"  branch="false" />
			<line number="198"  hits="3"  branch="false" />
			<line number="200"  hits="3"  branch="false" />
			<line number="213"  hits="74"  branch="false" />
			<line number="215"  hits="74"  branch="false" />
			<line number="225"  hits="124"  branch="false" />
			<line number="226"  hits="124"  branch="false" />
			<line number="229"  hits="124"  branch="false" />
		</lines>
		</class>
	</classes>
	</package>
	<package name="0.4.24.nos"  line-rate="1"  branch-rate="1" >
	<classes>
		<class name="NodeOperatorsRegistry.sol"  filename="contracts/0.4.24/nos/NodeOperatorsRegistry.sol"  line-rate="1"  branch-rate="1" >
		<methods>
			<method name="initialize"  hits="10"  signature="()V" >
				<lines><line number="218"  hits="10" /></lines>
			</method>
			<method name="finalizeUpgrade_v2"  hits="10"  signature="()V" >
				<lines><line number="230"  hits="10" /></lines>
			</method>
			<method name="_initialize_v2"  hits="17"  signature="()V" >
				<lines><line number="281"  hits="17" /></lines>
			</method>
			<method name="finalizeUpgrade_v3"  hits="8"  signature="()V" >
				<lines><line number="298"  hits="8" /></lines>
			</method>
			<method name="_initialize_v3"  hits="13"  signature="()V" >
				<lines><line number="309"  hits="13" /></lines>
			</method>
			<method name="addNodeOperator"  hits="394"  signature="()V" >
				<lines><line number="318"  hits="394" /></lines>
			</method>
			<method name="activateNodeOperator"  hits="9"  signature="()V" >
				<lines><line number="342"  hits="9" /></lines>
			</method>
			<method name="deactivateNodeOperator"  hits="76"  signature="()V" >
				<lines><line number="358"  hits="76" /></lines>
			</method>
			<method name="setNodeOperatorName"  hits="6"  signature="()V" >
				<lines><line number="390"  hits="6" /></lines>
			</method>
			<method name="setNodeOperatorRewardAddress"  hits="6"  signature="()V" >
				<lines><line number="403"  hits="6" /></lines>
			</method>
			<method name="setNodeOperatorStakingLimit"  hits="20"  signature="()V" >
				<lines><line number="419"  hits="20" /></lines>
			</method>
			<method name="decreaseVettedSigningKeysCount"  hits="7"  signature="()V" >
				<lines><line number="431"  hits="7" /></lines>
			</method>
			<method name="_updateVettedSigningKeysCount"  hits="22"  signature="()V" >
				<lines><line number="468"  hits="22" /></lines>
			</method>
			<method name="onRewardsMinted"  hits="2"  signature="()V" >
				<lines><line number="498"  hits="2" /></lines>
			</method>
			<method name="_checkReportPayload"  hits="35"  signature="()V" >
				<lines><line number="503"  hits="35" /></lines>
			</method>
			<method name="updateStuckValidatorsCount"  hits="23"  signature="()V" >
				<lines><line number="513"  hits="23" /></lines>
			</method>
			<method name="updateExitedValidatorsCount"  hits="8"  signature="()V" >
				<lines><line number="552"  hits="8" /></lines>
			</method>
			<method name="updateRefundedValidatorsCount"  hits="20"  signature="()V" >
				<lines><line number="587"  hits="20" /></lines>
			</method>
			<method name="distributeReward"  hits="12"  signature="()V" >
				<lines><line number="611"  hits="12" /></lines>
			</method>
			<method name="onExitedAndStuckValidatorsCountsUpdated"  hits="2"  signature="()V" >
				<lines><line number="624"  hits="2" /></lines>
			</method>
			<method name="unsafeUpdateValidatorsCount"  hits="14"  signature="()V" >
				<lines><line number="634"  hits="14" /></lines>
			</method>
			<method name="_updateExitedValidatorsCount"  hits="19"  signature="()V" >
				<lines><line number="647"  hits="19" /></lines>
			</method>
			<method name="updateTargetValidatorsLimits"  hits="24"  signature="()V" >
				<lines><line number="686"  hits="24" /></lines>
			</method>
			<method name="updateTargetValidatorsLimits"  hits="54"  signature="()V" >
				<lines><line number="694"  hits="54" /></lines>
			</method>
			<method name="_updateStuckValidatorsCount"  hits="33"  signature="()V" >
				<lines><line number="716"  hits="33" /></lines>
			</method>
			<method name="_updateRefundValidatorsKeysCount"  hits="18"  signature="()V" >
				<lines><line number="746"  hits="18" /></lines>
			</method>
			<method name="_updateSummaryMaxValidatorsCount"  hits="423"  signature="()V" >
				<lines><line number="771"  hits="423" /></lines>
			</method>
			<method name="onWithdrawalCredentialsChanged"  hits="3"  signature="()V" >
				<lines><line number="788"  hits="3" /></lines>
			</method>
			<method name="invalidateReadyToDepositKeysRange"  hits="4"  signature="()V" >
				<lines><line number="799"  hits="4" /></lines>
			</method>
			<method name="_invalidateReadyToDepositKeysRange"  hits="4"  signature="()V" >
				<lines><line number="804"  hits="4" /></lines>
			</method>
			<method name="obtainDepositData"  hits="6"  signature="()V" >
				<lines><line number="845"  hits="6" /></lines>
			</method>
			<method name="_getNodeOperator"  hits="320"  signature="()V" >
				<lines><line number="869"  hits="320" /></lines>
			</method>
			<method name="_applyNodeOperatorLimits"  hits="423"  signature="()V" >
				<lines><line number="885"  hits="423" /></lines>
			</method>
			<method name="_getSigningKeysAllocationData"  hits="6"  signature="()V" >
				<lines><line number="925"  hits="6" /></lines>
			</method>
			<method name="_loadAllocatedSigningKeys"  hits="3"  signature="()V" >
				<lines><line number="972"  hits="3" /></lines>
			</method>
			<method name="getNodeOperator"  hits="318"  signature="()V" >
				<lines><line number="1022"  hits="318" /></lines>
			</method>
			<method name="getRewardsDistribution"  hits="12"  signature="()V" >
				<lines><line number="1053"  hits="12" /></lines>
			</method>
			<method name="addSigningKeys"  hits="32"  signature="()V" >
				<lines><line number="1112"  hits="32" /></lines>
			</method>
			<method name="addSigningKeysOperatorBH"  hits="16"  signature="()V" >
				<lines><line number="1126"  hits="16" /></lines>
			</method>
			<method name="_addSigningKeys"  hits="48"  signature="()V" >
				<lines><line number="1132"  hits="48" /></lines>
			</method>
			<method name="removeSigningKey"  hits="11"  signature="()V" >
				<lines><line number="1158"  hits="11" /></lines>
			</method>
			<method name="removeSigningKeys"  hits="19"  signature="()V" >
				<lines><line number="1166"  hits="19" /></lines>
			</method>
			<method name="removeSigningKeyOperatorBH"  hits="11"  signature="()V" >
				<lines><line number="1174"  hits="11" /></lines>
			</method>
			<method name="removeSigningKeysOperatorBH"  hits="15"  signature="()V" >
				<lines><line number="1183"  hits="15" /></lines>
			</method>
			<method name="_removeUnusedSigningKeys"  hits="56"  signature="()V" >
				<lines><line number="1187"  hits="56" /></lines>
			</method>
			<method name="getTotalSigningKeyCount"  hits="7"  signature="()V" >
				<lines><line number="1221"  hits="7" /></lines>
			</method>
			<method name="getUnusedSigningKeyCount"  hits="7"  signature="()V" >
				<lines><line number="1228"  hits="7" /></lines>
			</method>
			<method name="getSigningKey"  hits="55"  signature="()V" >
				<lines><line number="1241"  hits="55" /></lines>
			</method>
			<method name="getSigningKeys"  hits="66"  signature="()V" >
				<lines><line number="1258"  hits="66" /></lines>
			</method>
			<method name="getType"  hits="5"  signature="()V" >
				<lines><line number="1279"  hits="5" /></lines>
			</method>
			<method name="getStakingModuleSummary"  hits="14"  signature="()V" >
				<lines><line number="1283"  hits="14" /></lines>
			</method>
			<method name="getNodeOperatorSummary"  hits="304"  signature="()V" >
				<lines><line number="1294"  hits="304" /></lines>
			</method>
			<method name="_getNodeOperatorValidatorsSummary"  hits="303"  signature="()V" >
				<lines><line number="1322"  hits="303" /></lines>
			</method>
			<method name="_isOperatorPenalized"  hits="489"  signature="()V" >
				<lines><line number="1333"  hits="489" /></lines>
			</method>
			<method name="isOperatorPenalized"  hits="42"  signature="()V" >
				<lines><line number="1338"  hits="42" /></lines>
			</method>
			<method name="isOperatorPenaltyCleared"  hits="438"  signature="()V" >
				<lines><line number="1343"  hits="438" /></lines>
			</method>
			<method name="clearNodeOperatorPenalty"  hits="9"  signature="()V" >
				<lines><line number="1348"  hits="9" /></lines>
			</method>
			<method name="getNodeOperatorsCount"  hits="1989"  signature="()V" >
				<lines><line number="1364"  hits="1989" /></lines>
			</method>
			<method name="getActiveNodeOperatorsCount"  hits="737"  signature="()V" >
				<lines><line number="1369"  hits="737" /></lines>
			</method>
			<method name="getNodeOperatorIsActive"  hits="195"  signature="()V" >
				<lines><line number="1374"  hits="195" /></lines>
			</method>
			<method name="getNodeOperatorIds"  hits="5"  signature="()V" >
				<lines><line number="1379"  hits="5" /></lines>
			</method>
			<method name="getNonce"  hits="160"  signature="()V" >
				<lines><line number="1397"  hits="160" /></lines>
			</method>
			<method name="getKeysOpIndex"  hits="103"  signature="()V" >
				<lines><line number="1410"  hits="103" /></lines>
			</method>
			<method name="_distributeRewards"  hits="10"  signature="()V" >
				<lines><line number="1416"  hits="10" /></lines>
			</method>
			<method name="getLocator"  hits="447"  signature="()V" >
				<lines><line number="1447"  hits="447" /></lines>
			</method>
			<method name="getStuckPenaltyDelay"  hits="23"  signature="()V" >
				<lines><line number="1451"  hits="23" /></lines>
			</method>
			<method name="setStuckPenaltyDelay"  hits="23"  signature="()V" >
				<lines><line number="1455"  hits="23" /></lines>
			</method>
			<method name="getRewardDistributionState"  hits="19"  signature="()V" >
				<lines><line number="1463"  hits="19" /></lines>
			</method>
			<method name="_updateRewardDistributionState"  hits="41"  signature="()V" >
				<lines><line number="1468"  hits="41" /></lines>
			</method>
			<method name="_setStuckPenaltyDelay"  hits="37"  signature="()V" >
				<lines><line number="1474"  hits="37" /></lines>
			</method>
			<method name="_increaseValidatorsKeysNonce"  hits="273"  signature="()V" >
				<lines><line number="1480"  hits="273" /></lines>
			</method>
			<method name="_loadSummarySigningKeysStats"  hits="398"  signature="()V" >
				<lines><line number="1488"  hits="398" /></lines>
			</method>
			<method name="_saveSummarySigningKeysStats"  hits="392"  signature="()V" >
				<lines><line number="1492"  hits="392" /></lines>
			</method>
			<method name="_loadOperatorTargetValidatorsStats"  hits="1104"  signature="()V" >
				<lines><line number="1496"  hits="1104" /></lines>
			</method>
			<method name="_saveOperatorTargetValidatorsStats"  hits="170"  signature="()V" >
				<lines><line number="1500"  hits="170" /></lines>
			</method>
			<method name="_loadOperatorStuckPenaltyStats"  hits="860"  signature="()V" >
				<lines><line number="1504"  hits="860" /></lines>
			</method>
			<method name="_saveOperatorStuckPenaltyStats"  hits="46"  signature="()V" >
				<lines><line number="1508"  hits="46" /></lines>
			</method>
			<method name="_loadOperatorSigningKeysStats"  hits="1411"  signature="()V" >
				<lines><line number="1512"  hits="1411" /></lines>
			</method>
			<method name="_saveOperatorSigningKeysStats"  hits="153"  signature="()V" >
				<lines><line number="1516"  hits="153" /></lines>
			</method>
			<method name="_requireAuth"  hits="760"  signature="()V" >
				<lines><line number="1520"  hits="760" /></lines>
			</method>
			<method name="_requireNotSameValue"  hits="4"  signature="()V" >
				<lines><line number="1524"  hits="4" /></lines>
			</method>
			<method name="_requireValidRange"  hits="1361"  signature="()V" >
				<lines><line number="1528"  hits="1361" /></lines>
			</method>
			<method name="_onlyCorrectNodeOperatorState"  hits="99"  signature="()V" >
				<lines><line number="1532"  hits="99" /></lines>
			</method>
			<method name="_auth"  hits="643"  signature="()V" >
				<lines><line number="1536"  hits="643" /></lines>
			</method>
			<method name="_authP"  hits="19"  signature="()V" >
				<lines><line number="1540"  hits="19" /></lines>
			</method>
			<method name="_onlyNodeOperatorManager"  hits="98"  signature="()V" >
				<lines><line number="1544"  hits="98" /></lines>
			</method>
			<method name="_onlyExistedNodeOperator"  hits="1019"  signature="()V" >
				<lines><line number="1550"  hits="1019" /></lines>
			</method>
			<method name="_onlyValidNodeOperatorName"  hits="400"  signature="()V" >
				<lines><line number="1554"  hits="400" /></lines>
			</method>
			<method name="_onlyValidRewardAddress"  hits="398"  signature="()V" >
				<lines><line number="1558"  hits="398" /></lines>
			</method>
			<method name="_onlyNonZeroAddress"  hits="415"  signature="()V" >
				<lines><line number="1565"  hits="415" /></lines>
			</method>
		</methods>
		<lines>
			<line number="220"  hits="10"  branch="false" />
			<line number="223"  hits="9"  branch="false" />
			<line number="225"  hits="9"  branch="false" />
			<line number="231"  hits="10"  branch="true"  condition-coverage="100% (2/2)" />
			<line number="232"  hits="9"  branch="false" />
			<line number="233"  hits="7"  branch="false" />
			<line number="235"  hits="6"  branch="false" />
			<line number="236"  hits="6"  branch="false" />
			<line number="237"  hits="6"  branch="false" />
			<line number="238"  hits="6"  branch="false" />
			<line number="239"  hits="6"  branch="false" />
			<line number="240"  hits="6"  branch="false" />
			<line number="241"  hits="6"  branch="false" />
			<line number="242"  hits="6"  branch="false" />
			<line number="243"  hits="8"  branch="false" />
			<line number="244"  hits="8"  branch="false" />
			<line number="245"  hits="8"  branch="false" />
			<line number="246"  hits="8"  branch="false" />
			<line number="248"  hits="8"  branch="false" />
			<line number="249"  hits="8"  branch="true"  condition-coverage="100% (2/2)" />
			<line number="251"  hits="2"  branch="false" />
			<line number="253"  hits="6"  branch="false" />
			<line number="259"  hits="8"  branch="true"  condition-coverage="100% (2/2)" />
			<line number="260"  hits="6"  branch="false" />
			<line number="261"  hits="6"  branch="false" />
			<line number="262"  hits="6"  branch="false" />
			<line number="265"  hits="8"  branch="false" />
			<line number="266"  hits="8"  branch="false" />
			<line number="267"  hits="8"  branch="false" />
			<line number="269"  hits="8"  branch="false" />
			<line number="270"  hits="8"  branch="false" />
			<line number="271"  hits="8"  branch="false" />
			<line number="277"  hits="6"  branch="false" />
			<line number="278"  hits="6"  branch="false" />
			<line number="282"  hits="17"  branch="false" />
			<line number="283"  hits="15"  branch="false" />
			<line number="284"  hits="15"  branch="false" />
			<line number="286"  hits="15"  branch="false" />
			<line number="288"  hits="15"  branch="false" />
			<line number="292"  hits="15"  branch="false" />
			<line number="294"  hits="15"  branch="false" />
			<line number="295"  hits="15"  branch="false" />
			<line number="299"  hits="8"  branch="true"  condition-coverage="100% (2/2)" />
			<line number="300"  hits="6"  branch="false" />
			<line number="301"  hits="4"  branch="false" />
			<line number="304"  hits="4"  branch="false" />
			<line number="305"  hits="4"  branch="false" />
			<line number="306"  hits="4"  branch="false" />
			<line number="310"  hits="13"  branch="false" />
			<line number="311"  hits="13"  branch="false" />
			<line number="319"  hits="394"  branch="false" />
			<line number="320"  hits="392"  branch="false" />
			<line number="321"  hits="390"  branch="false" />
			<line number="323"  hits="389"  branch="false" />
			<line number="324"  hits="389"  branch="true"  condition-coverage="100% (2/2)" />
			<line number="326"  hits="388"  branch="false" />
			<line number="328"  hits="388"  branch="false" />
			<line number="330"  hits="388"  branch="false" />
			<line number="331"  hits="388"  branch="false" />
			<line number="333"  hits="388"  branch="false" />
			<line number="334"  hits="388"  branch="false" />
			<line number="335"  hits="388"  branch="false" />
			<line number="337"  hits="388"  branch="false" />
			<line number="343"  hits="9"  branch="false" />
			<line number="344"  hits="8"  branch="false" />
			<line number="346"  hits="7"  branch="false" />
			<line number="348"  hits="6"  branch="false" />
			<line number="350"  hits="6"  branch="false" />
			<line number="352"  hits="6"  branch="false" />
			<line number="353"  hits="6"  branch="false" />
			<line number="359"  hits="76"  branch="false" />
			<line number="360"  hits="75"  branch="false" />
			<line number="362"  hits="74"  branch="false" />
			<line number="364"  hits="73"  branch="false" />
			<line number="365"  hits="73"  branch="false" />
			<line number="367"  hits="73"  branch="false" />
			<line number="369"  hits="73"  branch="false" />
			<line number="371"  hits="73"  branch="false" />
			<line number="372"  hits="73"  branch="false" />
			<line number="373"  hits="73"  branch="false" />
			<line number="376"  hits="73"  branch="true"  condition-coverage="100% (2/2)" />
			<line number="377"  hits="45"  branch="false" />
			<line number="378"  hits="45"  branch="false" />
			<line number="380"  hits="45"  branch="false" />
			<line number="382"  hits="45"  branch="false" />
			<line number="384"  hits="73"  branch="false" />
			<line number="391"  hits="6"  branch="false" />
			<line number="392"  hits="4"  branch="false" />
			<line number="393"  hits="3"  branch="false" />
			<line number="395"  hits="2"  branch="false" />
			<line number="396"  hits="1"  branch="false" />
			<line number="397"  hits="1"  branch="false" />
			<line number="404"  hits="6"  branch="false" />
			<line number="405"  hits="4"  branch="false" />
			<line number="406"  hits="3"  branch="false" />
			<line number="408"  hits="2"  branch="false" />
			<line number="409"  hits="1"  branch="false" />
			<line number="410"  hits="1"  branch="false" />
			<line number="420"  hits="20"  branch="false" />
			<line number="421"  hits="19"  branch="false" />
			<line number="422"  hits="18"  branch="false" />
			<line number="424"  hits="17"  branch="false" />
			<line number="425"  hits="17"  branch="false" />
			<line number="435"  hits="7"  branch="false" />
			<line number="436"  hits="6"  branch="false" />
			<line number="437"  hits="6"  branch="false" />
			<line number="439"  hits="6"  branch="false" />
			<line number="440"  hits="6"  branch="false" />
			<line number="441"  hits="6"  branch="false" />
			<line number="442"  hits="6"  branch="false" />
			<line number="451"  hits="6"  branch="false" />
			<line number="455"  hits="6"  branch="false" />
			<line number="457"  hits="6"  branch="false" />
			<line number="462"  hits="6"  branch="false" />
			<line number="463"  hits="5"  branch="false" />
			<line number="465"  hits="4"  branch="false" />
			<line number="473"  hits="22"  branch="false" />
			<line number="474"  hits="22"  branch="false" />
			<line number="475"  hits="22"  branch="false" />
			<line number="476"  hits="22"  branch="false" />
			<line number="478"  hits="22"  branch="false" />
			<line number="482"  hits="22"  branch="true"  condition-coverage="100% (2/2)" />
			<line number="484"  hits="20"  branch="true"  condition-coverage="100% (2/2)" />
			<line number="489"  hits="19"  branch="false" />
			<line number="490"  hits="19"  branch="false" />
			<line number="492"  hits="19"  branch="false" />
			<line number="494"  hits="19"  branch="false" />
			<line number="499"  hits="2"  branch="false" />
			<line number="500"  hits="1"  branch="false" />
			<line number="504"  hits="35"  branch="false" />
			<line number="505"  hits="35"  branch="true"  condition-coverage="100% (2/2)" />
			<line number="514"  hits="23"  branch="false" />
			<line number="515"  hits="22"  branch="false" />
			<line number="516"  hits="21"  branch="false" />
			<line number="518"  hits="21"  branch="false" />
			<line number="519"  hits="21"  branch="false" />
			<line number="520"  hits="21"  branch="false" />
			<line number="521"  hits="21"  branch="false" />
			<line number="530"  hits="21"  branch="false" />
			<line number="534"  hits="21"  branch="false" />
			<line number="536"  hits="21"  branch="false" />
			<line number="541"  hits="21"  branch="false" />
			<line number="542"  hits="21"  branch="false" />
			<line number="544"  hits="21"  branch="false" />
			<line number="558"  hits="8"  branch="false" />
			<line number="559"  hits="7"  branch="false" />
			<line number="560"  hits="7"  branch="false" />
			<line number="562"  hits="7"  branch="false" />
			<line number="563"  hits="7"  branch="false" />
			<line number="564"  hits="7"  branch="false" />
			<line number="565"  hits="7"  branch="false" />
			<line number="567"  hits="7"  branch="false" />
			<line number="571"  hits="7"  branch="false" />
			<line number="573"  hits="7"  branch="false" />
			<line number="578"  hits="7"  branch="false" />
			<line number="579"  hits="7"  branch="false" />
			<line number="581"  hits="6"  branch="false" />
			<line number="588"  hits="20"  branch="false" />
			<line number="589"  hits="19"  branch="false" />
			<line number="591"  hits="18"  branch="false" />
			<line number="592"  hits="18"  branch="false" />
			<line number="612"  hits="12"  branch="true"  condition-coverage="100% (2/2)" />
			<line number="613"  hits="10"  branch="false" />
			<line number="614"  hits="10"  branch="false" />
			<line number="625"  hits="2"  branch="false" />
			<line number="626"  hits="1"  branch="false" />
			<line number="639"  hits="14"  branch="false" />
			<line number="640"  hits="13"  branch="false" />
			<line number="642"  hits="12"  branch="false" />
			<line number="643"  hits="12"  branch="false" />
			<line number="644"  hits="12"  branch="false" />
			<line number="650"  hits="19"  branch="false" />
			<line number="651"  hits="19"  branch="false" />
			<line number="652"  hits="19"  branch="true"  condition-coverage="100% (2/2)" />
			<line number="653"  hits="18"  branch="true"  condition-coverage="100% (2/2)" />
			<line number="658"  hits="17"  branch="false" />
			<line number="659"  hits="17"  branch="false" />
			<line number="663"  hits="17"  branch="false" />
			<line number="664"  hits="17"  branch="false" />
			<line number="666"  hits="17"  branch="false" />
			<line number="667"  hits="17"  branch="false" />
			<line number="668"  hits="17"  branch="false" />
			<line number="670"  hits="17"  branch="false" />
			<line number="671"  hits="17"  branch="false" />
			<line number="672"  hits="17"  branch="true"  condition-coverage="100% (2/2)" />
			<line number="673"  hits="16"  branch="false" />
			<line number="675"  hits="1"  branch="false" />
			<line number="677"  hits="17"  branch="false" />
			<line number="678"  hits="17"  branch="false" />
			<line number="687"  hits="24"  branch="false" />
			<line number="695"  hits="54"  branch="false" />
			<line number="696"  hits="54"  branch="false" />
			<line number="697"  hits="52"  branch="false" />
			<line number="699"  hits="50"  branch="false" />
			<line number="700"  hits="50"  branch="false" />
			<line number="701"  hits="50"  branch="true"  condition-coverage="100% (2/2)" />
			<line number="702"  hits="22"  branch="false" />
			<line number="704"  hits="50"  branch="false" />
			<line number="705"  hits="50"  branch="false" />
			<line number="707"  hits="50"  branch="false" />
			<line number="709"  hits="50"  branch="false" />
			<line number="710"  hits="50"  branch="false" />
			<line number="717"  hits="33"  branch="false" />
			<line number="718"  hits="33"  branch="false" />
			<line number="719"  hits="33"  branch="true"  condition-coverage="100% (2/2)" />
			<line number="721"  hits="25"  branch="false" />
			<line number="722"  hits="25"  branch="false" />
			<line number="723"  hits="25"  branch="false" />
			<line number="726"  hits="25"  branch="false" />
			<line number="727"  hits="25"  branch="false" />
			<line number="729"  hits="25"  branch="false" />
			<line number="730"  hits="25"  branch="true"  condition-coverage="100% (2/2)" />
			<line number="731"  hits="1"  branch="false" />
			<line number="734"  hits="25"  branch="false" />
			<line number="735"  hits="25"  branch="false" />
			<line number="736"  hits="25"  branch="false" />
			<line number="743"  hits="25"  branch="false" />
			<line number="747"  hits="18"  branch="false" />
			<line number="748"  hits="18"  branch="false" />
			<line number="749"  hits="18"  branch="true"  condition-coverage="100% (2/2)" />
			<line number="751"  hits="17"  branch="false" />
			<line number="752"  hits="17"  branch="false" />
			<line number="754"  hits="17"  branch="false" />
			<line number="755"  hits="17"  branch="true"  condition-coverage="100% (2/2)" />
			<line number="756"  hits="11"  branch="false" />
			<line number="759"  hits="17"  branch="false" />
			<line number="760"  hits="17"  branch="false" />
			<line number="761"  hits="17"  branch="false" />
			<line number="767"  hits="17"  branch="false" />
			<line number="772"  hits="423"  branch="false" />
			<line number="774"  hits="423"  branch="true"  condition-coverage="100% (2/2)" />
			<line number="776"  hits="112"  branch="false" />
			<line number="778"  hits="112"  branch="false" />
			<line number="779"  hits="112"  branch="true"  condition-coverage="100% (2/2)" />
			<line number="780"  hits="24"  branch="false" />
			<line number="782"  hits="88"  branch="false" />
			<line number="784"  hits="112"  branch="false" />
			<line number="789"  hits="3"  branch="false" />
			<line number="790"  hits="2"  branch="false" />
			<line number="791"  hits="2"  branch="true"  condition-coverage="100% (2/2)" />
			<line number="792"  hits="1"  branch="false" />
			<line number="800"  hits="4"  branch="false" />
			<line number="801"  hits="3"  branch="false" />
			<line number="805"  hits="4"  branch="false" />
			<line number="807"  hits="3"  branch="false" />
			<line number="808"  hits="3"  branch="false" />
			<line number="809"  hits="3"  branch="false" />
			<line number="810"  hits="3"  branch="false" />
			<line number="811"  hits="3"  branch="false" />
			<line number="812"  hits="3"  branch="false" />
			<line number="813"  hits="5"  branch="false" />
			<line number="815"  hits="5"  branch="false" />
			<line number="816"  hits="5"  branch="false" />
			<line number="818"  hits="5"  branch="true"  condition-coverage="100% (2/2)" />
			<line number="819"  hits="4"  branch="false" />
			<line number="821"  hits="4"  branch="false" />
			<line number="822"  hits="4"  branch="false" />
			<line number="824"  hits="4"  branch="false" />
			<line number="825"  hits="4"  branch="false" />
			<line number="826"  hits="4"  branch="false" />
			<line number="828"  hits="4"  branch="false" />
			<line number="830"  hits="4"  branch="false" />
			<line number="831"  hits="4"  branch="false" />
			<line number="832"  hits="4"  branch="false" />
			<line number="835"  hits="3"  branch="true"  condition-coverage="100% (2/2)" />
			<line number="836"  hits="2"  branch="false" />
			<line number="849"  hits="6"  branch="false" />
			<line number="851"  hits="5"  branch="true"  condition-coverage="100% (2/2)" />
			<line number="853"  hits="4"  branch="false" />
			<line number="859"  hits="4"  branch="true"  condition-coverage="100% (2/2)" />
			<line number="861"  hits="2"  branch="false" />
			<line number="866"  hits="2"  branch="false" />
			<line number="874"  hits="320"  branch="false" />
			<line number="875"  hits="320"  branch="false" />
			<line number="877"  hits="320"  branch="false" />
			<line number="878"  hits="320"  branch="false" />
			<line number="879"  hits="320"  branch="false" />
			<line number="882"  hits="320"  branch="false" />
			<line number="889"  hits="423"  branch="false" />
			<line number="890"  hits="423"  branch="false" />
			<line number="892"  hits="423"  branch="false" />
			<line number="896"  hits="423"  branch="false" />
			<line number="898"  hits="423"  branch="true"  condition-coverage="100% (2/2)" />
			<line number="900"  hits="44"  branch="false" />
			<line number="903"  hits="28"  branch="false" />
			<line number="918"  hits="423"  branch="false" />
			<line number="919"  hits="423"  branch="true"  condition-coverage="100% (2/2)" />
			<line number="920"  hits="112"  branch="false" />
			<line number="921"  hits="112"  branch="false" />
			<line number="930"  hits="6"  branch="false" />
			<line number="931"  hits="6"  branch="false" />
			<line number="932"  hits="6"  branch="false" />
			<line number="933"  hits="6"  branch="false" />
			<line number="935"  hits="6"  branch="false" />
			<line number="936"  hits="6"  branch="false" />
			<line number="937"  hits="6"  branch="false" />
			<line number="938"  hits="6"  branch="false" />
			<line number="939"  hits="6"  branch="false" />
			<line number="941"  hits="6"  branch="false" />
			<line number="942"  hits="17"  branch="false" />
			<line number="946"  hits="17"  branch="true"  condition-coverage="100% (2/2)" />
			<line number="948"  hits="6"  branch="false" />
			<line number="949"  hits="6"  branch="false" />
			<line number="950"  hits="6"  branch="false" />
			<line number="951"  hits="6"  branch="false" />
			<line number="954"  hits="6"  branch="true"  condition-coverage="100% (2/2)" />
			<line number="957"  hits="4"  branch="true"  condition-coverage="100% (2/2)" />
			<line number="958"  hits="3"  branch="false" />
			<line number="965"  hits="4"  branch="false" />
			<line number="969"  hits="4"  branch="false" />
			<line number="977"  hits="3"  branch="false" />
			<line number="979"  hits="3"  branch="false" />
			<line number="980"  hits="3"  branch="false" />
			<line number="981"  hits="3"  branch="false" />
			<line number="982"  hits="3"  branch="false" />
			<line number="983"  hits="3"  branch="false" />
			<line number="984"  hits="3"  branch="false" />
			<line number="985"  hits="5"  branch="false" />
			<line number="986"  hits="5"  branch="false" />
			<line number="987"  hits="5"  branch="false" />
			<line number="990"  hits="5"  branch="true"  condition-coverage="100% (2/2)" />
			<line number="998"  hits="4"  branch="false" />
			<line number="1000"  hits="4"  branch="false" />
			<line number="1001"  hits="4"  branch="false" />
			<line number="1004"  hits="4"  branch="false" />
			<line number="1006"  hits="4"  branch="false" />
			<line number="1007"  hits="4"  branch="false" />
			<line number="1008"  hits="4"  branch="false" />
			<line number="1009"  hits="4"  branch="false" />
			<line number="1012"  hits="3"  branch="false" />
			<line number="1014"  hits="3"  branch="false" />
			<line number="1015"  hits="3"  branch="false" />
			<line number="1016"  hits="3"  branch="false" />
			<line number="1035"  hits="318"  branch="false" />
			<line number="1037"  hits="317"  branch="false" />
			<line number="1039"  hits="317"  branch="false" />
			<line number="1040"  hits="317"  branch="false" />
			<line number="1041"  hits="317"  branch="true"  condition-coverage="100% (2/2)" />
			<line number="1043"  hits="317"  branch="false" />
			<line number="1045"  hits="317"  branch="false" />
			<line number="1046"  hits="317"  branch="false" />
			<line number="1047"  hits="317"  branch="false" />
			<line number="1048"  hits="317"  branch="false" />
			<line number="1058"  hits="12"  branch="false" />
			<line number="1060"  hits="12"  branch="false" />
			<line number="1061"  hits="12"  branch="false" />
			<line number="1062"  hits="12"  branch="false" />
			<line number="1063"  hits="12"  branch="false" />
			<line number="1064"  hits="12"  branch="false" />
			<line number="1066"  hits="12"  branch="false" />
			<line number="1067"  hits="12"  branch="false" />
			<line number="1068"  hits="12"  branch="false" />
			<line number="1069"  hits="29"  branch="true"  condition-coverage="100% (2/2)" />
			<line number="1071"  hits="27"  branch="false" />
			<line number="1072"  hits="27"  branch="false" />
			<line number="1073"  hits="27"  branch="false" />
			<line number="1076"  hits="27"  branch="false" />
			<line number="1077"  hits="27"  branch="false" />
			<line number="1081"  hits="27"  branch="false" />
			<line number="1083"  hits="27"  branch="false" />
			<line number="1085"  hits="27"  branch="false" />
			<line number="1086"  hits="27"  branch="false" />
			<line number="1088"  hits="27"  branch="false" />
			<line number="1091"  hits="12"  branch="true"  condition-coverage="100% (2/2)" />
			<line number="1093"  hits="11"  branch="false" />
			<line number="1097"  hits="11"  branch="false" />
			<line number="1100"  hits="11"  branch="false" />
			<line number="1113"  hits="32"  branch="false" />
			<line number="1129"  hits="16"  branch="false" />
			<line number="1133"  hits="48"  branch="false" />
			<line number="1134"  hits="46"  branch="false" />
			<line number="1136"  hits="36"  branch="false" />
			<line number="1138"  hits="30"  branch="false" />
			<line number="1139"  hits="30"  branch="false" />
			<line number="1141"  hits="30"  branch="false" />
			<line number="1143"  hits="28"  branch="false" />
			<line number="1146"  hits="20"  branch="false" />
			<line number="1148"  hits="20"  branch="false" />
			<line number="1149"  hits="20"  branch="false" />
			<line number="1151"  hits="20"  branch="false" />
			<line number="1159"  hits="11"  branch="false" />
			<line number="1167"  hits="19"  branch="false" />
			<line number="1175"  hits="11"  branch="false" />
			<line number="1184"  hits="15"  branch="false" />
			<line number="1188"  hits="56"  branch="false" />
			<line number="1189"  hits="52"  branch="false" />
			<line number="1192"  hits="32"  branch="true"  condition-coverage="100% (2/2)" />
			<line number="1194"  hits="26"  branch="false" />
			<line number="1195"  hits="26"  branch="false" />
			<line number="1197"  hits="26"  branch="false" />
			<line number="1202"  hits="20"  branch="false" />
			<line number="1204"  hits="20"  branch="false" />
			<line number="1205"  hits="20"  branch="false" />
			<line number="1207"  hits="20"  branch="false" />
			<line number="1208"  hits="20"  branch="true"  condition-coverage="100% (2/2)" />
			<line number="1210"  hits="8"  branch="false" />
			<line number="1211"  hits="8"  branch="false" />
			<line number="1213"  hits="20"  branch="false" />
			<line number="1215"  hits="20"  branch="false" />
			<line number="1217"  hits="20"  branch="false" />
			<line number="1222"  hits="7"  branch="false" />
			<line number="1223"  hits="6"  branch="false" />
			<line number="1224"  hits="6"  branch="false" />
			<line number="1229"  hits="7"  branch="false" />
			<line number="1231"  hits="6"  branch="false" />
			<line number="1232"  hits="6"  branch="false" />
			<line number="1246"  hits="55"  branch="false" />
			<line number="1247"  hits="55"  branch="false" />
			<line number="1248"  hits="50"  branch="false" />
			<line number="1263"  hits="66"  branch="false" />
			<line number="1265"  hits="64"  branch="false" />
			<line number="1266"  hits="64"  branch="false" />
			<line number="1268"  hits="55"  branch="false" />
			<line number="1269"  hits="55"  branch="false" />
			<line number="1270"  hits="55"  branch="false" />
			<line number="1272"  hits="55"  branch="false" />
			<line number="1273"  hits="55"  branch="false" />
			<line number="1274"  hits="54"  branch="false" />
			<line number="1280"  hits="5"  branch="false" />
			<line number="1288"  hits="14"  branch="false" />
			<line number="1289"  hits="14"  branch="false" />
			<line number="1290"  hits="14"  branch="false" />
			<line number="1291"  hits="14"  branch="false" />
			<line number="1307"  hits="304"  branch="false" />
			<line number="1309"  hits="303"  branch="false" />
			<line number="1310"  hits="303"  branch="false" />
			<line number="1312"  hits="303"  branch="false" />
			<line number="1313"  hits="303"  branch="false" />
			<line number="1314"  hits="303"  branch="false" />
			<line number="1315"  hits="303"  branch="false" />
			<line number="1316"  hits="303"  branch="false" />
			<line number="1318"  hits="303"  branch="false" />
			<line number="1327"  hits="303"  branch="false" />
			<line number="1328"  hits="303"  branch="false" />
			<line number="1330"  hits="303"  branch="false" />
			<line number="1334"  hits="489"  branch="true"  condition-coverage="100% (2/2)" />
			<line number="1339"  hits="42"  branch="false" />
			<line number="1340"  hits="42"  branch="false" />
			<line number="1344"  hits="438"  branch="false" />
			<line number="1345"  hits="438"  branch="false" />
			<line number="1349"  hits="9"  branch="false" />
			<line number="1350"  hits="9"  branch="true"  condition-coverage="100% (2/2)" />
			<line number="1354"  hits="4"  branch="false" />
			<line number="1355"  hits="4"  branch="false" />
			<line number="1356"  hits="4"  branch="false" />
			<line number="1357"  hits="4"  branch="false" />
			<line number="1359"  hits="4"  branch="false" />
			<line number="1360"  hits="4"  branch="false" />
			<line number="1365"  hits="1989"  branch="false" />
			<line number="1370"  hits="737"  branch="false" />
			<line number="1375"  hits="195"  branch="false" />
			<line number="1383"  hits="5"  branch="false" />
			<line number="1384"  hits="5"  branch="true"  condition-coverage="100% (4/4)" />
			<line number="1385"  hits="2"  branch="false" />
			<line number="1386"  hits="2"  branch="false" />
			<line number="1387"  hits="2"  branch="false" />
			<line number="1398"  hits="160"  branch="false" />
			<line number="1411"  hits="103"  branch="false" />
			<line number="1417"  hits="10"  branch="false" />
			<line number="1419"  hits="10"  branch="false" />
			<line number="1420"  hits="10"  branch="true"  condition-coverage="100% (2/2)" />
			<line number="1421"  hits="2"  branch="false" />
			<line number="1424"  hits="8"  branch="false" />
			<line number="1427"  hits="8"  branch="false" />
			<line number="1428"  hits="8"  branch="false" />
			<line number="1430"  hits="23"  branch="true"  condition-coverage="100% (2/2)" />
			<line number="1431"  hits="16"  branch="true"  condition-coverage="100% (2/2)" />
			<line number="1434"  hits="4"  branch="false" />
			<line number="1435"  hits="4"  branch="false" />
			<line number="1436"  hits="4"  branch="false" />
			<line number="1438"  hits="16"  branch="false" />
			<line number="1439"  hits="16"  branch="false" />
			<line number="1440"  hits="16"  branch="false" />
			<line number="1442"  hits="8"  branch="true"  condition-coverage="100% (2/2)" />
			<line number="1443"  hits="4"  branch="false" />
			<line number="1448"  hits="447"  branch="false" />
			<line number="1452"  hits="23"  branch="false" />
			<line number="1456"  hits="23"  branch="false" />
			<line number="1458"  hits="22"  branch="false" />
			<line number="1464"  hits="19"  branch="false" />
			<line number="1465"  hits="19"  branch="false" />
			<line number="1469"  hits="41"  branch="false" />
			<line number="1470"  hits="41"  branch="false" />
			<line number="1475"  hits="37"  branch="false" />
			<line number="1476"  hits="36"  branch="false" />
			<line number="1477"  hits="36"  branch="false" />
			<line number="1481"  hits="273"  branch="false" />
			<line number="1482"  hits="273"  branch="false" />
			<line number="1484"  hits="273"  branch="false" />
			<line number="1485"  hits="273"  branch="false" />
			<line number="1489"  hits="398"  branch="false" />
			<line number="1493"  hits="392"  branch="false" />
			<line number="1497"  hits="1104"  branch="false" />
			<line number="1501"  hits="170"  branch="false" />
			<line number="1505"  hits="860"  branch="false" />
			<line number="1509"  hits="46"  branch="false" />
			<line number="1513"  hits="1411"  branch="false" />
			<line number="1517"  hits="153"  branch="false" />
			<line number="1521"  hits="760"  branch="true"  condition-coverage="100% (2/2)" />
			<line number="1525"  hits="4"  branch="true"  condition-coverage="100% (2/2)" />
			<line number="1529"  hits="1361"  branch="true"  condition-coverage="100% (2/2)" />
			<line number="1533"  hits="99"  branch="true"  condition-coverage="100% (2/2)" />
			<line number="1537"  hits="643"  branch="false" />
			<line number="1541"  hits="19"  branch="false" />
			<line number="1545"  hits="98"  branch="false" />
			<line number="1546"  hits="98"  branch="false" />
			<line number="1547"  hits="98"  branch="false" />
			<line number="1551"  hits="1019"  branch="false" />
			<line number="1555"  hits="400"  branch="true"  condition-coverage="100% (2/2)" />
			<line number="1559"  hits="398"  branch="false" />
			<line number="1562"  hits="396"  branch="true"  condition-coverage="100% (2/2)" />
			<line number="1566"  hits="415"  branch="true"  condition-coverage="100% (2/2)" />
		</lines>
		</class>
	</classes>
	</package>
	<package name="0.4.24.oracle"  line-rate="1"  branch-rate="1" >
	<classes>
		<class name="LegacyOracle.sol"  filename="contracts/0.4.24/oracle/LegacyOracle.sol"  line-rate="1"  branch-rate="1" >
		<methods>
			<method name="getLido"  hits="5"  signature="()V" >
				<lines><line number="113"  hits="5" /></lines>
			</method>
			<method name="getAccountingOracle"  hits="9"  signature="()V" >
				<lines><line number="120"  hits="9" /></lines>
			</method>
			<method name="getVersion"  hits="3"  signature="()V" >
				<lines><line number="131"  hits="3" /></lines>
			</method>
			<method name="getBeaconSpec"  hits="2"  signature="()V" >
				<lines><line number="140"  hits="2" /></lines>
			</method>
			<method name="getCurrentEpochId"  hits="21"  signature="()V" >
				<lines><line number="164"  hits="21" /></lines>
			</method>
			<method name="getCurrentFrame"  hits="2"  signature="()V" >
				<lines><line number="176"  hits="2" /></lines>
			</method>
			<method name="getLastCompletedEpochId"  hits="47"  signature="()V" >
				<lines><line number="194"  hits="47" /></lines>
			</method>
			<method name="getLastCompletedReportDelta"  hits="3"  signature="()V" >
				<lines><line number="209"  hits="3" /></lines>
			</method>
			<method name="handlePostTokenRebase"  hits="3"  signature="()V" >
				<lines><line number="230"  hits="3" /></lines>
			</method>
			<method name="handleConsensusLayerReport"  hits="3"  signature="()V" >
				<lines><line number="253"  hits="3" /></lines>
			</method>
			<method name="initialize"  hits="27"  signature="()V" >
[...]
			<line number="569"  hits="0"  branch="false" />
			<line number="577"  hits="17"  branch="true"  condition-coverage="50% (1/2)" />
			<line number="578"  hits="0"  branch="false" />
			<line number="583"  hits="17"  branch="false" />
			<line number="584"  hits="17"  branch="false" />
			<line number="585"  hits="17"  branch="true"  condition-coverage="50% (1/2)" />
			<line number="586"  hits="0"  branch="false" />
			<line number="591"  hits="37"  branch="false" />
			<line number="599"  hits="16"  branch="false" />
			<line number="600"  hits="16"  branch="false" />
			<line number="601"  hits="29"  branch="true"  condition-coverage="100% (2/2)" />
			<line number="602"  hits="26"  branch="false" />
			<line number="604"  hits="3"  branch="false" />
			<line number="607"  hits="16"  branch="false" />
			<line number="611"  hits="34"  branch="false" />
			<line number="612"  hits="81"  branch="true"  condition-coverage="100% (2/2)" />
			<line number="613"  hits="10"  branch="false" />
			<line number="616"  hits="24"  branch="false" />
			<line number="627"  hits="17"  branch="false" />
			<line number="630"  hits="17"  branch="false" />
			<line number="631"  hits="17"  branch="false" />
			<line number="633"  hits="17"  branch="false" />
			<line number="634"  hits="17"  branch="false" />
			<line number="635"  hits="5"  branch="false" />
			<line number="636"  hits="5"  branch="false" />
			<line number="639"  hits="17"  branch="true"  condition-coverage="100% (2/2)" />
			<line number="640"  hits="4"  branch="false" />
			<line number="642"  hits="4"  branch="false" />
			<line number="644"  hits="13"  branch="false" />
			<line number="648"  hits="13"  branch="false" />
			<line number="649"  hits="13"  branch="false" />
			<line number="653"  hits="13"  branch="true"  condition-coverage="100% (2/2)" />
			<line number="655"  hits="3"  branch="false" />
			<line number="656"  hits="3"  branch="false" />
			<line number="660"  hits="10"  branch="true"  condition-coverage="100% (2/2)" />
			<line number="662"  hits="3"  branch="false" />
			<line number="664"  hits="7"  branch="false" />
			<line number="668"  hits="7"  branch="false" />
			<line number="670"  hits="7"  branch="true"  condition-coverage="100% (2/2)" />
			<line number="671"  hits="6"  branch="false" />
			<line number="672"  hits="6"  branch="true"  condition-coverage="100% (2/2)" />
			<line number="673"  hits="1"  branch="false" />
			<line number="675"  hits="5"  branch="true"  condition-coverage="100% (2/2)" />
			<line number="677"  hits="1"  branch="false" />
			<line number="679"  hits="4"  branch="true"  condition-coverage="100% (2/2)" />
			<line number="680"  hits="1"  branch="false" />
			<line number="682"  hits="3"  branch="false" />
			<line number="684"  hits="1"  branch="false" />
			<line number="696"  hits="10"  branch="true"  condition-coverage="50% (1/2)" />
			<line number="697"  hits="0"  branch="false" />
			<line number="700"  hits="10"  branch="true"  condition-coverage="50% (1/2)" />
			<line number="702"  hits="0"  branch="true"  condition-coverage="0% (0/2)" />
			<line number="703"  hits="0"  branch="false" />
			<line number="706"  hits="0"  branch="false" />
			<line number="707"  hits="0"  branch="false" />
			<line number="711"  hits="0"  branch="true"  condition-coverage="0% (0/2)" />
			<line number="712"  hits="0"  branch="false" />
			<line number="721"  hits="0"  branch="true"  condition-coverage="0% (0/2)" />
			<line number="722"  hits="0"  branch="false" />
			<line number="725"  hits="0"  branch="false" />
			<line number="727"  hits="0"  branch="true"  condition-coverage="0% (0/2)" />
			<line number="736"  hits="0"  branch="false" />
			<line number="737"  hits="0"  branch="false" />
			<line number="739"  hits="0"  branch="false" />
			<line number="741"  hits="0"  branch="true"  condition-coverage="0% (0/2)" />
			<line number="742"  hits="0"  branch="false" />
			<line number="746"  hits="0"  branch="false" />
			<line number="747"  hits="0"  branch="false" />
			<line number="752"  hits="35"  branch="false" />
			<line number="753"  hits="35"  branch="true"  condition-coverage="100% (2/2)" />
			<line number="754"  hits="22"  branch="false" />
			<line number="755"  hits="22"  branch="false" />
			<line number="757"  hits="35"  branch="true"  condition-coverage="100% (2/2)" />
			<line number="758"  hits="21"  branch="false" />
			<line number="759"  hits="21"  branch="false" />
			<line number="761"  hits="35"  branch="true"  condition-coverage="100% (2/2)" />
			<line number="762"  hits="5"  branch="false" />
			<line number="763"  hits="5"  branch="false" />
			<line number="765"  hits="35"  branch="true"  condition-coverage="100% (2/2)" />
			<line number="766"  hits="21"  branch="false" />
			<line number="767"  hits="21"  branch="false" />
			<line number="769"  hits="35"  branch="true"  condition-coverage="100% (2/2)" />
			<line number="770"  hits="26"  branch="false" />
			<line number="771"  hits="26"  branch="false" />
			<line number="773"  hits="35"  branch="true"  condition-coverage="100% (2/2)" />
			<line number="774"  hits="22"  branch="false" />
			<line number="775"  hits="22"  branch="false" />
			<line number="777"  hits="35"  branch="true"  condition-coverage="100% (2/2)" />
			<line number="778"  hits="5"  branch="false" />
			<line number="779"  hits="5"  branch="false" />
			<line number="781"  hits="35"  branch="true"  condition-coverage="100% (2/2)" />
			<line number="782"  hits="5"  branch="false" />
			<line number="783"  hits="5"  branch="false" />
			<line number="785"  hits="35"  branch="true"  condition-coverage="100% (2/2)" />
			<line number="786"  hits="5"  branch="false" />
			<line number="787"  hits="5"  branch="false" />
			<line number="789"  hits="35"  branch="true"  condition-coverage="100% (2/2)" />
			<line number="790"  hits="5"  branch="false" />
			<line number="791"  hits="5"  branch="false" />
			<line number="793"  hits="35"  branch="true"  condition-coverage="100% (2/2)" />
			<line number="794"  hits="11"  branch="false" />
			<line number="795"  hits="11"  branch="false" />
			<line number="797"  hits="35"  branch="false" />
			<line number="801"  hits="148"  branch="true"  condition-coverage="25% (1/4)" />
			<line number="802"  hits="0"  branch="false" />
			<line number="845"  hits="35"  branch="false" />
			<line number="846"  hits="35"  branch="false" />
			<line number="847"  hits="35"  branch="false" />
			<line number="848"  hits="35"  branch="false" />
			<line number="849"  hits="35"  branch="false" />
			<line number="850"  hits="35"  branch="false" />
			<line number="851"  hits="35"  branch="false" />
			<line number="852"  hits="35"  branch="false" />
			<line number="853"  hits="35"  branch="false" />
			<line number="854"  hits="35"  branch="false" />
			<line number="855"  hits="35"  branch="false" />
			<line number="859"  hits="70"  branch="true"  condition-coverage="50% (1/2)" />
			<line number="860"  hits="70"  branch="false" />
			<line number="866"  hits="268"  branch="false" />
			<line number="867"  hits="268"  branch="false" />
			<line number="868"  hits="268"  branch="false" />
			<line number="869"  hits="268"  branch="false" />
			<line number="870"  hits="268"  branch="false" />
			<line number="871"  hits="268"  branch="false" />
			<line number="872"  hits="268"  branch="false" />
			<line number="873"  hits="268"  branch="false" />
			<line number="874"  hits="268"  branch="false" />
			<line number="875"  hits="268"  branch="false" />
			<line number="876"  hits="268"  branch="false" />
		</lines>
		</class>
	</classes>
	</package>
	<package name="0.8.9.utils"  line-rate="1"  branch-rate="1" >
	<classes>
		<class name="DummyEmptyContract.sol"  filename="contracts/0.8.9/utils/DummyEmptyContract.sol"  line-rate="1"  branch-rate="1" >
		<methods>
		</methods>
		<lines>
		</lines>
		</class>
		<class name="PausableUntil.sol"  filename="contracts/0.8.9/utils/PausableUntil.sol"  line-rate="1"  branch-rate="1" >
		<methods>
			<method name="whenPaused"  hits="2"  signature="()V" >
				<lines><line number="27"  hits="2" /></lines>
			</method>
			<method name="whenResumed"  hits="2"  signature="()V" >
				<lines><line number="33"  hits="2" /></lines>
			</method>
			<method name="_checkPaused"  hits="82"  signature="()V" >
				<lines><line number="38"  hits="82" /></lines>
			</method>
			<method name="_checkResumed"  hits="146"  signature="()V" >
				<lines><line number="44"  hits="146" /></lines>
			</method>
			<method name="isPaused"  hits="240"  signature="()V" >
				<lines><line number="51"  hits="240" /></lines>
			</method>
			<method name="getResumeSinceTimestamp"  hits="2"  signature="()V" >
				<lines><line number="59"  hits="2" /></lines>
			</method>
			<method name="_resume"  hits="80"  signature="()V" >
				<lines><line number="63"  hits="80" /></lines>
			</method>
			<method name="_pauseFor"  hits="74"  signature="()V" >
				<lines><line number="69"  hits="74" /></lines>
			</method>
			<method name="_pauseUntil"  hits="4"  signature="()V" >
				<lines><line number="82"  hits="4" /></lines>
			</method>
			<method name="_setPausedState"  hits="77"  signature="()V" >
				<lines><line number="95"  hits="77" /></lines>
			</method>
		</methods>
		<lines>
			<line number="28"  hits="2"  branch="false" />
			<line number="29"  hits="1"  branch="false" />
			<line number="34"  hits="2"  branch="false" />
			<line number="35"  hits="1"  branch="false" />
			<line number="39"  hits="82"  branch="true"  condition-coverage="100% (2/2)" />
			<line number="40"  hits="3"  branch="false" />
			<line number="45"  hits="146"  branch="true"  condition-coverage="100% (2/2)" />
			<line number="46"  hits="8"  branch="false" />
			<line number="52"  hits="240"  branch="false" />
			<line number="60"  hits="2"  branch="false" />
			<line number="64"  hits="80"  branch="false" />
			<line number="65"  hits="78"  branch="false" />
			<line number="66"  hits="78"  branch="false" />
			<line number="70"  hits="74"  branch="false" />
			<line number="71"  hits="72"  branch="true"  condition-coverage="100% (2/2)" />
			<line number="73"  hits="71"  branch="false" />
			<line number="74"  hits="71"  branch="true"  condition-coverage="100% (2/2)" />
			<line number="75"  hits="57"  branch="false" />
			<line number="77"  hits="14"  branch="false" />
			<line number="79"  hits="71"  branch="false" />
			<line number="83"  hits="4"  branch="false" />
			<line number="84"  hits="4"  branch="true"  condition-coverage="100% (2/2)" />
			<line number="86"  hits="3"  branch="false" />
			<line number="87"  hits="3"  branch="true"  condition-coverage="100% (2/2)" />
			<line number="88"  hits="2"  branch="false" />
			<line number="90"  hits="1"  branch="false" />
			<line number="92"  hits="3"  branch="false" />
			<line number="96"  hits="77"  branch="false" />
			<line number="97"  hits="77"  branch="true"  condition-coverage="100% (2/2)" />
			<line number="98"  hits="59"  branch="false" />
			<line number="100"  hits="18"  branch="false" />
		</lines>
		</class>
		<class name="Versioned.sol"  filename="contracts/0.8.9/utils/Versioned.sol"  line-rate="1"  branch-rate="1" >
		<methods>
			<method name="constructor"  hits="59"  signature="()V" >
				<lines><line number="28"  hits="59" /></lines>
			</method>
			<method name="getContractVersion"  hits="250"  signature="()V" >
				<lines><line number="34"  hits="250" /></lines>
			</method>
			<method name="_checkContractVersion"  hits="114"  signature="()V" >
				<lines><line number="38"  hits="114" /></lines>
			</method>
			<method name="_initializeContractVersionTo"  hits="106"  signature="()V" >
				<lines><line number="46"  hits="106" /></lines>
			</method>
			<method name="_updateContractVersion"  hits="12"  signature="()V" >
				<lines><line number="52"  hits="12" /></lines>
			</method>
			<method name="_setContractVersion"  hits="115"  signature="()V" >
				<lines><line number="57"  hits="115" /></lines>
			</method>
		</methods>
		<lines>
			<line number="30"  hits="59"  branch="false" />
			<line number="35"  hits="250"  branch="false" />
			<line number="39"  hits="114"  branch="false" />
			<line number="40"  hits="114"  branch="true"  condition-coverage="100% (2/2)" />
			<line number="41"  hits="6"  branch="false" />
			<line number="47"  hits="106"  branch="true"  condition-coverage="100% (2/2)" />
			<line number="48"  hits="104"  branch="false" />
			<line number="53"  hits="12"  branch="true"  condition-coverage="100% (2/2)" />
			<line number="54"  hits="11"  branch="false" />
			<line number="58"  hits="115"  branch="false" />
			<line number="59"  hits="115"  branch="false" />
		</lines>
		</class>
	</classes>
	</package>
	<package name="0.8.9.utils.access"  line-rate="1"  branch-rate="1" >
	<classes>
		<class name="AccessControl.sol"  filename="contracts/0.8.9/utils/access/AccessControl.sol"  line-rate="1"  branch-rate="1" >
		<methods>
			<method name="_storageRoles"  hits="3315"  signature="()V" >
				<lines><line number="62"  hits="3315" /></lines>
			</method>
			<method name="onlyRole"  hits="1057"  signature="()V" >
				<lines><line number="79"  hits="1057" /></lines>
			</method>
			<method name="supportsInterface"  hits="11"  signature="()V" >
				<lines><line number="87"  hits="11" /></lines>
			</method>
			<method name="hasRole"  hits="2170"  signature="()V" >
				<lines><line number="94"  hits="2170" /></lines>
			</method>
			<method name="_checkRole"  hits="1258"  signature="()V" >
				<lines><line number="105"  hits="1258" /></lines>
			</method>
			<method name="getRoleAdmin"  hits="482"  signature="()V" >
				<lines><line number="126"  hits="482" /></lines>
			</method>
			<method name="grantRole"  hits="473"  signature="()V" >
				<lines><line number="140"  hits="473" /></lines>
			</method>
			<method name="revokeRole"  hits="4"  signature="()V" >
				<lines><line number="153"  hits="4" /></lines>
			</method>
			<method name="renounceRole"  hits="3"  signature="()V" >
				<lines><line number="171"  hits="3" /></lines>
			</method>
			<method name="_setupRole"  hits="105"  signature="()V" >
				<lines><line number="195"  hits="105" /></lines>
			</method>
			<method name="_setRoleAdmin"  hits="1"  signature="()V" >
				<lines><line number="204"  hits="1" /></lines>
			</method>
			<method name="_grantRole"  hits="661"  signature="()V" >
				<lines><line number="215"  hits="661" /></lines>
			</method>
			<method name="_revokeRole"  hits="6"  signature="()V" >
				<lines><line number="227"  hits="6" /></lines>
			</method>
		</methods>
		<lines>
			<line number="63"  hits="3315"  branch="false" />
			<line number="64"  hits="3315"  branch="false" />
			<line number="80"  hits="1057"  branch="false" />
			<line number="81"  hits="1018"  branch="false" />
			<line number="88"  hits="11"  branch="true"  condition-coverage="100% (2/2)" />
			<line number="95"  hits="2170"  branch="false" />
			<line number="106"  hits="1258"  branch="true"  condition-coverage="100% (2/2)" />
			<line number="107"  hits="46"  branch="false" />
			<line number="127"  hits="482"  branch="false" />
			<line number="141"  hits="473"  branch="false" />
			<line number="154"  hits="4"  branch="false" />
			<line number="172"  hits="3"  branch="true"  condition-coverage="100% (2/2)" />
			<line number="174"  hits="2"  branch="false" />
			<line number="196"  hits="105"  branch="false" />
			<line number="205"  hits="1"  branch="false" />
			<line number="206"  hits="1"  branch="false" />
			<line number="207"  hits="1"  branch="false" />
			<line number="216"  hits="661"  branch="true"  condition-coverage="100% (2/2)" />
			<line number="217"  hits="659"  branch="false" />
			<line number="218"  hits="659"  branch="false" />
			<line number="228"  hits="6"  branch="true"  condition-coverage="100% (2/2)" />
			<line number="229"  hits="3"  branch="false" />
			<line number="230"  hits="3"  branch="false" />
		</lines>
		</class>
		<class name="AccessControlEnumerable.sol"  filename="contracts/0.8.9/utils/access/AccessControlEnumerable.sol"  line-rate="1"  branch-rate="1" >
		<methods>
			<method name="_storageRoleMembers"  hits="675"  signature="()V" >
				<lines><line number="24"  hits="675" /></lines>
			</method>
			<method name="supportsInterface"  hits="10"  signature="()V" >
				<lines><line number="34"  hits="10" /></lines>
			</method>
			<method name="getRoleMember"  hits="3"  signature="()V" >
				<lines><line number="50"  hits="3" /></lines>
			</method>
			<method name="getRoleMemberCount"  hits="15"  signature="()V" >
				<lines><line number="58"  hits="15" /></lines>
			</method>
			<method name="_grantRole"  hits="655"  signature="()V" >
				<lines><line number="65"  hits="655" /></lines>
			</method>
			<method name="_revokeRole"  hits="2"  signature="()V" >
				<lines><line number="73"  hits="2" /></lines>
			</method>
		</methods>
		<lines>
			<line number="27"  hits="675"  branch="false" />
			<line number="28"  hits="675"  branch="false" />
			<line number="35"  hits="10"  branch="true"  condition-coverage="100% (2/2)" />
			<line number="51"  hits="3"  branch="false" />
			<line number="59"  hits="15"  branch="false" />
			<line number="66"  hits="655"  branch="false" />
			<line number="67"  hits="655"  branch="false" />
			<line number="74"  hits="2"  branch="false" />
			<line number="75"  hits="2"  branch="false" />
		</lines>
		</class>
	</classes>
	</package>
	<package name="testnets.sepolia"  line-rate="0"  branch-rate="0" >
	<classes>
		<class name="SepoliaDepositAdapter.sol"  filename="contracts/testnets/sepolia/SepoliaDepositAdapter.sol"  line-rate="0"  branch-rate="0" >
		<methods>
			<method name="constructor"  hits="0"  signature="()V" >
				<lines><line number="48"  hits="0" /></lines>
			</method>
			<method name="initialize"  hits="0"  signature="()V" >
				<lines><line number="52"  hits="0" /></lines>
			</method>
			<method name="get_deposit_root"  hits="0"  signature="()V" >
				<lines><line number="59"  hits="0" /></lines>
			</method>
			<method name="get_deposit_count"  hits="0"  signature="()V" >
				<lines><line number="63"  hits="0" /></lines>
			</method>
			<method name="recoverEth"  hits="0"  signature="()V" >
				<lines><line number="71"  hits="0" /></lines>
			</method>
			<method name="recoverBepolia"  hits="0"  signature="()V" >
				<lines><line number="81"  hits="0" /></lines>
			</method>
			<method name="deposit"  hits="0"  signature="()V" >
				<lines><line number="90"  hits="0" /></lines>
			</method>
		</methods>
		<lines>
			<line number="49"  hits="0"  branch="false" />
			<line number="53"  hits="0"  branch="true"  condition-coverage="0% (0/2)" />
			<line number="55"  hits="0"  branch="false" />
			<line number="56"  hits="0"  branch="false" />
			<line number="60"  hits="0"  branch="false" />
			<line number="64"  hits="0"  branch="false" />
			<line number="68"  hits="0"  branch="false" />
			<line number="72"  hits="0"  branch="false" />
			<line number="74"  hits="0"  branch="false" />
			<line number="75"  hits="0"  branch="true"  condition-coverage="0% (0/2)" />
			<line number="76"  hits="0"  branch="false" />
			<line number="78"  hits="0"  branch="false" />
			<line number="82"  hits="0"  branch="false" />
			<line number="83"  hits="0"  branch="false" />
			<line number="84"  hits="0"  branch="true"  condition-coverage="0% (0/2)" />
			<line number="85"  hits="0"  branch="false" />
			<line number="87"  hits="0"  branch="false" />
			<line number="96"  hits="0"  branch="false" />
			<line number="98"  hits="0"  branch="false" />
			<line number="99"  hits="0"  branch="true"  condition-coverage="0% (0/2)" />
			<line number="100"  hits="0"  branch="false" />
		</lines>
		</class>
	</classes>
	</package>
</packages>
</coverage>
