<?xml version="1.0" ?>
<!DOCTYPE coverage SYSTEM "http://cobertura.sourceforge.net/xml/coverage-04.dtd">
<coverage lines-valid="4582"  lines-covered="4350"  line-rate="0.9494"  branches-valid="2154"  branches-covered="1994"  branch-rate="0.9257"  timestamp="1751042558428" complexity="0" version="0.1">
<sources>
	<source>/home/runner/work/core/core</source>
</sources>
<packages>
	<package name="0.4.24"  line-rate="0.9643999999999999"  branch-rate="0.9138" >
	<classes>
		<class name="Lido.sol"  filename="contracts/0.4.24/Lido.sol"  line-rate="0.95"  branch-rate="0.9211" >
		<methods>
			<method name="initialize"  hits="53"  signature="()V" >
				<lines><line number="215"  hits="53" /></lines>
			</method>
			<method name="finalizeUpgrade_v3"  hits="5"  signature="()V" >
				<lines><line number="235"  hits="5" /></lines>
			</method>
			<method name="pauseStaking"  hits="4"  signature="()V" >
				<lines><line number="289"  hits="4" /></lines>
			</method>
			<method name="resumeStaking"  hits="27"  signature="()V" >
				<lines><line number="302"  hits="27" /></lines>
			</method>
			<method name="setStakingLimit"  hits="8"  signature="()V" >
				<lines><line number="329"  hits="8" /></lines>
			</method>
			<method name="removeStakingLimit"  hits="2"  signature="()V" >
				<lines><line number="345"  hits="2" /></lines>
			</method>
			<method name="isStakingPaused"  hits="7"  signature="()V" >
				<lines><line number="358"  hits="7" /></lines>
			</method>
			<method name="getCurrentStakeLimit"  hits="13"  signature="()V" >
				<lines><line number="368"  hits="13" /></lines>
			</method>
			<method name="getStakeLimitFullInfo"  hits="9"  signature="()V" >
				<lines><line number="383"  hits="9" /></lines>
			</method>
			<method name="getMaxExternalRatioBP"  hits="3"  signature="()V" >
				<lines><line number="412"  hits="3" /></lines>
			</method>
			<method name="setMaxExternalRatioBP"  hits="25"  signature="()V" >
				<lines><line number="420"  hits="25" /></lines>
			</method>
			<method name=""  hits="4"  signature="()V" >
				<lines><line number="437"  hits="4" /></lines>
			</method>
			<method name="submit"  hits="20"  signature="()V" >
				<lines><line number="448"  hits="20" /></lines>
			</method>
			<method name="receiveELRewards"  hits="5"  signature="()V" >
				<lines><line number="457"  hits="5" /></lines>
			</method>
			<method name="receiveWithdrawals"  hits="4"  signature="()V" >
				<lines><line number="470"  hits="4" /></lines>
			</method>
			<method name="stop"  hits="11"  signature="()V" >
				<lines><line number="479"  hits="11" /></lines>
			</method>
			<method name="resume"  hits="29"  signature="()V" >
				<lines><line number="490"  hits="29" /></lines>
			</method>
			<method name="unsafeChangeDepositedValidators"  hits="2"  signature="()V" >
				<lines><line number="508"  hits="2" /></lines>
			</method>
			<method name="getBufferedEther"  hits="17"  signature="()V" >
				<lines><line number="521"  hits="17" /></lines>
			</method>
			<method name="getExternalEther"  hits="4"  signature="()V" >
				<lines><line number="528"  hits="4" /></lines>
			</method>
			<method name="getExternalShares"  hits="8"  signature="()V" >
				<lines><line number="535"  hits="8" /></lines>
			</method>
			<method name="getMaxMintableExternalShares"  hits="14"  signature="()V" >
				<lines><line number="542"  hits="14" /></lines>
			</method>
			<method name="getTotalELRewardsCollected"  hits="8"  signature="()V" >
				<lines><line number="551"  hits="8" /></lines>
			</method>
			<method name="getLidoLocator"  hits="47"  signature="()V" >
				<lines><line number="558"  hits="47" /></lines>
			</method>
			<method name="getBeaconStat"  hits="6"  signature="()V" >
				<lines><line number="568"  hits="6" /></lines>
			</method>
			<method name="canDeposit"  hits="7"  signature="()V" >
				<lines><line number="581"  hits="7" /></lines>
			</method>
			<method name="getDepositableEther"  hits="7"  signature="()V" >
				<lines><line number="589"  hits="7" /></lines>
			</method>
			<method name="deposit"  hits="4"  signature="()V" >
				<lines><line number="601"  hits="4" /></lines>
			</method>
			<method name="mintShares"  hits="5"  signature="()V" >
				<lines><line number="639"  hits="5" /></lines>
			</method>
			<method name="burnShares"  hits="6"  signature="()V" >
				<lines><line number="654"  hits="6" /></lines>
			</method>
			<method name="mintExternalShares"  hits="20"  signature="()V" >
				<lines><line number="671"  hits="20" /></lines>
			</method>
			<method name="burnExternalShares"  hits="9"  signature="()V" >
				<lines><line number="693"  hits="9" /></lines>
			</method>
			<method name="rebalanceExternalEtherToInternal"  hits="4"  signature="()V" >
				<lines><line number="717"  hits="4" /></lines>
			</method>
			<method name="processClStateUpdate"  hits="3"  signature="()V" >
				<lines><line number="747"  hits="3" /></lines>
			</method>
			<method name="internalizeExternalBadDebt"  hits="0"  signature="()V" >
				<lines><line number="768"  hits="0" /></lines>
			</method>
			<method name="collectRewardsAndProcessWithdrawals"  hits="7"  signature="()V" >
				<lines><line number="802"  hits="7" /></lines>
			</method>
			<method name="emitTokenRebase"  hits="0"  signature="()V" >
				<lines><line number="856"  hits="0" /></lines>
			</method>
			<method name="getWithdrawalCredentials"  hits="1"  signature="()V" >
				<lines><line number="890"  hits="1" /></lines>
			</method>
			<method name="getTreasury"  hits="1"  signature="()V" >
				<lines><line number="898"  hits="1" /></lines>
			</method>
			<method name="getFee"  hits="1"  signature="()V" >
				<lines><line number="909"  hits="1" /></lines>
			</method>
			<method name="getFeeDistribution"  hits="1"  signature="()V" >
				<lines><line number="925"  hits="1" /></lines>
			</method>
			<method name="transferToVault"  hits="1"  signature="()V" >
				<lines><line number="944"  hits="1" /></lines>
			</method>
			<method name="_submit"  hits="22"  signature="()V" >
				<lines><line number="951"  hits="22" /></lines>
			</method>
			<method name="_getInternalEther"  hits="168"  signature="()V" >
				<lines><line number="982"  hits="168" /></lines>
			</method>
			<method name="_getExternalEther"  hits="4"  signature="()V" >
				<lines><line number="998"  hits="4" /></lines>
			</method>
			<method name="_getTotalPooledEther"  hits="0"  signature="()V" >
				<lines><line number="1006"  hits="0" /></lines>
			</method>
			<method name="_getShareRateNumerator"  hits="164"  signature="()V" >
				<lines><line number="1015"  hits="164" /></lines>
			</method>
			<method name="_getShareRateDenominator"  hits="164"  signature="()V" >
				<lines><line number="1020"  hits="164" /></lines>
			</method>
			<method name="_getMaxMintableExternalShares"  hits="30"  signature="()V" >
				<lines><line number="1038"  hits="30" /></lines>
			</method>
			<method name="_pauseStaking"  hits="12"  signature="()V" >
				<lines><line number="1052"  hits="12" /></lines>
			</method>
			<method name="_resumeStaking"  hits="53"  signature="()V" >
				<lines><line number="1060"  hits="53" /></lines>
			</method>
			<method name="_getCurrentStakeLimit"  hits="22"  signature="()V" >
				<lines><line number="1068"  hits="22" /></lines>
			</method>
			<method name="_auth"  hits="108"  signature="()V" >
				<lines><line number="1081"  hits="108" /></lines>
			</method>
			<method name="_auth"  hits="48"  signature="()V" >
				<lines><line number="1086"  hits="48" /></lines>
			</method>
			<method name="_stakingRouter"  hits="3"  signature="()V" >
				<lines><line number="1090"  hits="3" /></lines>
			</method>
			<method name="_withdrawalQueue"  hits="14"  signature="()V" >
				<lines><line number="1094"  hits="14" /></lines>
			</method>
			<method name="_bootstrapInitialHolder"  hits="54"  signature="()V" >
				<lines><line number="1107"  hits="54" /></lines>
			</method>
			<method name="_getExternalShares"  hits="31"  signature="()V" >
				<lines><line number="1121"  hits="31" /></lines>
			</method>
			<method name="_setExternalShares"  hits="22"  signature="()V" >
				<lines><line number="1125"  hits="22" /></lines>
			</method>
			<method name="_getTotalAndExternalShares"  hits="196"  signature="()V" >
				<lines><line number="1129"  hits="196" /></lines>
			</method>
			<method name="_getBufferedEther"  hits="46"  signature="()V" >
				<lines><line number="1133"  hits="46" /></lines>
			</method>
			<method name="_setBufferedEther"  hits="73"  signature="()V" >
				<lines><line number="1137"  hits="73" /></lines>
			</method>
			<method name="_getDepositedValidators"  hits="6"  signature="()V" >
				<lines><line number="1141"  hits="6" /></lines>
			</method>
			<method name="_setDepositedValidators"  hits="3"  signature="()V" >
				<lines><line number="1145"  hits="3" /></lines>
			</method>
			<method name="_getBufferedEtherAndDepositedValidators"  hits="169"  signature="()V" >
				<lines><line number="1149"  hits="169" /></lines>
			</method>
			<method name="_setBufferedEtherAndDepositedValidators"  hits="1"  signature="()V" >
				<lines><line number="1153"  hits="1" /></lines>
			</method>
			<method name="_getClBalanceAndClValidators"  hits="174"  signature="()V" >
				<lines><line number="1163"  hits="174" /></lines>
			</method>
			<method name="_setClBalanceAndClValidators"  hits="1"  signature="()V" >
				<lines><line number="1167"  hits="1" /></lines>
			</method>
			<method name="_setClValidators"  hits="2"  signature="()V" >
				<lines><line number="1171"  hits="2" /></lines>
			</method>
			<method name="_setLidoLocator"  hits="52"  signature="()V" >
				<lines><line number="1175"  hits="52" /></lines>
			</method>
			<method name="_getLidoLocator"  hits="231"  signature="()V" >
				<lines><line number="1179"  hits="231" /></lines>
			</method>
			<method name="_setMaxExternalRatioBP"  hits="25"  signature="()V" >
				<lines><line number="1183"  hits="25" /></lines>
			</method>
			<method name="_getMaxExternalRatioBP"  hits="33"  signature="()V" >
				<lines><line number="1187"  hits="33" /></lines>
			</method>
		</methods>
		<lines>
			<line number="216"  hits="53"  branch="false" />
			<line number="218"  hits="51"  branch="false" />
			<line number="219"  hits="51"  branch="false" />
			<line number="220"  hits="51"  branch="false" />
			<line number="222"  hits="51"  branch="false" />
			<line number="224"  hits="51"  branch="false" />
			<line number="225"  hits="51"  branch="false" />
			<line number="236"  hits="5"  branch="true"  condition-coverage="100% (2/2)" />
			<line number="237"  hits="4"  branch="false" />
			<line number="238"  hits="3"  branch="true"  condition-coverage="50% (1/2)" />
			<line number="239"  hits="3"  branch="false" />
			<line number="240"  hits="3"  branch="true"  condition-coverage="100% (2/2)" />
			<line number="242"  hits="2"  branch="false" />
			<line number="245"  hits="2"  branch="false" />
			<line number="246"  hits="2"  branch="true"  condition-coverage="100% (2/2)" />
			<line number="247"  hits="1"  branch="false" />
			<line number="248"  hits="1"  branch="false" />
			<line number="249"  hits="1"  branch="false" />
			<line number="253"  hits="2"  branch="false" />
			<line number="256"  hits="2"  branch="false" />
			<line number="257"  hits="8"  branch="false" />
			<line number="258"  hits="8"  branch="false" />
			<line number="259"  hits="8"  branch="false" />
			<line number="264"  hits="2"  branch="false" />
			<line number="267"  hits="2"  branch="false" />
			<line number="268"  hits="2"  branch="false" />
			<line number="272"  hits="2"  branch="false" />
			<line number="275"  hits="2"  branch="false" />
			<line number="276"  hits="2"  branch="false" />
			<line number="279"  hits="2"  branch="false" />
			<line number="280"  hits="2"  branch="false" />
			<line number="290"  hits="4"  branch="false" />
			<line number="292"  hits="3"  branch="false" />
			<line number="303"  hits="27"  branch="false" />
			<line number="304"  hits="26"  branch="true"  condition-coverage="50% (1/2)" />
			<line number="306"  hits="26"  branch="false" />
			<line number="330"  hits="8"  branch="false" />
			<line number="332"  hits="7"  branch="false" />
			<line number="339"  hits="7"  branch="false" />
			<line number="346"  hits="2"  branch="false" />
			<line number="348"  hits="1"  branch="false" />
			<line number="352"  hits="1"  branch="false" />
			<line number="359"  hits="7"  branch="false" />
			<line number="369"  hits="13"  branch="false" />
			<line number="396"  hits="9"  branch="false" />
			<line number="398"  hits="9"  branch="false" />
			<line number="399"  hits="9"  branch="false" />
			<line number="401"  hits="9"  branch="false" />
			<line number="403"  hits="9"  branch="false" />
			<line number="404"  hits="9"  branch="false" />
			<line number="405"  hits="9"  branch="false" />
			<line number="406"  hits="9"  branch="false" />
			<line number="413"  hits="3"  branch="false" />
			<line number="421"  hits="25"  branch="false" />
			<line number="422"  hits="24"  branch="true"  condition-coverage="100% (2/2)" />
			<line number="424"  hits="23"  branch="false" />
			<line number="426"  hits="23"  branch="false" />
			<line number="439"  hits="4"  branch="true"  condition-coverage="100% (2/2)" />
			<line number="440"  hits="2"  branch="false" />
			<line number="449"  hits="20"  branch="false" />
			<line number="458"  hits="5"  branch="true"  condition-coverage="100% (2/2)" />
			<line number="460"  hits="4"  branch="false" />
			<line number="462"  hits="4"  branch="false" />
			<line number="471"  hits="4"  branch="true"  condition-coverage="100% (2/2)" />
			<line number="473"  hits="3"  branch="false" />
			<line number="480"  hits="11"  branch="false" />
			<line number="482"  hits="10"  branch="false" />
			<line number="483"  hits="9"  branch="false" />
			<line number="491"  hits="29"  branch="false" />
			<line number="493"  hits="28"  branch="false" />
			<line number="494"  hits="27"  branch="false" />
			<line number="509"  hits="2"  branch="false" />
			<line number="511"  hits="1"  branch="false" />
			<line number="513"  hits="1"  branch="false" />
			<line number="522"  hits="17"  branch="false" />
			<line number="529"  hits="4"  branch="false" />
			<line number="536"  hits="8"  branch="false" />
			<line number="543"  hits="14"  branch="false" />
			<line number="552"  hits="8"  branch="false" />
			<line number="559"  hits="47"  branch="false" />
			<line number="573"  hits="6"  branch="false" />
			<line number="574"  hits="6"  branch="false" />
			<line number="582"  hits="7"  branch="false" />
			<line number="590"  hits="7"  branch="false" />
			<line number="591"  hits="7"  branch="false" />
			<line number="592"  hits="7"  branch="true"  condition-coverage="100% (2/2)" />
			<line number="602"  hits="4"  branch="false" />
			<line number="604"  hits="4"  branch="true"  condition-coverage="100% (2/2)" />
			<line number="605"  hits="3"  branch="true"  condition-coverage="100% (2/2)" />
			<line number="607"  hits="2"  branch="false" />
			<line number="608"  hits="2"  branch="false" />
			<line number="613"  hits="2"  branch="false" />
			<line number="614"  hits="2"  branch="true"  condition-coverage="100% (2/2)" />
			<line number="615"  hits="1"  branch="false" />
			<line number="619"  hits="1"  branch="false" />
			<line number="620"  hits="1"  branch="false" />
			<line number="622"  hits="1"  branch="false" />
			<line number="623"  hits="1"  branch="false" />
			<line number="624"  hits="1"  branch="false" />
			<line number="630"  hits="2"  branch="false" />
			<line number="640"  hits="5"  branch="false" />
			<line number="641"  hits="4"  branch="false" />
			<line number="643"  hits="3"  branch="false" />
			<line number="646"  hits="2"  branch="false" />
			<line number="655"  hits="6"  branch="false" />
			<line number="656"  hits="5"  branch="false" />
			<line number="657"  hits="4"  branch="false" />
			<line number="672"  hits="20"  branch="true"  condition-coverage="100% (2/2)" />
			<line number="673"  hits="19"  branch="true"  condition-coverage="100% (2/2)" />
			<line number="674"  hits="18"  branch="false" />
			<line number="675"  hits="17"  branch="false" />
			<line number="677"  hits="16"  branch="true"  condition-coverage="100% (2/2)" />
			<line number="679"  hits="15"  branch="false" />
			<line number="681"  hits="15"  branch="false" />
			<line number="684"  hits="15"  branch="false" />
			<line number="686"  hits="15"  branch="false" />
			<line number="694"  hits="9"  branch="true"  condition-coverage="100% (2/2)" />
			<line number="695"  hits="8"  branch="false" />
			<line number="696"  hits="7"  branch="false" />
			<line number="698"  hits="6"  branch="false" />
			<line number="700"  hits="6"  branch="true"  condition-coverage="100% (2/2)" />
			<line number="701"  hits="4"  branch="false" />
			<line number="703"  hits="4"  branch="false" />
			<line number="705"  hits="4"  branch="false" />
			<line number="706"  hits="4"  branch="false" />
			<line number="707"  hits="4"  branch="false" />
			<line number="718"  hits="4"  branch="true"  condition-coverage="100% (2/2)" />
			<line number="719"  hits="3"  branch="false" />
			<line number="720"  hits="2"  branch="false" />
			<line number="722"  hits="2"  branch="false" />
			<line number="723"  hits="2"  branch="false" />
			<line number="725"  hits="2"  branch="true"  condition-coverage="100% (2/2)" />
			<line number="728"  hits="1"  branch="false" />
			<line number="731"  hits="1"  branch="false" />
			<line number="736"  hits="1"  branch="false" />
			<line number="753"  hits="3"  branch="false" />
			<line number="754"  hits="2"  branch="false" />
			<line number="758"  hits="1"  branch="false" />
			<line number="760"  hits="1"  branch="false" />
			<line number="769"  hits="0"  branch="true"  condition-coverage="0% (0/2)" />
			<line number="770"  hits="0"  branch="false" />
			<line number="771"  hits="0"  branch="false" />
			<line number="773"  hits="0"  branch="false" />
			<line number="775"  hits="0"  branch="true"  condition-coverage="0% (0/2)" />
			<line number="785"  hits="0"  branch="false" />
			<line number="787"  hits="0"  branch="false" />
			<line number="812"  hits="7"  branch="false" />
			<line number="814"  hits="6"  branch="false" />
			<line number="815"  hits="6"  branch="false" />
			<line number="818"  hits="5"  branch="true"  condition-coverage="100% (2/2)" />
			<line number="819"  hits="2"  branch="false" />
			<line number="823"  hits="5"  branch="true"  condition-coverage="100% (2/2)" />
			<line number="824"  hits="2"  branch="false" />
			<line number="828"  hits="5"  branch="true"  condition-coverage="100% (2/2)" />
			<line number="829"  hits="1"  branch="false" />
			<line number="835"  hits="5"  branch="false" />
			<line number="840"  hits="5"  branch="false" />
			<line number="842"  hits="5"  branch="false" />
			<line number="867"  hits="0"  branch="false" />
			<line number="869"  hits="0"  branch="false" />
			<line number="879"  hits="0"  branch="false" />
			<line number="891"  hits="1"  branch="false" />
			<line number="899"  hits="1"  branch="false" />
			<line number="910"  hits="1"  branch="false" />
			<line number="930"  hits="1"  branch="false" />
			<line number="931"  hits="1"  branch="false" />
			<line number="932"  hits="1"  branch="false" />
			<line number="933"  hits="1"  branch="false" />
			<line number="936"  hits="1"  branch="false" />
			<line number="937"  hits="1"  branch="false" />
			<line number="938"  hits="1"  branch="false" />
			<line number="945"  hits="1"  branch="false" />
			<line number="952"  hits="22"  branch="true"  condition-coverage="100% (2/2)" />
			<line number="954"  hits="20"  branch="false" />
			<line number="957"  hits="20"  branch="true"  condition-coverage="100% (2/2)" />
			<line number="959"  hits="18"  branch="true"  condition-coverage="100% (2/2)" />
			<line number="960"  hits="4"  branch="false" />
			<line number="962"  hits="4"  branch="true"  condition-coverage="100% (2/2)" />
			<line number="964"  hits="2"  branch="false" />
			<line number="969"  hits="16"  branch="false" />
			<line number="971"  hits="16"  branch="false" />
			<line number="973"  hits="16"  branch="false" />
			<line number="974"  hits="16"  branch="false" />
			<line number="976"  hits="16"  branch="false" />
			<line number="977"  hits="16"  branch="false" />
			<line number="983"  hits="168"  branch="false" />
			<line number="984"  hits="168"  branch="false" />
			<line number="987"  hits="168"  branch="false" />
			<line number="990"  hits="168"  branch="false" />
			<line number="992"  hits="168"  branch="false" />
			<line number="999"  hits="4"  branch="false" />
			<line number="1000"  hits="4"  branch="false" />
			<line number="1001"  hits="4"  branch="false" />
			<line number="1007"  hits="0"  branch="false" />
			<line number="1008"  hits="0"  branch="false" />
			<line number="1016"  hits="164"  branch="false" />
			<line number="1021"  hits="164"  branch="false" />
			<line number="1022"  hits="164"  branch="false" />
			<line number="1023"  hits="164"  branch="false" />
			<line number="1039"  hits="30"  branch="false" />
			<line number="1040"  hits="30"  branch="true"  condition-coverage="100% (2/2)" />
			<line number="1041"  hits="29"  branch="true"  condition-coverage="100% (2/2)" />
			<line number="1043"  hits="28"  branch="false" />
			<line number="1045"  hits="28"  branch="true"  condition-coverage="100% (2/2)" />
			<line number="1047"  hits="27"  branch="false" />
			<line number="1053"  hits="12"  branch="false" />
			<line number="1057"  hits="12"  branch="false" />
			<line number="1061"  hits="53"  branch="false" />
			<line number="1065"  hits="53"  branch="false" />
			<line number="1069"  hits="22"  branch="true"  condition-coverage="100% (2/2)" />
			<line number="1070"  hits="3"  branch="false" />
			<line number="1072"  hits="19"  branch="true"  condition-coverage="100% (2/2)" />
			<line number="1073"  hits="2"  branch="false" />
			<line number="1076"  hits="17"  branch="false" />
			<line number="1082"  hits="108"  branch="true"  condition-coverage="100% (2/2)" />
			<line number="1087"  hits="48"  branch="true"  condition-coverage="100% (2/2)" />
			<line number="1091"  hits="3"  branch="false" />
			<line number="1095"  hits="14"  branch="false" />
			<line number="1108"  hits="54"  branch="false" />
			<line number="1109"  hits="54"  branch="false" />
			<line number="1111"  hits="52"  branch="true"  condition-coverage="100% (2/2)" />
			<line number="1114"  hits="51"  branch="false" />
			<line number="1116"  hits="51"  branch="false" />
			<line number="1117"  hits="51"  branch="false" />
			<line number="1122"  hits="31"  branch="false" />
			<line number="1126"  hits="22"  branch="false" />
			<line number="1130"  hits="196"  branch="false" />
			<line number="1134"  hits="46"  branch="false" />
			<line number="1138"  hits="73"  branch="false" />
			<line number="1142"  hits="6"  branch="false" />
			<line number="1146"  hits="3"  branch="false" />
			<line number="1150"  hits="169"  branch="false" />
			<line number="1157"  hits="1"  branch="false" />
			<line number="1164"  hits="174"  branch="false" />
			<line number="1168"  hits="1"  branch="false" />
			<line number="1172"  hits="2"  branch="false" />
			<line number="1176"  hits="52"  branch="false" />
			<line number="1180"  hits="231"  branch="false" />
			<line number="1184"  hits="25"  branch="false" />
			<line number="1188"  hits="33"  branch="false" />
		</lines>
		</class>
		<class name="StETH.sol"  filename="contracts/0.4.24/StETH.sol"  line-rate="1"  branch-rate="0.875" >
		<methods>
			<method name="name"  hits="3"  signature="()V" >
				<lines><line number="127"  hits="3" /></lines>
			</method>
			<method name="symbol"  hits="3"  signature="()V" >
				<lines><line number="135"  hits="3" /></lines>
			</method>
			<method name="decimals"  hits="3"  signature="()V" >
				<lines><line number="142"  hits="3" /></lines>
			</method>
			<method name="totalSupply"  hits="45"  signature="()V" >
				<lines><line number="152"  hits="45" /></lines>
			</method>
			<method name="getTotalPooledEther"  hits="10"  signature="()V" >
				<lines><line number="161"  hits="10" /></lines>
			</method>
			<method name="balanceOf"  hits="494"  signature="()V" >
				<lines><line number="171"  hits="494" /></lines>
			</method>
			<method name="transfer"  hits="139"  signature="()V" >
				<lines><line number="190"  hits="139" /></lines>
			</method>
			<method name="allowance"  hits="230"  signature="()V" >
				<lines><line number="201"  hits="230" /></lines>
			</method>
			<method name="approve"  hits="237"  signature="()V" >
				<lines><line number="220"  hits="237" /></lines>
			</method>
			<method name="transferFrom"  hits="183"  signature="()V" >
				<lines><line number="246"  hits="183" /></lines>
			</method>
			<method name="increaseAllowance"  hits="1"  signature="()V" >
				<lines><line number="264"  hits="1" /></lines>
			</method>
			<method name="decreaseAllowance"  hits="2"  signature="()V" >
				<lines><line number="282"  hits="2" /></lines>
			</method>
			<method name="getTotalShares"  hits="21"  signature="()V" >
				<lines><line number="295"  hits="21" /></lines>
			</method>
			<method name="sharesOf"  hits="69"  signature="()V" >
				<lines><line number="302"  hits="69" /></lines>
			</method>
			<method name="getSharesByPooledEth"  hits="208"  signature="()V" >
				<lines><line number="311"  hits="208" /></lines>
			</method>
			<method name="getPooledEthByShares"  hits="507"  signature="()V" >
				<lines><line number="323"  hits="507" /></lines>
			</method>
			<method name="getPooledEthBySharesRoundUp"  hits="131"  signature="()V" >
				<lines><line number="336"  hits="131" /></lines>
			</method>
			<method name="transferShares"  hits="122"  signature="()V" >
				<lines><line number="365"  hits="122" /></lines>
			</method>
			<method name="transferSharesFrom"  hits="22"  signature="()V" >
				<lines><line number="388"  hits="22" /></lines>
			</method>
			<method name="_getShareRateNumerator"  hits="682"  signature="()V" >
				<lines><line number="410"  hits="682" /></lines>
			</method>
			<method name="_getShareRateDenominator"  hits="682"  signature="()V" >
				<lines><line number="419"  hits="682" /></lines>
			</method>
			<method name="_transfer"  hits="318"  signature="()V" >
				<lines><line number="428"  hits="318" /></lines>
			</method>
			<method name="_approve"  hits="482"  signature="()V" >
				<lines><line number="446"  hits="482" /></lines>
			</method>
			<method name="_spendAllowance"  hits="205"  signature="()V" >
				<lines><line number="462"  hits="205" /></lines>
			</method>
			<method name="_getTotalShares"  hits="757"  signature="()V" >
				<lines><line number="473"  hits="757" /></lines>
			</method>
			<method name="_sharesOf"  hits="565"  signature="()V" >
				<lines><line number="480"  hits="565" /></lines>
			</method>
			<method name="_transferShares"  hits="463"  signature="()V" >
				<lines><line number="494"  hits="463" /></lines>
			</method>
			<method name="_mintShares"  hits="241"  signature="()V" >
				<lines><line number="518"  hits="241" /></lines>
			</method>
			<method name="_burnShares"  hits="117"  signature="()V" >
				<lines><line number="544"  hits="117" /></lines>
			</method>
			<method name="_emitTransferEvents"  hits="547"  signature="()V" >
				<lines><line number="573"  hits="547" /></lines>
			</method>
			<method name="_emitTransferAfterMintingShares"  hits="92"  signature="()V" >
				<lines><line number="581"  hits="92" /></lines>
			</method>
			<method name="_mintInitialShares"  hits="54"  signature="()V" >
				<lines><line number="588"  hits="54" /></lines>
			</method>
		</methods>
		<lines>
			<line number="128"  hits="3"  branch="false" />
			<line number="136"  hits="3"  branch="false" />
			<line number="143"  hits="3"  branch="false" />
			<line number="153"  hits="45"  branch="false" />
			<line number="162"  hits="10"  branch="false" />
			<line number="172"  hits="494"  branch="false" />
			<line number="191"  hits="139"  branch="false" />
			<line number="192"  hits="134"  branch="false" />
			<line number="202"  hits="230"  branch="false" />
			<line number="221"  hits="237"  branch="false" />
			<line number="222"  hits="235"  branch="false" />
			<line number="247"  hits="183"  branch="false" />
			<line number="248"  hits="179"  branch="false" />
			<line number="249"  hits="175"  branch="false" />
			<line number="265"  hits="1"  branch="false" />
			<line number="266"  hits="1"  branch="false" />
			<line number="283"  hits="2"  branch="false" />
			<line number="284"  hits="2"  branch="true"  condition-coverage="100% (2/2)" />
			<line number="285"  hits="1"  branch="false" />
			<line number="286"  hits="1"  branch="false" />
			<line number="296"  hits="21"  branch="false" />
			<line number="303"  hits="69"  branch="false" />
			<line number="312"  hits="208"  branch="true"  condition-coverage="50% (1/2)" />
			<line number="313"  hits="208"  branch="false" />
			<line number="324"  hits="507"  branch="true"  condition-coverage="50% (1/2)" />
			<line number="325"  hits="507"  branch="false" />
			<line number="337"  hits="131"  branch="true"  condition-coverage="50% (1/2)" />
			<line number="338"  hits="131"  branch="false" />
			<line number="339"  hits="131"  branch="false" />
			<line number="341"  hits="131"  branch="false" />
			<line number="345"  hits="131"  branch="true"  condition-coverage="100% (2/2)" />
			<line number="346"  hits="80"  branch="false" />
			<line number="366"  hits="122"  branch="false" />
			<line number="367"  hits="119"  branch="false" />
			<line number="368"  hits="119"  branch="false" />
			<line number="369"  hits="119"  branch="false" />
			<line number="391"  hits="22"  branch="false" />
			<line number="392"  hits="22"  branch="false" />
			<line number="393"  hits="22"  branch="false" />
			<line number="394"  hits="22"  branch="false" />
			<line number="395"  hits="22"  branch="false" />
			<line number="411"  hits="682"  branch="false" />
			<line number="420"  hits="682"  branch="false" />
			<line number="429"  hits="318"  branch="false" />
			<line number="430"  hits="318"  branch="false" />
			<line number="431"  hits="309"  branch="false" />
			<line number="447"  hits="482"  branch="true"  condition-coverage="100% (2/2)" />
			<line number="448"  hits="481"  branch="true"  condition-coverage="100% (2/2)" />
			<line number="450"  hits="480"  branch="false" />
			<line number="451"  hits="480"  branch="false" />
			<line number="463"  hits="205"  branch="false" />
			<line number="464"  hits="205"  branch="true"  condition-coverage="100% (2/2)" />
			<line number="465"  hits="173"  branch="true"  condition-coverage="100% (2/2)" />
			<line number="466"  hits="169"  branch="false" />
			<line number="474"  hits="757"  branch="false" />
			<line number="481"  hits="565"  branch="false" />
			<line number="495"  hits="463"  branch="true"  condition-coverage="100% (2/2)" />
			<line number="496"  hits="462"  branch="true"  condition-coverage="100% (2/2)" />
			<line number="497"  hits="458"  branch="true"  condition-coverage="100% (2/2)" />
			<line number="498"  hits="454"  branch="false" />
			<line number="500"  hits="454"  branch="false" />
			<line number="501"  hits="454"  branch="true"  condition-coverage="100% (2/2)" />
			<line number="503"  hits="451"  branch="false" />
			<line number="504"  hits="451"  branch="false" />
			<line number="519"  hits="241"  branch="true"  condition-coverage="100% (2/2)" />
			<line number="521"  hits="240"  branch="false" />
			<line number="522"  hits="240"  branch="false" />
			<line number="524"  hits="240"  branch="false" />
			<line number="545"  hits="117"  branch="true"  condition-coverage="50% (1/2)" />
			<line number="547"  hits="117"  branch="false" />
			<line number="548"  hits="117"  branch="true"  condition-coverage="100% (2/2)" />
			<line number="550"  hits="116"  branch="false" />
			<line number="552"  hits="116"  branch="false" />
			<line number="553"  hits="116"  branch="false" />
			<line number="555"  hits="116"  branch="false" />
			<line number="557"  hits="116"  branch="false" />
			<line number="559"  hits="116"  branch="false" />
			<line number="574"  hits="547"  branch="false" />
			<line number="575"  hits="547"  branch="false" />
			<line number="582"  hits="92"  branch="false" />
			<line number="589"  hits="54"  branch="false" />
			<line number="590"  hits="54"  branch="false" />
		</lines>
		</class>
		<class name="StETHPermit.sol"  filename="contracts/0.4.24/StETHPermit.sol"  line-rate="1"  branch-rate="1" >
		<methods>
			<method name="permit"  hits="26"  signature="()V" >
				<lines><line number="99"  hits="26" /></lines>
			</method>
			<method name="nonces"  hits="7"  signature="()V" >
				<lines><line number="121"  hits="7" /></lines>
			</method>
			<method name="DOMAIN_SEPARATOR"  hits="2"  signature="()V" >
				<lines><line number="129"  hits="2" /></lines>
			</method>
			<method name="eip712Domain"  hits="2"  signature="()V" >
				<lines><line number="143"  hits="2" /></lines>
			</method>
			<method name="_useNonce"  hits="24"  signature="()V" >
				<lines><line number="155"  hits="24" /></lines>
			</method>
			<method name="_initializeEIP712StETH"  hits="60"  signature="()V" >
				<lines><line number="163"  hits="60" /></lines>
			</method>
			<method name="getEIP712StETH"  hits="90"  signature="()V" >
				<lines><line number="175"  hits="90" /></lines>
			</method>
		</methods>
		<lines>
			<line number="102"  hits="26"  branch="true"  condition-coverage="100% (2/2)" />
			<line number="104"  hits="24"  branch="false" />
			<line number="108"  hits="24"  branch="false" />
			<line number="110"  hits="23"  branch="true"  condition-coverage="100% (2/2)" />
			<line number="111"  hits="7"  branch="false" />
			<line number="122"  hits="7"  branch="false" />
			<line number="130"  hits="2"  branch="false" />
			<line number="149"  hits="2"  branch="false" />
			<line number="156"  hits="24"  branch="false" />
			<line number="157"  hits="24"  branch="false" />
			<line number="164"  hits="60"  branch="true"  condition-coverage="100% (2/2)" />
			<line number="165"  hits="59"  branch="true"  condition-coverage="100% (2/2)" />
			<line number="167"  hits="58"  branch="false" />
			<line number="169"  hits="58"  branch="false" />
			<line number="176"  hits="90"  branch="false" />
		</lines>
		</class>
	</classes>
	</package>
	<package name="0.4.24.lib"  line-rate="1"  branch-rate="1" >
	<classes>
		<class name="Packed64x4.sol"  filename="contracts/0.4.24/lib/Packed64x4.sol"  line-rate="1"  branch-rate="1" >
		<methods>
			<method name="get"  hits="4723"  signature="()V" >
				<lines><line number="25"  hits="4723" /></lines>
			</method>
			<method name="set"  hits="1931"  signature="()V" >
				<lines><line number="33"  hits="1931" /></lines>
			</method>
			<method name="add"  hits="697"  signature="()V" >
				<lines><line number="40"  hits="697" /></lines>
			</method>
			<method name="sub"  hits="56"  signature="()V" >
				<lines><line number="46"  hits="56" /></lines>
			</method>
		</methods>
		<lines>
			<line number="26"  hits="4723"  branch="false" />
			<line number="34"  hits="1931"  branch="true"  condition-coverage="100% (2/2)" />
			<line number="35"  hits="1929"  branch="false" />
			<line number="41"  hits="697"  branch="false" />
			<line number="47"  hits="56"  branch="false" />
		</lines>
		</class>
		<class name="SigningKeys.sol"  filename="contracts/0.4.24/lib/SigningKeys.sol"  line-rate="1"  branch-rate="1" >
		<methods>
			<method name="getKeyOffset"  hits="638"  signature="()V" >
				<lines><line number="24"  hits="638" /></lines>
			</method>
			<method name="saveKeysSigs"  hits="51"  signature="()V" >
				<lines><line number="36"  hits="51" /></lines>
			</method>
			<method name="removeKeysSigs"  hits="25"  signature="()V" >
				<lines><line number="90"  hits="25" /></lines>
			</method>
			<method name="loadKeysSigs"  hits="78"  signature="()V" >
				<lines><line number="149"  hits="78" /></lines>
			</method>
			<method name="initKeysSigsBuf"  hits="77"  signature="()V" >
				<lines><line number="176"  hits="77" /></lines>
			</method>
		</methods>
		<lines>
			<line number="25"  hits="638"  branch="false" />
			<line number="44"  hits="51"  branch="true"  condition-coverage="100% (2/2)" />
			<line number="45"  hits="48"  branch="true"  condition-coverage="100% (2/2)" />
			<line number="50"  hits="39"  branch="false" />
			<line number="51"  hits="39"  branch="false" />
			<line number="52"  hits="39"  branch="false" />
			<line number="54"  hits="39"  branch="false" />
			<line number="55"  hits="440"  branch="false" />
			<line number="56"  hits="440"  branch="false" />
			<line number="65"  hits="440"  branch="true"  condition-coverage="100% (2/2)" />
			<line number="66"  hits="436"  branch="false" />
			<line number="78"  hits="436"  branch="false" />
			<line number="80"  hits="35"  branch="false" />
			<line number="97"  hits="25"  branch="true"  condition-coverage="100% (2/2)" />
			<line number="102"  hits="22"  branch="false" />
			<line number="103"  hits="22"  branch="false" />
			<line number="104"  hits="22"  branch="false" />
			<line number="105"  hits="22"  branch="false" />
			<line number="107"  hits="22"  branch="false" />
			<line number="108"  hits="48"  branch="false" />
			<line number="109"  hits="48"  branch="false" />
			<line number="114"  hits="48"  branch="true"  condition-coverage="100% (2/2)" />
			<line number="115"  hits="11"  branch="false" />
			<line number="117"  hits="11"  branch="false" />
			<line number="118"  hits="11"  branch="false" />
			<line number="123"  hits="11"  branch="false" />
			<line number="126"  hits="48"  branch="false" />
			<line number="127"  hits="48"  branch="false" />
			<line number="132"  hits="48"  branch="false" />
			<line number="136"  hits="48"  branch="false" />
			<line number="138"  hits="22"  branch="false" />
			<line number="158"  hits="78"  branch="false" />
			<line number="159"  hits="78"  branch="false" />
			<line number="160"  hits="137"  branch="false" />
			<line number="161"  hits="137"  branch="false" />
			<line number="177"  hits="77"  branch="false" />
		</lines>
		</class>
		<class name="StakeLimitUtils.sol"  filename="contracts/0.4.24/lib/StakeLimitUtils.sol"  line-rate="1"  branch-rate="1" >
		<methods>
			<method name="getStorageStakeLimitStruct"  hits="125"  signature="()V" >
				<lines><line number="66"  hits="125" /></lines>
			</method>
			<method name="setStorageStakeLimitStruct"  hits="78"  signature="()V" >
				<lines><line number="80"  hits="78" /></lines>
			</method>
			<method name="calculateCurrentStakeLimit"  hits="119"  signature="()V" >
				<lines><line number="98"  hits="119" /></lines>
			</method>
			<method name="isStakingPaused"  hits="63"  signature="()V" >
				<lines><line number="116"  hits="63" /></lines>
			</method>
			<method name="isStakingLimitSet"  hits="46"  signature="()V" >
				<lines><line number="123"  hits="46" /></lines>
			</method>
			<method name="setStakingLimit"  hits="16"  signature="()V" >
				<lines><line number="134"  hits="16" /></lines>
			</method>
			<method name="removeStakingLimit"  hits="2"  signature="()V" >
				<lines><line number="176"  hits="2" /></lines>
			</method>
			<method name="updatePrevStakeLimit"  hits="5"  signature="()V" >
				<lines><line number="190"  hits="5" /></lines>
			</method>
			<method name="setStakeLimitPauseState"  hits="67"  signature="()V" >
				<lines><line number="209"  hits="67" /></lines>
			</method>
			<method name="_constGasMin"  hits="124"  signature="()V" >
				<lines><line number="224"  hits="124" /></lines>
			</method>
		</methods>
		<lines>
			<line number="67"  hits="125"  branch="false" />
			<line number="69"  hits="125"  branch="false" />
			<line number="70"  hits="125"  branch="false" />
			<line number="71"  hits="125"  branch="false" />
			<line number="72"  hits="125"  branch="false" />
			<line number="81"  hits="78"  branch="false" />
			<line number="99"  hits="119"  branch="false" />
			<line number="100"  hits="119"  branch="true"  condition-coverage="100% (2/2)" />
			<line number="101"  hits="115"  branch="false" />
			<line number="104"  hits="119"  branch="false" />
			<line number="105"  hits="119"  branch="false" />
			<line number="107"  hits="119"  branch="false" />
			<line number="117"  hits="63"  branch="false" />
			<line number="124"  hits="46"  branch="false" />
			<line number="139"  hits="16"  branch="true"  condition-coverage="100% (2/2)" />
			<line number="140"  hits="15"  branch="true"  condition-coverage="100% (2/2)" />
			<line number="141"  hits="14"  branch="true"  condition-coverage="100% (2/2)" />
			<line number="142"  hits="13"  branch="true"  condition-coverage="100% (2/2)" />
			<line number="149"  hits="12"  branch="true"  condition-coverage="100% (2/2)" />
			<line number="157"  hits="10"  branch="false" />
			<line number="159"  hits="12"  branch="false" />
			<line number="162"  hits="12"  branch="false" />
			<line number="164"  hits="12"  branch="true"  condition-coverage="100% (2/2)" />
			<line number="165"  hits="10"  branch="false" />
			<line number="168"  hits="12"  branch="false" />
			<line number="179"  hits="2"  branch="false" />
			<line number="181"  hits="2"  branch="false" />
			<line number="194"  hits="5"  branch="false" />
			<line number="195"  hits="4"  branch="false" />
			<line number="197"  hits="3"  branch="false" />
			<line number="198"  hits="3"  branch="false" />
			<line number="200"  hits="3"  branch="false" />
			<line number="213"  hits="67"  branch="false" />
			<line number="215"  hits="67"  branch="false" />
			<line number="225"  hits="124"  branch="false" />
			<line number="226"  hits="124"  branch="false" />
			<line number="229"  hits="124"  branch="false" />
		</lines>
		</class>
	</classes>
	</package>
	<package name="0.4.24.nos"  line-rate="1"  branch-rate="0.97" >
	<classes>
		<class name="NodeOperatorsRegistry.sol"  filename="contracts/0.4.24/nos/NodeOperatorsRegistry.sol"  line-rate="1"  branch-rate="0.97" >
		<methods>
			<method name="initialize"  hits="10"  signature="()V" >
				<lines><line number="223"  hits="10" /></lines>
			</method>
			<method name="_initialize_v2"  hits="10"  signature="()V" >
				<lines><line number="236"  hits="10" /></lines>
			</method>
			<method name="_initialize_v3"  hits="9"  signature="()V" >
				<lines><line number="247"  hits="9" /></lines>
			</method>
			<method name="_initialize_v4"  hits="12"  signature="()V" >
				<lines><line number="252"  hits="12" /></lines>
			</method>
			<method name="finalizeUpgrade_v4"  hits="5"  signature="()V" >
				<lines><line number="270"  hits="5" /></lines>
			</method>
			<method name="transferToVault"  hits="1"  signature="()V" >
				<lines><line number="280"  hits="1" /></lines>
			</method>
			<method name="addNodeOperator"  hits="394"  signature="()V" >
				<lines><line number="288"  hits="394" /></lines>
			</method>
			<method name="activateNodeOperator"  hits="9"  signature="()V" >
				<lines><line number="312"  hits="9" /></lines>
			</method>
			<method name="deactivateNodeOperator"  hits="61"  signature="()V" >
				<lines><line number="328"  hits="61" /></lines>
			</method>
			<method name="setNodeOperatorName"  hits="6"  signature="()V" >
				<lines><line number="360"  hits="6" /></lines>
			</method>
			<method name="setNodeOperatorRewardAddress"  hits="6"  signature="()V" >
				<lines><line number="373"  hits="6" /></lines>
			</method>
			<method name="setNodeOperatorStakingLimit"  hits="20"  signature="()V" >
				<lines><line number="389"  hits="20" /></lines>
			</method>
			<method name="decreaseVettedSigningKeysCount"  hits="7"  signature="()V" >
				<lines><line number="401"  hits="7" /></lines>
			</method>
			<method name="_updateVettedSigningKeysCount"  hits="22"  signature="()V" >
				<lines><line number="438"  hits="22" /></lines>
			</method>
			<method name="onRewardsMinted"  hits="2"  signature="()V" >
				<lines><line number="468"  hits="2" /></lines>
			</method>
			<method name="_checkReportPayload"  hits="13"  signature="()V" >
				<lines><line number="473"  hits="13" /></lines>
			</method>
			<method name="updateExitedValidatorsCount"  hits="8"  signature="()V" >
				<lines><line number="483"  hits="8" /></lines>
			</method>
			<method name="distributeReward"  hits="7"  signature="()V" >
				<lines><line number="531"  hits="7" /></lines>
			</method>
			<method name="onExitedAndStuckValidatorsCountsUpdated"  hits="2"  signature="()V" >
				<lines><line number="544"  hits="2" /></lines>
			</method>
			<method name="unsafeUpdateValidatorsCount"  hits="6"  signature="()V" >
				<lines><line number="552"  hits="6" /></lines>
			</method>
			<method name="_updateExitedValidatorsCount"  hits="11"  signature="()V" >
				<lines><line number="563"  hits="11" /></lines>
			</method>
			<method name="updateTargetValidatorsLimits"  hits="24"  signature="()V" >
				<lines><line number="599"  hits="24" /></lines>
			</method>
			<method name="updateTargetValidatorsLimits"  hits="54"  signature="()V" >
				<lines><line number="607"  hits="54" /></lines>
			</method>
			<method name="_updateSummaryMaxValidatorsCount"  hits="284"  signature="()V" >
				<lines><line number="627"  hits="284" /></lines>
			</method>
			<method name="onWithdrawalCredentialsChanged"  hits="3"  signature="()V" >
				<lines><line number="644"  hits="3" /></lines>
			</method>
			<method name="invalidateReadyToDepositKeysRange"  hits="4"  signature="()V" >
				<lines><line number="655"  hits="4" /></lines>
			</method>
			<method name="_invalidateReadyToDepositKeysRange"  hits="4"  signature="()V" >
				<lines><line number="660"  hits="4" /></lines>
			</method>
			<method name="obtainDepositData"  hits="6"  signature="()V" >
				<lines><line number="701"  hits="6" /></lines>
			</method>
			<method name="_getNodeOperator"  hits="250"  signature="()V" >
				<lines><line number="725"  hits="250" /></lines>
			</method>
			<method name="_applyNodeOperatorLimits"  hits="284"  signature="()V" >
				<lines><line number="741"  hits="284" /></lines>
			</method>
			<method name="_getSigningKeysAllocationData"  hits="6"  signature="()V" >
				<lines><line number="778"  hits="6" /></lines>
			</method>
			<method name="_loadAllocatedSigningKeys"  hits="3"  signature="()V" >
				<lines><line number="825"  hits="3" /></lines>
			</method>
			<method name="getNodeOperator"  hits="236"  signature="()V" >
				<lines><line number="875"  hits="236" /></lines>
			</method>
			<method name="getRewardsDistribution"  hits="7"  signature="()V" >
				<lines><line number="907"  hits="7" /></lines>
			</method>
			<method name="addSigningKeys"  hits="32"  signature="()V" >
				<lines><line number="968"  hits="32" /></lines>
			</method>
			<method name="addSigningKeysOperatorBH"  hits="16"  signature="()V" >
				<lines><line number="982"  hits="16" /></lines>
			</method>
			<method name="_addSigningKeys"  hits="48"  signature="()V" >
				<lines><line number="988"  hits="48" /></lines>
			</method>
			<method name="removeSigningKey"  hits="11"  signature="()V" >
				<lines><line number="1014"  hits="11" /></lines>
			</method>
			<method name="removeSigningKeys"  hits="19"  signature="()V" >
				<lines><line number="1022"  hits="19" /></lines>
			</method>
			<method name="removeSigningKeyOperatorBH"  hits="11"  signature="()V" >
				<lines><line number="1030"  hits="11" /></lines>
			</method>
			<method name="removeSigningKeysOperatorBH"  hits="15"  signature="()V" >
				<lines><line number="1039"  hits="15" /></lines>
			</method>
			<method name="isValidatorExitingKeyReported"  hits="12"  signature="()V" >
				<lines><line number="1047"  hits="12" /></lines>
			</method>
			<method name="exitDeadlineThreshold"  hits="4"  signature="()V" >
				<lines><line number="1055"  hits="4" /></lines>
			</method>
			<method name="_exitDeadlineThreshold"  hits="19"  signature="()V" >
				<lines><line number="1059"  hits="19" /></lines>
			</method>
			<method name="exitPenaltyCutoffTimestamp"  hits="40"  signature="()V" >
				<lines><line number="1065"  hits="40" /></lines>
			</method>
			<method name="setExitDeadlineThreshold"  hits="7"  signature="()V" >
				<lines><line number="1073"  hits="7" /></lines>
			</method>
			<method name="_setExitDeadlineThreshold"  hits="19"  signature="()V" >
				<lines><line number="1078"  hits="19" /></lines>
			</method>
			<method name="onValidatorExitTriggered"  hits="2"  signature="()V" >
				<lines><line number="1100"  hits="2" /></lines>
			</method>
			<method name="isValidatorExitDelayPenaltyApplicable"  hits="7"  signature="()V" >
				<lines><line number="1116"  hits="7" /></lines>
			</method>
			<method name="reportValidatorExitDelay"  hits="11"  signature="()V" >
				<lines><line number="1137"  hits="11" /></lines>
			</method>
			<method name="_removeUnusedSigningKeys"  hits="56"  signature="()V" >
				<lines><line number="1162"  hits="56" /></lines>
			</method>
			<method name="getTotalSigningKeyCount"  hits="7"  signature="()V" >
				<lines><line number="1196"  hits="7" /></lines>
			</method>
			<method name="getUnusedSigningKeyCount"  hits="7"  signature="()V" >
				<lines><line number="1203"  hits="7" /></lines>
			</method>
			<method name="getSigningKey"  hits="55"  signature="()V" >
				<lines><line number="1216"  hits="55" /></lines>
			</method>
			<method name="getSigningKeys"  hits="66"  signature="()V" >
				<lines><line number="1233"  hits="66" /></lines>
			</method>
			<method name="getType"  hits="2"  signature="()V" >
				<lines><line number="1254"  hits="2" /></lines>
			</method>
			<method name="getStakingModuleSummary"  hits="9"  signature="()V" >
				<lines><line number="1258"  hits="9" /></lines>
			</method>
			<method name="getNodeOperatorSummary"  hits="234"  signature="()V" >
				<lines><line number="1269"  hits="234" /></lines>
			</method>
			<method name="_getNodeOperatorValidatorsSummary"  hits="233"  signature="()V" >
				<lines><line number="1296"  hits="233" /></lines>
			</method>
			<method name="isOperatorPenalized"  hits="1"  signature="()V" >
				<lines><line number="1310"  hits="1" /></lines>
			</method>
			<method name="isOperatorPenaltyCleared"  hits="1"  signature="()V" >
				<lines><line number="1317"  hits="1" /></lines>
			</method>
			<method name="getNodeOperatorsCount"  hits="1610"  signature="()V" >
				<lines><line number="1322"  hits="1610" /></lines>
			</method>
			<method name="getActiveNodeOperatorsCount"  hits="635"  signature="()V" >
				<lines><line number="1327"  hits="635" /></lines>
			</method>
			<method name="getNodeOperatorIsActive"  hits="165"  signature="()V" >
				<lines><line number="1332"  hits="165" /></lines>
			</method>
			<method name="getNodeOperatorIds"  hits="5"  signature="()V" >
				<lines><line number="1337"  hits="5" /></lines>
			</method>
			<method name="getNonce"  hits="144"  signature="()V" >
				<lines><line number="1355"  hits="144" /></lines>
			</method>
			<method name="getKeysOpIndex"  hits="103"  signature="()V" >
				<lines><line number="1368"  hits="103" /></lines>
			</method>
			<method name="_distributeRewards"  hits="5"  signature="()V" >
				<lines><line number="1374"  hits="5" /></lines>
			</method>
			<method name="getLocator"  hits="411"  signature="()V" >
				<lines><line number="1394"  hits="411" /></lines>
			</method>
			<method name="getStuckPenaltyDelay"  hits="1"  signature="()V" >
				<lines><line number="1400"  hits="1" /></lines>
			</method>
			<method name="getRewardDistributionState"  hits="12"  signature="()V" >
				<lines><line number="1406"  hits="12" /></lines>
			</method>
			<method name="_updateRewardDistributionState"  hits="27"  signature="()V" >
				<lines><line number="1411"  hits="27" /></lines>
			</method>
			<method name="_increaseValidatorsKeysNonce"  hits="201"  signature="()V" >
				<lines><line number="1416"  hits="201" /></lines>
			</method>
			<method name="_loadSummarySigningKeysStats"  hits="260"  signature="()V" >
				<lines><line number="1424"  hits="260" /></lines>
			</method>
			<method name="_saveSummarySigningKeysStats"  hits="251"  signature="()V" >
				<lines><line number="1428"  hits="251" /></lines>
			</method>
			<method name="_loadOperatorTargetValidatorsStats"  hits="817"  signature="()V" >
				<lines><line number="1432"  hits="817" /></lines>
			</method>
			<method name="_saveOperatorTargetValidatorsStats"  hits="123"  signature="()V" >
				<lines><line number="1436"  hits="123" /></lines>
			</method>
			<method name="_loadOperatorSigningKeysStats"  hits="1027"  signature="()V" >
				<lines><line number="1441"  hits="1027" /></lines>
			</method>
			<method name="_saveOperatorSigningKeysStats"  hits="118"  signature="()V" >
				<lines><line number="1445"  hits="118" /></lines>
			</method>
			<method name="_requireAuth"  hits="692"  signature="()V" >
				<lines><line number="1449"  hits="692" /></lines>
			</method>
			<method name="_requireNotSameValue"  hits="4"  signature="()V" >
				<lines><line number="1453"  hits="4" /></lines>
			</method>
			<method name="_requireValidRange"  hits="1058"  signature="()V" >
				<lines><line number="1457"  hits="1058" /></lines>
			</method>
			<method name="_onlyCorrectNodeOperatorState"  hits="84"  signature="()V" >
				<lines><line number="1461"  hits="84" /></lines>
			</method>
			<method name="_auth"  hits="575"  signature="()V" >
				<lines><line number="1465"  hits="575" /></lines>
			</method>
			<method name="_authP"  hits="19"  signature="()V" >
				<lines><line number="1469"  hits="19" /></lines>
			</method>
			<method name="_onlyNodeOperatorManager"  hits="98"  signature="()V" >
				<lines><line number="1473"  hits="98" /></lines>
			</method>
			<method name="_onlyExistedNodeOperator"  hits="824"  signature="()V" >
				<lines><line number="1479"  hits="824" /></lines>
			</method>
			<method name="_onlyValidNodeOperatorName"  hits="400"  signature="()V" >
				<lines><line number="1483"  hits="400" /></lines>
			</method>
			<method name="_onlyValidRewardAddress"  hits="398"  signature="()V" >
				<lines><line number="1487"  hits="398" /></lines>
			</method>
			<method name="_onlyNonZeroAddress"  hits="408"  signature="()V" >
				<lines><line number="1494"  hits="408" /></lines>
			</method>
		</methods>
		<lines>
			<line number="225"  hits="10"  branch="false" />
			<line number="228"  hits="9"  branch="false" />
			<line number="231"  hits="9"  branch="false" />
			<line number="233"  hits="9"  branch="false" />
			<line number="237"  hits="10"  branch="false" />
			<line number="238"  hits="9"  branch="false" />
			<line number="239"  hits="9"  branch="false" />
			<line number="241"  hits="9"  branch="false" />
			<line number="243"  hits="9"  branch="false" />
			<line number="244"  hits="9"  branch="false" />
			<line number="248"  hits="9"  branch="false" />
			<line number="249"  hits="9"  branch="false" />
			<line number="253"  hits="12"  branch="false" />
			<line number="256"  hits="12"  branch="false" />
			<line number="271"  hits="5"  branch="true"  condition-coverage="100% (2/2)" />
			<line number="272"  hits="4"  branch="false" />
			<line number="275"  hits="3"  branch="false" />
			<line number="276"  hits="3"  branch="false" />
			<line number="281"  hits="1"  branch="false" />
			<line number="289"  hits="394"  branch="false" />
			<line number="290"  hits="392"  branch="false" />
			<line number="291"  hits="390"  branch="false" />
			<line number="293"  hits="389"  branch="false" />
			<line number="294"  hits="389"  branch="true"  condition-coverage="100% (2/2)" />
			<line number="296"  hits="388"  branch="false" />
			<line number="298"  hits="388"  branch="false" />
			<line number="300"  hits="388"  branch="false" />
			<line number="301"  hits="388"  branch="false" />
			<line number="303"  hits="388"  branch="false" />
			<line number="304"  hits="388"  branch="false" />
			<line number="305"  hits="388"  branch="false" />
			<line number="307"  hits="388"  branch="false" />
			<line number="313"  hits="9"  branch="false" />
			<line number="314"  hits="8"  branch="false" />
			<line number="316"  hits="7"  branch="false" />
			<line number="318"  hits="6"  branch="false" />
			<line number="320"  hits="6"  branch="false" />
			<line number="322"  hits="6"  branch="false" />
			<line number="323"  hits="6"  branch="false" />
			<line number="329"  hits="61"  branch="false" />
			<line number="330"  hits="60"  branch="false" />
			<line number="332"  hits="59"  branch="false" />
			<line number="334"  hits="58"  branch="false" />
			<line number="335"  hits="58"  branch="false" />
			<line number="337"  hits="58"  branch="false" />
			<line number="339"  hits="58"  branch="false" />
			<line number="341"  hits="58"  branch="false" />
			<line number="342"  hits="58"  branch="false" />
			<line number="343"  hits="58"  branch="false" />
			<line number="346"  hits="58"  branch="true"  condition-coverage="100% (2/2)" />
			<line number="347"  hits="30"  branch="false" />
			<line number="348"  hits="30"  branch="false" />
			<line number="350"  hits="30"  branch="false" />
			<line number="352"  hits="30"  branch="false" />
			<line number="354"  hits="58"  branch="false" />
			<line number="361"  hits="6"  branch="false" />
			<line number="362"  hits="4"  branch="false" />
			<line number="363"  hits="3"  branch="false" />
			<line number="365"  hits="2"  branch="false" />
			<line number="366"  hits="1"  branch="false" />
			<line number="367"  hits="1"  branch="false" />
			<line number="374"  hits="6"  branch="false" />
			<line number="375"  hits="4"  branch="false" />
			<line number="376"  hits="3"  branch="false" />
			<line number="378"  hits="2"  branch="false" />
			<line number="379"  hits="1"  branch="false" />
			<line number="380"  hits="1"  branch="false" />
			<line number="390"  hits="20"  branch="false" />
			<line number="391"  hits="19"  branch="false" />
			<line number="392"  hits="18"  branch="false" />
			<line number="394"  hits="17"  branch="false" />
			<line number="395"  hits="17"  branch="false" />
			<line number="405"  hits="7"  branch="false" />
			<line number="406"  hits="6"  branch="false" />
			<line number="407"  hits="6"  branch="false" />
			<line number="409"  hits="6"  branch="false" />
			<line number="410"  hits="6"  branch="false" />
			<line number="411"  hits="6"  branch="false" />
			<line number="412"  hits="6"  branch="false" />
			<line number="421"  hits="6"  branch="false" />
			<line number="425"  hits="6"  branch="false" />
			<line number="427"  hits="6"  branch="false" />
			<line number="432"  hits="6"  branch="false" />
			<line number="433"  hits="5"  branch="false" />
			<line number="435"  hits="4"  branch="false" />
			<line number="443"  hits="22"  branch="false" />
			<line number="444"  hits="22"  branch="false" />
			<line number="445"  hits="22"  branch="false" />
			<line number="446"  hits="22"  branch="false" />
			<line number="448"  hits="22"  branch="false" />
			<line number="452"  hits="22"  branch="true"  condition-coverage="100% (2/2)" />
			<line number="454"  hits="20"  branch="true"  condition-coverage="100% (2/2)" />
			<line number="459"  hits="19"  branch="false" />
			<line number="460"  hits="19"  branch="false" />
			<line number="462"  hits="19"  branch="false" />
			<line number="464"  hits="19"  branch="false" />
			<line number="469"  hits="2"  branch="false" />
			<line number="470"  hits="1"  branch="false" />
			<line number="474"  hits="13"  branch="false" />
			<line number="475"  hits="13"  branch="true"  condition-coverage="50% (1/2)" />
			<line number="489"  hits="8"  branch="false" />
			<line number="490"  hits="7"  branch="false" />
			<line number="491"  hits="7"  branch="false" />
			<line number="493"  hits="7"  branch="false" />
			<line number="494"  hits="7"  branch="false" />
			<line number="495"  hits="7"  branch="false" />
			<line number="496"  hits="7"  branch="false" />
			<line number="498"  hits="7"  branch="false" />
			<line number="502"  hits="7"  branch="false" />
			<line number="504"  hits="7"  branch="false" />
			<line number="509"  hits="7"  branch="false" />
			<line number="510"  hits="7"  branch="false" />
			<line number="512"  hits="6"  branch="false" />
			<line number="532"  hits="7"  branch="true"  condition-coverage="100% (2/2)" />
			<line number="533"  hits="5"  branch="false" />
			<line number="534"  hits="5"  branch="false" />
			<line number="545"  hits="2"  branch="false" />
			<line number="546"  hits="1"  branch="false" />
			<line number="556"  hits="6"  branch="false" />
			<line number="557"  hits="5"  branch="false" />
			<line number="559"  hits="4"  branch="false" />
			<line number="560"  hits="4"  branch="false" />
			<line number="566"  hits="11"  branch="false" />
			<line number="567"  hits="11"  branch="false" />
			<line number="568"  hits="11"  branch="true"  condition-coverage="100% (2/2)" />
			<line number="569"  hits="10"  branch="true"  condition-coverage="100% (2/2)" />
			<line number="574"  hits="9"  branch="false" />
			<line number="577"  hits="9"  branch="false" />
			<line number="579"  hits="9"  branch="false" />
			<line number="580"  hits="9"  branch="false" />
			<line number="581"  hits="9"  branch="false" />
			<line number="583"  hits="9"  branch="false" />
			<line number="584"  hits="9"  branch="false" />
			<line number="585"  hits="9"  branch="true"  condition-coverage="100% (2/2)" />
			<line number="586"  hits="8"  branch="false" />
			<line number="588"  hits="1"  branch="false" />
			<line number="590"  hits="9"  branch="false" />
			<line number="591"  hits="9"  branch="false" />
			<line number="600"  hits="24"  branch="false" />
			<line number="608"  hits="54"  branch="false" />
			<line number="609"  hits="54"  branch="false" />
			<line number="610"  hits="52"  branch="false" />
			<line number="612"  hits="50"  branch="false" />
			<line number="613"  hits="50"  branch="false" />
			<line number="614"  hits="50"  branch="true"  condition-coverage="100% (2/2)" />
			<line number="615"  hits="22"  branch="false" />
			<line number="617"  hits="50"  branch="false" />
			<line number="618"  hits="50"  branch="false" />
			<line number="620"  hits="50"  branch="false" />
			<line number="622"  hits="50"  branch="false" />
			<line number="623"  hits="50"  branch="false" />
			<line number="628"  hits="284"  branch="false" />
			<line number="630"  hits="284"  branch="true"  condition-coverage="100% (2/2)" />
			<line number="632"  hits="73"  branch="false" />
			<line number="634"  hits="73"  branch="false" />
			<line number="635"  hits="73"  branch="true"  condition-coverage="100% (2/2)" />
			<line number="636"  hits="20"  branch="false" />
			<line number="638"  hits="53"  branch="false" />
			<line number="640"  hits="73"  branch="false" />
			<line number="645"  hits="3"  branch="false" />
			<line number="646"  hits="2"  branch="false" />
			<line number="647"  hits="2"  branch="true"  condition-coverage="100% (2/2)" />
			<line number="648"  hits="1"  branch="false" />
			<line number="656"  hits="4"  branch="false" />
			<line number="657"  hits="3"  branch="false" />
			<line number="661"  hits="4"  branch="false" />
			<line number="663"  hits="3"  branch="false" />
			<line number="664"  hits="3"  branch="false" />
			<line number="665"  hits="3"  branch="false" />
			<line number="666"  hits="3"  branch="false" />
			<line number="667"  hits="3"  branch="false" />
			<line number="668"  hits="3"  branch="false" />
			<line number="669"  hits="5"  branch="false" />
			<line number="671"  hits="5"  branch="false" />
			<line number="672"  hits="5"  branch="false" />
			<line number="674"  hits="5"  branch="true"  condition-coverage="100% (2/2)" />
			<line number="675"  hits="4"  branch="false" />
			<line number="677"  hits="4"  branch="false" />
			<line number="678"  hits="4"  branch="false" />
			<line number="680"  hits="4"  branch="false" />
			<line number="681"  hits="4"  branch="false" />
			<line number="682"  hits="4"  branch="false" />
			<line number="684"  hits="4"  branch="false" />
			<line number="686"  hits="4"  branch="false" />
			<line number="687"  hits="4"  branch="false" />
			<line number="688"  hits="4"  branch="false" />
			<line number="691"  hits="3"  branch="true"  condition-coverage="100% (2/2)" />
			<line number="692"  hits="2"  branch="false" />
			<line number="705"  hits="6"  branch="false" />
			<line number="707"  hits="5"  branch="true"  condition-coverage="100% (2/2)" />
			<line number="709"  hits="4"  branch="false" />
			<line number="715"  hits="4"  branch="true"  condition-coverage="100% (2/2)" />
			<line number="717"  hits="2"  branch="false" />
			<line number="722"  hits="2"  branch="false" />
			<line number="730"  hits="250"  branch="false" />
			<line number="731"  hits="250"  branch="false" />
			<line number="733"  hits="250"  branch="false" />
			<line number="734"  hits="250"  branch="false" />
			<line number="735"  hits="250"  branch="false" />
			<line number="738"  hits="250"  branch="false" />
			<line number="745"  hits="284"  branch="false" />
			<line number="746"  hits="284"  branch="false" />
			<line number="748"  hits="284"  branch="false" />
			<line number="752"  hits="284"  branch="false" />
			<line number="754"  hits="284"  branch="true"  condition-coverage="100% (2/2)" />
			<line number="756"  hits="28"  branch="false" />
			<line number="771"  hits="284"  branch="false" />
			<line number="772"  hits="284"  branch="true"  condition-coverage="100% (2/2)" />
			<line number="773"  hits="73"  branch="false" />
			<line number="774"  hits="73"  branch="false" />
			<line number="783"  hits="6"  branch="false" />
			<line number="784"  hits="6"  branch="false" />
			<line number="785"  hits="6"  branch="false" />
			<line number="786"  hits="6"  branch="false" />
			<line number="788"  hits="6"  branch="false" />
			<line number="789"  hits="6"  branch="false" />
			<line number="790"  hits="6"  branch="false" />
			<line number="791"  hits="6"  branch="false" />
			<line number="792"  hits="6"  branch="false" />
			<line number="794"  hits="6"  branch="false" />
			<line number="795"  hits="17"  branch="false" />
			<line number="799"  hits="17"  branch="true"  condition-coverage="100% (2/2)" />
			<line number="801"  hits="6"  branch="false" />
			<line number="802"  hits="6"  branch="false" />
			<line number="803"  hits="6"  branch="false" />
			<line number="804"  hits="6"  branch="false" />
			<line number="807"  hits="6"  branch="true"  condition-coverage="100% (2/2)" />
			<line number="810"  hits="4"  branch="true"  condition-coverage="100% (2/2)" />
			<line number="811"  hits="3"  branch="false" />
			<line number="818"  hits="4"  branch="false" />
			<line number="822"  hits="4"  branch="false" />
			<line number="830"  hits="3"  branch="false" />
			<line number="832"  hits="3"  branch="false" />
			<line number="833"  hits="3"  branch="false" />
			<line number="834"  hits="3"  branch="false" />
			<line number="835"  hits="3"  branch="false" />
			<line number="836"  hits="3"  branch="false" />
			<line number="837"  hits="3"  branch="false" />
			<line number="838"  hits="5"  branch="false" />
			<line number="839"  hits="5"  branch="false" />
			<line number="840"  hits="5"  branch="false" />
			<line number="843"  hits="5"  branch="true"  condition-coverage="100% (2/2)" />
			<line number="851"  hits="4"  branch="false" />
			<line number="853"  hits="4"  branch="false" />
			<line number="854"  hits="4"  branch="false" />
			<line number="857"  hits="4"  branch="false" />
			<line number="859"  hits="4"  branch="false" />
			<line number="860"  hits="4"  branch="false" />
			<line number="861"  hits="4"  branch="false" />
			<line number="862"  hits="4"  branch="false" />
			<line number="865"  hits="3"  branch="false" />
			<line number="867"  hits="3"  branch="false" />
			<line number="868"  hits="3"  branch="false" />
			<line number="869"  hits="3"  branch="false" />
			<line number="888"  hits="236"  branch="false" />
			<line number="890"  hits="235"  branch="false" />
			<line number="892"  hits="235"  branch="false" />
			<line number="893"  hits="235"  branch="false" />
			<line number="894"  hits="235"  branch="true"  condition-coverage="100% (2/2)" />
			<line number="896"  hits="235"  branch="false" />
			<line number="898"  hits="235"  branch="false" />
			<line number="899"  hits="235"  branch="false" />
			<line number="900"  hits="235"  branch="false" />
			<line number="901"  hits="235"  branch="false" />
			<line number="912"  hits="7"  branch="false" />
			<line number="914"  hits="7"  branch="false" />
			<line number="915"  hits="7"  branch="false" />
			<line number="916"  hits="7"  branch="false" />
			<line number="917"  hits="7"  branch="false" />
			<line number="918"  hits="7"  branch="false" />
			<line number="920"  hits="7"  branch="false" />
			<line number="921"  hits="7"  branch="false" />
			<line number="922"  hits="7"  branch="false" />
			<line number="923"  hits="14"  branch="true"  condition-coverage="100% (2/2)" />
			<line number="925"  hits="13"  branch="false" />
			<line number="926"  hits="13"  branch="false" />
			<line number="927"  hits="13"  branch="false" />
			<line number="930"  hits="13"  branch="false" />
			<line number="931"  hits="13"  branch="false" />
			<line number="935"  hits="13"  branch="false" />
			<line number="937"  hits="13"  branch="false" />
			<line number="939"  hits="13"  branch="false" />
			<line number="944"  hits="13"  branch="false" />
			<line number="947"  hits="7"  branch="true"  condition-coverage="100% (2/2)" />
			<line number="949"  hits="6"  branch="false" />
			<line number="953"  hits="6"  branch="false" />
			<line number="956"  hits="6"  branch="false" />
			<line number="969"  hits="32"  branch="false" />
			<line number="985"  hits="16"  branch="false" />
			<line number="989"  hits="48"  branch="false" />
			<line number="990"  hits="46"  branch="false" />
			<line number="992"  hits="36"  branch="false" />
			<line number="994"  hits="30"  branch="false" />
			<line number="995"  hits="30"  branch="false" />
			<line number="997"  hits="30"  branch="false" />
			<line number="999"  hits="28"  branch="false" />
			<line number="1002"  hits="20"  branch="false" />
			<line number="1004"  hits="20"  branch="false" />
			<line number="1005"  hits="20"  branch="false" />
			<line number="1007"  hits="20"  branch="false" />
			<line number="1015"  hits="11"  branch="false" />
			<line number="1023"  hits="19"  branch="false" />
			<line number="1031"  hits="11"  branch="false" />
			<line number="1040"  hits="15"  branch="false" />
			<line number="1048"  hits="12"  branch="false" />
			<line number="1049"  hits="12"  branch="false" />
			<line number="1056"  hits="4"  branch="false" />
			<line number="1060"  hits="19"  branch="false" />
			<line number="1066"  hits="40"  branch="false" />
			<line number="1074"  hits="7"  branch="false" />
			<line number="1075"  hits="7"  branch="false" />
			<line number="1079"  hits="19"  branch="true"  condition-coverage="50% (1/2)" />
			<line number="1082"  hits="19"  branch="false" />
			<line number="1083"  hits="19"  branch="true"  condition-coverage="100% (2/2)" />
			<line number="1085"  hits="18"  branch="false" />
			<line number="1086"  hits="18"  branch="false" />
			<line number="1087"  hits="18"  branch="false" />
			<line number="1088"  hits="18"  branch="false" />
			<line number="1090"  hits="18"  branch="false" />
			<line number="1106"  hits="2"  branch="false" />
			<line number="1108"  hits="1"  branch="false" />
			<line number="1123"  hits="7"  branch="true"  condition-coverage="100% (2/2)" />
			<line number="1124"  hits="1"  branch="false" />
			<line number="1126"  hits="6"  branch="false" />
			<line number="1143"  hits="11"  branch="false" />
			<line number="1144"  hits="10"  branch="true"  condition-coverage="100% (2/2)" />
			<line number="1147"  hits="9"  branch="true"  condition-coverage="50% (1/2)" />
			<line number="1149"  hits="9"  branch="true"  condition-coverage="100% (2/2)" />
			<line number="1151"  hits="8"  branch="false" />
			<line number="1153"  hits="8"  branch="true"  condition-coverage="100% (2/2)" />
			<line number="1154"  hits="1"  branch="false" />
			<line number="1157"  hits="7"  branch="false" />
			<line number="1159"  hits="7"  branch="false" />
			<line number="1163"  hits="56"  branch="false" />
			<line number="1164"  hits="52"  branch="false" />
			<line number="1167"  hits="32"  branch="true"  condition-coverage="100% (2/2)" />
			<line number="1169"  hits="26"  branch="false" />
			<line number="1170"  hits="26"  branch="false" />
			<line number="1172"  hits="26"  branch="false" />
			<line number="1177"  hits="20"  branch="false" />
			<line number="1179"  hits="20"  branch="false" />
			<line number="1180"  hits="20"  branch="false" />
			<line number="1182"  hits="20"  branch="false" />
			<line number="1183"  hits="20"  branch="true"  condition-coverage="100% (2/2)" />
			<line number="1185"  hits="8"  branch="false" />
			<line number="1186"  hits="8"  branch="false" />
			<line number="1188"  hits="20"  branch="false" />
			<line number="1190"  hits="20"  branch="false" />
			<line number="1192"  hits="20"  branch="false" />
			<line number="1197"  hits="7"  branch="false" />
			<line number="1198"  hits="6"  branch="false" />
			<line number="1199"  hits="6"  branch="false" />
			<line number="1204"  hits="7"  branch="false" />
			<line number="1206"  hits="6"  branch="false" />
			<line number="1207"  hits="6"  branch="false" />
			<line number="1221"  hits="55"  branch="false" />
			<line number="1222"  hits="55"  branch="false" />
			<line number="1223"  hits="50"  branch="false" />
			<line number="1238"  hits="66"  branch="false" />
			<line number="1240"  hits="64"  branch="false" />
			<line number="1241"  hits="64"  branch="false" />
			<line number="1243"  hits="55"  branch="false" />
			<line number="1244"  hits="55"  branch="false" />
			<line number="1245"  hits="55"  branch="false" />
			<line number="1247"  hits="55"  branch="false" />
			<line number="1248"  hits="55"  branch="false" />
			<line number="1249"  hits="54"  branch="false" />
			<line number="1255"  hits="2"  branch="false" />
			<line number="1263"  hits="9"  branch="false" />
			<line number="1264"  hits="9"  branch="false" />
			<line number="1265"  hits="9"  branch="false" />
			<line number="1266"  hits="9"  branch="false" />
			<line number="1282"  hits="234"  branch="false" />
			<line number="1284"  hits="233"  branch="false" />
			<line number="1286"  hits="233"  branch="false" />
			<line number="1287"  hits="233"  branch="false" />
			<line number="1288"  hits="233"  branch="false" />
			<line number="1289"  hits="233"  branch="false" />
			<line number="1290"  hits="233"  branch="false" />
			<line number="1292"  hits="233"  branch="false" />
			<line number="1301"  hits="233"  branch="false" />
			<line number="1302"  hits="233"  branch="false" />
			<line number="1304"  hits="233"  branch="false" />
			<line number="1311"  hits="1"  branch="false" />
			<line number="1318"  hits="1"  branch="false" />
			<line number="1323"  hits="1610"  branch="false" />
			<line number="1328"  hits="635"  branch="false" />
			<line number="1333"  hits="165"  branch="false" />
			<line number="1341"  hits="5"  branch="false" />
			<line number="1342"  hits="5"  branch="true"  condition-coverage="100% (4/4)" />
			<line number="1343"  hits="2"  branch="false" />
			<line number="1344"  hits="2"  branch="false" />
			<line number="1345"  hits="2"  branch="false" />
			<line number="1356"  hits="144"  branch="false" />
			<line number="1369"  hits="103"  branch="false" />
			<line number="1375"  hits="5"  branch="false" />
			<line number="1377"  hits="5"  branch="false" />
			<line number="1378"  hits="5"  branch="true"  condition-coverage="100% (2/2)" />
			<line number="1379"  hits="2"  branch="false" />
			<line number="1382"  hits="3"  branch="false" />
			<line number="1385"  hits="3"  branch="false" />
			<line number="1387"  hits="9"  branch="true"  condition-coverage="100% (2/2)" />
			<line number="1388"  hits="6"  branch="false" />
			<line number="1389"  hits="6"  branch="false" />
			<line number="1390"  hits="6"  branch="false" />
			<line number="1395"  hits="411"  branch="false" />
			<line number="1401"  hits="1"  branch="false" />
			<line number="1407"  hits="12"  branch="false" />
			<line number="1408"  hits="12"  branch="false" />
			<line number="1412"  hits="27"  branch="false" />
			<line number="1413"  hits="27"  branch="false" />
			<line number="1417"  hits="201"  branch="false" />
			<line number="1418"  hits="201"  branch="false" />
			<line number="1420"  hits="201"  branch="false" />
			<line number="1421"  hits="201"  branch="false" />
			<line number="1425"  hits="260"  branch="false" />
			<line number="1429"  hits="251"  branch="false" />
			<line number="1433"  hits="817"  branch="false" />
			<line number="1437"  hits="123"  branch="false" />
			<line number="1442"  hits="1027"  branch="false" />
			<line number="1446"  hits="118"  branch="false" />
			<line number="1450"  hits="692"  branch="true"  condition-coverage="100% (2/2)" />
			<line number="1454"  hits="4"  branch="true"  condition-coverage="100% (2/2)" />
			<line number="1458"  hits="1058"  branch="true"  condition-coverage="100% (2/2)" />
			<line number="1462"  hits="84"  branch="true"  condition-coverage="100% (2/2)" />
			<line number="1466"  hits="575"  branch="false" />
			<line number="1470"  hits="19"  branch="false" />
			<line number="1474"  hits="98"  branch="false" />
			<line number="1475"  hits="98"  branch="false" />
			<line number="1476"  hits="98"  branch="false" />
			<line number="1480"  hits="824"  branch="false" />
			<line number="1484"  hits="400"  branch="true"  condition-coverage="100% (2/2)" />
			<line number="1488"  hits="398"  branch="false" />
			<line number="1491"  hits="396"  branch="true"  condition-coverage="100% (2/2)" />
			<line number="1495"  hits="408"  branch="true"  condition-coverage="100% (2/2)" />
		</lines>
		</class>
	</classes>
	</package>
	<package name="0.4.24.utils"  line-rate="0.9643"  branch-rate="1" >
	<classes>
		<class name="Pausable.sol"  filename="contracts/0.4.24/utils/Pausable.sol"  line-rate="1"  branch-rate="1" >
		<methods>
			<method name="_whenNotStopped"  hits="512"  signature="()V" >
				<lines><line number="18"  hits="512" /></lines>
			</method>
			<method name="_whenStopped"  hits="54"  signature="()V" >
				<lines><line number="22"  hits="54" /></lines>
			</method>
			<method name="isStopped"  hits="12"  signature="()V" >
				<lines><line number="26"  hits="12" /></lines>
			</method>
			<method name="_stop"  hits="13"  signature="()V" >
				<lines><line number="30"  hits="13" /></lines>
			</method>
			<method name="_resume"  hits="54"  signature="()V" >
				<lines><line number="37"  hits="54" /></lines>
			</method>
		</methods>
		<lines>
[...]
			<line number="611"  hits="16"  branch="false" />
			<line number="615"  hits="34"  branch="false" />
			<line number="616"  hits="81"  branch="true"  condition-coverage="100% (2/2)" />
			<line number="617"  hits="10"  branch="false" />
			<line number="620"  hits="24"  branch="false" />
			<line number="631"  hits="24"  branch="false" />
			<line number="634"  hits="24"  branch="false" />
			<line number="635"  hits="24"  branch="false" />
			<line number="637"  hits="24"  branch="false" />
			<line number="638"  hits="24"  branch="false" />
			<line number="639"  hits="5"  branch="false" />
			<line number="640"  hits="5"  branch="false" />
			<line number="643"  hits="24"  branch="true"  condition-coverage="100% (2/2)" />
			<line number="644"  hits="11"  branch="false" />
			<line number="646"  hits="11"  branch="false" />
			<line number="648"  hits="13"  branch="false" />
			<line number="652"  hits="13"  branch="false" />
			<line number="653"  hits="13"  branch="false" />
			<line number="657"  hits="13"  branch="true"  condition-coverage="100% (2/2)" />
			<line number="659"  hits="3"  branch="false" />
			<line number="660"  hits="3"  branch="false" />
			<line number="664"  hits="10"  branch="true"  condition-coverage="100% (2/2)" />
			<line number="666"  hits="3"  branch="false" />
			<line number="668"  hits="7"  branch="false" />
			<line number="672"  hits="7"  branch="false" />
			<line number="674"  hits="7"  branch="true"  condition-coverage="100% (2/2)" />
			<line number="675"  hits="6"  branch="false" />
			<line number="676"  hits="6"  branch="true"  condition-coverage="100% (2/2)" />
			<line number="677"  hits="1"  branch="false" />
			<line number="679"  hits="5"  branch="true"  condition-coverage="100% (2/2)" />
			<line number="681"  hits="1"  branch="false" />
			<line number="683"  hits="4"  branch="true"  condition-coverage="100% (2/2)" />
			<line number="684"  hits="1"  branch="false" />
			<line number="686"  hits="3"  branch="false" />
			<line number="688"  hits="1"  branch="false" />
			<line number="700"  hits="17"  branch="true"  condition-coverage="100% (2/2)" />
			<line number="701"  hits="1"  branch="false" />
			<line number="704"  hits="17"  branch="true"  condition-coverage="100% (2/2)" />
			<line number="706"  hits="6"  branch="true"  condition-coverage="100% (2/2)" />
			<line number="707"  hits="2"  branch="false" />
			<line number="710"  hits="6"  branch="false" />
			<line number="711"  hits="6"  branch="false" />
			<line number="715"  hits="6"  branch="true"  condition-coverage="100% (2/2)" />
			<line number="716"  hits="1"  branch="false" />
			<line number="725"  hits="3"  branch="true"  condition-coverage="100% (2/2)" />
			<line number="726"  hits="1"  branch="false" />
			<line number="729"  hits="3"  branch="false" />
			<line number="731"  hits="3"  branch="true"  condition-coverage="100% (2/2)" />
			<line number="740"  hits="2"  branch="false" />
			<line number="741"  hits="2"  branch="false" />
			<line number="743"  hits="2"  branch="false" />
			<line number="745"  hits="2"  branch="true"  condition-coverage="100% (2/2)" />
			<line number="746"  hits="1"  branch="false" />
			<line number="750"  hits="86"  branch="false" />
			<line number="751"  hits="86"  branch="true"  condition-coverage="100% (2/2)" />
			<line number="752"  hits="22"  branch="false" />
			<line number="753"  hits="21"  branch="false" />
			<line number="755"  hits="85"  branch="true"  condition-coverage="100% (2/2)" />
			<line number="756"  hits="21"  branch="false" />
			<line number="757"  hits="20"  branch="false" />
			<line number="759"  hits="84"  branch="true"  condition-coverage="100% (2/2)" />
			<line number="760"  hits="10"  branch="false" />
			<line number="761"  hits="9"  branch="false" />
			<line number="763"  hits="83"  branch="true"  condition-coverage="100% (2/2)" />
			<line number="764"  hits="44"  branch="false" />
			<line number="765"  hits="43"  branch="false" />
			<line number="767"  hits="82"  branch="true"  condition-coverage="100% (2/2)" />
			<line number="768"  hits="26"  branch="false" />
			<line number="769"  hits="25"  branch="false" />
			<line number="771"  hits="81"  branch="true"  condition-coverage="100% (2/2)" />
			<line number="772"  hits="22"  branch="false" />
			<line number="773"  hits="21"  branch="false" />
			<line number="775"  hits="80"  branch="true"  condition-coverage="100% (2/2)" />
			<line number="776"  hits="10"  branch="false" />
			<line number="777"  hits="9"  branch="false" />
			<line number="779"  hits="79"  branch="true"  condition-coverage="100% (2/2)" />
			<line number="780"  hits="18"  branch="false" />
			<line number="781"  hits="17"  branch="false" />
			<line number="783"  hits="78"  branch="true"  condition-coverage="100% (2/2)" />
			<line number="784"  hits="11"  branch="false" />
			<line number="785"  hits="10"  branch="false" />
			<line number="787"  hits="77"  branch="true"  condition-coverage="100% (2/2)" />
			<line number="788"  hits="10"  branch="false" />
			<line number="789"  hits="9"  branch="false" />
			<line number="791"  hits="76"  branch="true"  condition-coverage="100% (2/2)" />
			<line number="792"  hits="17"  branch="false" />
			<line number="793"  hits="16"  branch="false" />
			<line number="795"  hits="75"  branch="false" />
			<line number="799"  hits="211"  branch="true"  condition-coverage="100% (4/4)" />
			<line number="800"  hits="11"  branch="false" />
			<line number="845"  hits="75"  branch="false" />
			<line number="846"  hits="75"  branch="false" />
			<line number="847"  hits="75"  branch="false" />
			<line number="848"  hits="75"  branch="false" />
			<line number="849"  hits="75"  branch="false" />
			<line number="850"  hits="75"  branch="false" />
			<line number="851"  hits="75"  branch="false" />
			<line number="852"  hits="75"  branch="false" />
			<line number="853"  hits="75"  branch="false" />
			<line number="854"  hits="75"  branch="false" />
			<line number="855"  hits="75"  branch="false" />
			<line number="859"  hits="150"  branch="true"  condition-coverage="50% (1/2)" />
			<line number="860"  hits="0"  branch="false" />
			<line number="862"  hits="150"  branch="false" />
			<line number="868"  hits="404"  branch="false" />
			<line number="869"  hits="404"  branch="false" />
			<line number="870"  hits="404"  branch="false" />
			<line number="871"  hits="404"  branch="false" />
			<line number="872"  hits="404"  branch="false" />
			<line number="873"  hits="404"  branch="false" />
			<line number="874"  hits="404"  branch="false" />
			<line number="875"  hits="404"  branch="false" />
			<line number="876"  hits="404"  branch="false" />
			<line number="877"  hits="404"  branch="false" />
			<line number="878"  hits="404"  branch="false" />
		</lines>
		</class>
	</classes>
	</package>
	<package name="0.8.9.utils"  line-rate="1"  branch-rate="1" >
	<classes>
		<class name="DummyEmptyContract.sol"  filename="contracts/0.8.9/utils/DummyEmptyContract.sol"  line-rate="1"  branch-rate="1" >
		<methods>
		</methods>
		<lines>
		</lines>
		</class>
		<class name="PausableUntil.sol"  filename="contracts/0.8.9/utils/PausableUntil.sol"  line-rate="1"  branch-rate="1" >
		<methods>
			<method name="whenPaused"  hits="26"  signature="()V" >
				<lines><line number="27"  hits="26" /></lines>
			</method>
			<method name="whenResumed"  hits="126"  signature="()V" >
				<lines><line number="33"  hits="126" /></lines>
			</method>
			<method name="_checkPaused"  hits="132"  signature="()V" >
				<lines><line number="38"  hits="132" /></lines>
			</method>
			<method name="_checkResumed"  hits="321"  signature="()V" >
				<lines><line number="44"  hits="321" /></lines>
			</method>
			<method name="isPaused"  hits="483"  signature="()V" >
				<lines><line number="51"  hits="483" /></lines>
			</method>
			<method name="getResumeSinceTimestamp"  hits="2"  signature="()V" >
				<lines><line number="59"  hits="2" /></lines>
			</method>
			<method name="_resume"  hits="106"  signature="()V" >
				<lines><line number="63"  hits="106" /></lines>
			</method>
			<method name="_pauseFor"  hits="116"  signature="()V" >
				<lines><line number="69"  hits="116" /></lines>
			</method>
			<method name="_pauseUntil"  hits="13"  signature="()V" >
				<lines><line number="82"  hits="13" /></lines>
			</method>
			<method name="_setPausedState"  hits="122"  signature="()V" >
				<lines><line number="95"  hits="122" /></lines>
			</method>
		</methods>
		<lines>
			<line number="28"  hits="26"  branch="false" />
			<line number="29"  hits="24"  branch="false" />
			<line number="34"  hits="126"  branch="false" />
			<line number="35"  hits="116"  branch="false" />
			<line number="39"  hits="132"  branch="true"  condition-coverage="100% (2/2)" />
			<line number="40"  hits="5"  branch="false" />
			<line number="45"  hits="321"  branch="true"  condition-coverage="100% (2/2)" />
			<line number="46"  hits="20"  branch="false" />
			<line number="52"  hits="483"  branch="false" />
			<line number="60"  hits="2"  branch="false" />
			<line number="64"  hits="106"  branch="false" />
			<line number="65"  hits="103"  branch="false" />
			<line number="66"  hits="103"  branch="false" />
			<line number="70"  hits="116"  branch="false" />
			<line number="71"  hits="112"  branch="true"  condition-coverage="100% (2/2)" />
			<line number="73"  hits="109"  branch="false" />
			<line number="74"  hits="109"  branch="true"  condition-coverage="100% (2/2)" />
			<line number="75"  hits="79"  branch="false" />
			<line number="77"  hits="30"  branch="false" />
			<line number="79"  hits="109"  branch="false" />
			<line number="83"  hits="13"  branch="false" />
			<line number="84"  hits="12"  branch="true"  condition-coverage="100% (2/2)" />
			<line number="86"  hits="10"  branch="false" />
			<line number="87"  hits="10"  branch="true"  condition-coverage="100% (2/2)" />
			<line number="88"  hits="8"  branch="false" />
			<line number="90"  hits="2"  branch="false" />
			<line number="92"  hits="10"  branch="false" />
			<line number="96"  hits="122"  branch="false" />
			<line number="97"  hits="122"  branch="true"  condition-coverage="100% (2/2)" />
			<line number="98"  hits="82"  branch="false" />
			<line number="100"  hits="40"  branch="false" />
		</lines>
		</class>
		<class name="Versioned.sol"  filename="contracts/0.8.9/utils/Versioned.sol"  line-rate="1"  branch-rate="1" >
		<methods>
			<method name="constructor"  hits="88"  signature="()V" >
				<lines><line number="28"  hits="88" /></lines>
			</method>
			<method name="getContractVersion"  hits="465"  signature="()V" >
				<lines><line number="34"  hits="465" /></lines>
			</method>
			<method name="_checkContractVersion"  hits="213"  signature="()V" >
				<lines><line number="38"  hits="213" /></lines>
			</method>
			<method name="_initializeContractVersionTo"  hits="155"  signature="()V" >
				<lines><line number="46"  hits="155" /></lines>
			</method>
			<method name="_updateContractVersion"  hits="44"  signature="()V" >
				<lines><line number="52"  hits="44" /></lines>
			</method>
			<method name="_setContractVersion"  hits="195"  signature="()V" >
				<lines><line number="57"  hits="195" /></lines>
			</method>
		</methods>
		<lines>
			<line number="30"  hits="88"  branch="false" />
			<line number="35"  hits="465"  branch="false" />
			<line number="39"  hits="213"  branch="false" />
			<line number="40"  hits="213"  branch="true"  condition-coverage="100% (2/2)" />
			<line number="41"  hits="14"  branch="false" />
			<line number="47"  hits="155"  branch="true"  condition-coverage="100% (2/2)" />
			<line number="48"  hits="154"  branch="false" />
			<line number="53"  hits="44"  branch="true"  condition-coverage="100% (2/2)" />
			<line number="54"  hits="41"  branch="false" />
			<line number="58"  hits="195"  branch="false" />
			<line number="59"  hits="195"  branch="false" />
		</lines>
		</class>
	</classes>
	</package>
	<package name="0.8.9.utils.access"  line-rate="1"  branch-rate="1" >
	<classes>
		<class name="AccessControl.sol"  filename="contracts/0.8.9/utils/access/AccessControl.sol"  line-rate="1"  branch-rate="1" >
		<methods>
			<method name="_storageRoles"  hits="4734"  signature="()V" >
				<lines><line number="62"  hits="4734" /></lines>
			</method>
			<method name="onlyRole"  hits="1509"  signature="()V" >
				<lines><line number="79"  hits="1509" /></lines>
			</method>
			<method name="supportsInterface"  hits="11"  signature="()V" >
				<lines><line number="87"  hits="11" /></lines>
			</method>
			<method name="hasRole"  hits="2996"  signature="()V" >
				<lines><line number="94"  hits="2996" /></lines>
			</method>
			<method name="_checkRole"  hits="1726"  signature="()V" >
				<lines><line number="105"  hits="1726" /></lines>
			</method>
			<method name="getRoleAdmin"  hits="750"  signature="()V" >
				<lines><line number="126"  hits="750" /></lines>
			</method>
			<method name="grantRole"  hits="728"  signature="()V" >
				<lines><line number="140"  hits="728" /></lines>
			</method>
			<method name="revokeRole"  hits="17"  signature="()V" >
				<lines><line number="153"  hits="17" /></lines>
			</method>
			<method name="renounceRole"  hits="3"  signature="()V" >
				<lines><line number="171"  hits="3" /></lines>
			</method>
			<method name="_setupRole"  hits="139"  signature="()V" >
				<lines><line number="195"  hits="139" /></lines>
			</method>
			<method name="_setRoleAdmin"  hits="1"  signature="()V" >
				<lines><line number="204"  hits="1" /></lines>
			</method>
			<method name="_grantRole"  hits="974"  signature="()V" >
				<lines><line number="215"  hits="974" /></lines>
			</method>
			<method name="_revokeRole"  hits="19"  signature="()V" >
				<lines><line number="227"  hits="19" /></lines>
			</method>
		</methods>
		<lines>
			<line number="63"  hits="4734"  branch="false" />
			<line number="64"  hits="4734"  branch="false" />
			<line number="80"  hits="1509"  branch="false" />
			<line number="81"  hits="1445"  branch="false" />
			<line number="88"  hits="11"  branch="true"  condition-coverage="100% (2/2)" />
			<line number="95"  hits="2996"  branch="false" />
			<line number="106"  hits="1726"  branch="true"  condition-coverage="100% (2/2)" />
			<line number="107"  hits="71"  branch="false" />
			<line number="127"  hits="750"  branch="false" />
			<line number="141"  hits="728"  branch="false" />
			<line number="154"  hits="17"  branch="false" />
			<line number="172"  hits="3"  branch="true"  condition-coverage="100% (2/2)" />
			<line number="174"  hits="2"  branch="false" />
			<line number="196"  hits="139"  branch="false" />
			<line number="205"  hits="1"  branch="false" />
			<line number="206"  hits="1"  branch="false" />
			<line number="207"  hits="1"  branch="false" />
			<line number="216"  hits="974"  branch="true"  condition-coverage="100% (2/2)" />
			<line number="217"  hits="971"  branch="false" />
			<line number="218"  hits="971"  branch="false" />
			<line number="228"  hits="19"  branch="true"  condition-coverage="100% (2/2)" />
			<line number="229"  hits="16"  branch="false" />
			<line number="230"  hits="16"  branch="false" />
		</lines>
		</class>
		<class name="AccessControlEnumerable.sol"  filename="contracts/0.8.9/utils/access/AccessControlEnumerable.sol"  line-rate="1"  branch-rate="1" >
		<methods>
			<method name="_storageRoleMembers"  hits="1001"  signature="()V" >
				<lines><line number="24"  hits="1001" /></lines>
			</method>
			<method name="supportsInterface"  hits="10"  signature="()V" >
				<lines><line number="34"  hits="10" /></lines>
			</method>
			<method name="getRoleMember"  hits="3"  signature="()V" >
				<lines><line number="50"  hits="3" /></lines>
			</method>
			<method name="getRoleMemberCount"  hits="15"  signature="()V" >
				<lines><line number="58"  hits="15" /></lines>
			</method>
			<method name="_grantRole"  hits="968"  signature="()V" >
				<lines><line number="65"  hits="968" /></lines>
			</method>
			<method name="_revokeRole"  hits="15"  signature="()V" >
				<lines><line number="73"  hits="15" /></lines>
			</method>
		</methods>
		<lines>
			<line number="27"  hits="1001"  branch="false" />
			<line number="28"  hits="1001"  branch="false" />
			<line number="35"  hits="10"  branch="true"  condition-coverage="100% (2/2)" />
			<line number="51"  hits="3"  branch="false" />
			<line number="59"  hits="15"  branch="false" />
			<line number="66"  hits="968"  branch="false" />
			<line number="67"  hits="968"  branch="false" />
			<line number="74"  hits="15"  branch="false" />
			<line number="75"  hits="15"  branch="false" />
		</lines>
		</class>
	</classes>
	</package>
	<package name="common.utils"  line-rate="1"  branch-rate="1" >
	<classes>
		<class name="PausableUntil.sol"  filename="contracts/common/utils/PausableUntil.sol"  line-rate="1"  branch-rate="1" >
		<methods>
			<method name="whenResumed"  hits="190"  signature="()V" >
				<lines><line number="31"  hits="190" /></lines>
			</method>
			<method name="isPaused"  hits="228"  signature="()V" >
				<lines><line number="37"  hits="228" /></lines>
			</method>
			<method name="getResumeSinceTimestamp"  hits="6"  signature="()V" >
				<lines><line number="45"  hits="6" /></lines>
			</method>
			<method name="_checkPaused"  hits="5"  signature="()V" >
				<lines><line number="49"  hits="5" /></lines>
			</method>
			<method name="_checkResumed"  hits="209"  signature="()V" >
				<lines><line number="55"  hits="209" /></lines>
			</method>
			<method name="_resume"  hits="5"  signature="()V" >
				<lines><line number="61"  hits="5" /></lines>
			</method>
			<method name="_pauseFor"  hits="13"  signature="()V" >
				<lines><line number="67"  hits="13" /></lines>
			</method>
			<method name="_pauseUntil"  hits="6"  signature="()V" >
				<lines><line number="80"  hits="6" /></lines>
			</method>
			<method name="_setPausedState"  hits="16"  signature="()V" >
				<lines><line number="93"  hits="16" /></lines>
			</method>
		</methods>
		<lines>
			<line number="32"  hits="190"  branch="false" />
			<line number="33"  hits="174"  branch="false" />
			<line number="38"  hits="228"  branch="false" />
			<line number="46"  hits="6"  branch="false" />
			<line number="50"  hits="5"  branch="true"  condition-coverage="100% (2/2)" />
			<line number="51"  hits="2"  branch="false" />
			<line number="56"  hits="209"  branch="true"  condition-coverage="100% (2/2)" />
			<line number="57"  hits="17"  branch="false" />
			<line number="62"  hits="5"  branch="false" />
			<line number="63"  hits="3"  branch="false" />
			<line number="64"  hits="3"  branch="false" />
			<line number="68"  hits="13"  branch="false" />
			<line number="69"  hits="12"  branch="true"  condition-coverage="100% (2/2)" />
			<line number="71"  hits="11"  branch="false" />
			<line number="72"  hits="11"  branch="true"  condition-coverage="100% (2/2)" />
			<line number="73"  hits="2"  branch="false" />
			<line number="75"  hits="9"  branch="false" />
			<line number="77"  hits="11"  branch="false" />
			<line number="81"  hits="6"  branch="false" />
			<line number="82"  hits="6"  branch="true"  condition-coverage="100% (2/2)" />
			<line number="84"  hits="5"  branch="false" />
			<line number="85"  hits="5"  branch="true"  condition-coverage="100% (2/2)" />
			<line number="86"  hits="1"  branch="false" />
			<line number="88"  hits="4"  branch="false" />
			<line number="90"  hits="5"  branch="false" />
			<line number="94"  hits="16"  branch="false" />
			<line number="95"  hits="16"  branch="true"  condition-coverage="100% (2/2)" />
			<line number="96"  hits="6"  branch="false" />
			<line number="98"  hits="10"  branch="false" />
		</lines>
		</class>
	</classes>
	</package>
</packages>
</coverage>
